2023-05-22 00:56:44.1389 INFO 
said Last Convertion Transaction : 
 1.
Değişmez ~
Sürdürülebilir ~
Çeşitli ~
Yıpranmış ~
2.
Aşşağılama ~
Hem de ~
Estetik ~
Kaybetmek ~
Küfür ,Lanet ~
3.
Üretici Firma ~
Aynı ~
Virgül ~
İfade etmek ~

2023-05-22 00:57:48.9796 INFO 
said Last Convertion Transaction : 
 1.
Değişmez ~
Sürdürülebilir ~
Çeşitli ~
Yıpranmış ~
2.
Aşşağılama ~
Estetik ~
Kaybetmek ~
Küfür ,Lanet ~
3.
Üretici Firma ~
Aynı ~
Hem de ~
Virgül ~
İfade etmek ~

2023-05-22 00:57:52.8166 INFO 
said Last Convertion Transaction : 
 1.
Değişmez ~
Sürdürülebilir ~
Çeşitli ~
Yıpranmış ~
2.
Aşşağılama ~
Estetik ~
Kaybetmek ~
Küfür ,Lanet ~
3.
Üretici Firma ~
Aynı ~
Virgül ~
İfade etmek ~

