2023-04-12 01:14:14.8345 INFO 
said Last Convertion Transaction : 
 1.
Ara sıra ~
Kaçınılmaz Olarak ~
Bakkal, Market ~
Çoban ~
Devam ,Devam Filmi ~
İlk ~
Yorumlamak ~
2.
Biriktirmek ~
İntikam ~
Bataklık ~
Bundan Dolayı ~
3.
Bahane ~
İç mekan, İç ~
Güçlü ~
Kısa Bilgi ~

2023-04-12 01:18:32.4691 INFO 
said Last Convertion Transaction : 
 1.
Ara sıra ~
Kaçınılmaz Olarak ~
Bakkal, Market ~
Devam ,Devam Filmi ~
2.
Biriktirmek ~
Bundan Dolayı ~
Çoban ~
İlk ~
Yorumlamak ~
3.
İntikam ~
Bahane ~
İç mekan, İç ~
Kısa Bilgi ~
Bataklık ~

2023-04-12 01:22:39.5654 INFO 
said Last Convertion Transaction : 
 1.
Kaçınılmaz Olarak ~
Bakkal, Market ~
Devam ,Devam Filmi ~
2.
Biriktirmek ~
Ara sıra ~
Çoban ~
İlk ~
Yorumlamak ~
3.
İntikam ~
Bahane ~
İç mekan, İç ~
Bataklık ~
Bundan Dolayı ~

2023-04-12 01:25:17.1882 INFO 
said Last Convertion Transaction : 
 1.
Kaçınılmaz Olarak ~
Devam ,Devam Filmi ~
2.
Biriktirmek ~
Ara sıra ~
Bakkal, Market ~
Çoban ~
İlk ~
Yorumlamak ~
3.
İntikam ~
Bahane ~
İç mekan, İç ~
Bataklık ~
Bundan Dolayı ~

