2023-05-25 01:52:37.7012 INFO 
said Last Convertion Transaction : 
 1.
Sürdürülebilir ~
2.
Üretici Firma ~
Çeşitli ~
Kalıcı ~
Yatkın ~
Yas Tutmak ~
Heyecan, Titreme ~
3.
Danışmak ~
İhlal Etme ~
Pusula ~
Geri Çekilmek ~

2023-05-25 23:24:06.1630 INFO 
said Last Convertion Transaction : 
 1.
Üretici Firma ~
Kalıcı ~
2.
Sürdürülebilir ~
Saygın ~
İstifa Etmek ~
Adamak ~
3.
Çeşitli ~
Yatkın ~
Yas Tutmak ~
Heyecan, Titreme ~

2023-05-25 23:24:40.3204 INFO 
said Last Convertion Transaction : 
 1.
Kalıcı ~
2.
Üretici Firma ~
Sürdürülebilir ~
Saygın ~
İstifa Etmek ~
Adamak ~
3.
Çeşitli ~
Yatkın ~
Yas Tutmak ~
Heyecan, Titreme ~

