2023-04-09 00:28:09.5480 INFO 
said Last Convertion Transaction : 
 1.
Biriktirmek ~
Ara sıra ~
2.
İntikam ~
Gözaltı , Tutuklama ~
Perde ~
3.
Karın ~
Levye ~
Galip Gelmek ~
Acınsı ~
Doğaçlama yapmak ~

2023-04-09 18:17:35.8897 INFO 
zeynep Last Convertion Transaction : 
 1.
kopek ~
kedi ~
aslan ~
sadassd ~
saadsds ~

2023-04-09 18:17:49.7560 INFO 
zeynep Last Convertion Transaction : 
 1.
kopek ~
kedi ~
aslan ~
sadassd ~
saadsds ~

2023-04-09 18:17:52.5541 INFO 
zeynep Last Convertion Transaction : 
 1.
kopek ~
kedi ~
aslan ~
sadassd ~
saadsds ~

2023-04-09 18:17:57.5370 INFO 
zeynep Last Convertion Transaction : 
 1.
kopek ~
kedi ~
aslan ~
saadsds ~
2.
sadassd ~

2023-04-09 18:17:59.6028 INFO 
zeynep Last Convertion Transaction : 
 1.
kopek ~
kedi ~
aslan ~
sadassd ~
saadsds ~

2023-04-09 18:18:05.4461 INFO 
zeynep Last Convertion Transaction : 
 1.
kopek ~
kedi ~
aslan ~
saadsds ~
2.
sadassd ~

2023-04-09 18:18:09.1652 INFO 
zeynep Last Convertion Transaction : 
 1.
kopek ~
kedi ~
aslan ~
saadsds ~
3.
sadassd ~

2023-04-09 18:18:12.4430 INFO 
zeynep Last Convertion Transaction : 
 1.
kopek ~
kedi ~
aslan ~
saadsds ~

2023-04-09 18:18:28.3120 INFO 
zeynep Last Convertion Transaction : 
 1.
kopek ~
kedi ~
aslan ~
2.
saadsds ~

2023-04-09 18:18:31.5756 INFO 
zeynep Last Convertion Transaction : 
 1.
kopek ~
kedi ~
aslan ~
3.
saadsds ~

2023-04-09 18:18:34.0567 INFO 
zeynep Last Convertion Transaction : 
 1.
kopek ~
kedi ~
aslan ~

2023-04-09 18:18:40.8661 INFO 
zeynep Last Convertion Transaction : 
 1.
kopek ~
aslan ~
2.
kedi ~

2023-04-09 23:00:50.7860 INFO 
said Last Convertion Transaction : 
 1.
İntikam ~
Ara sıra ~
Kaçınılmaz Olarak ~
Bahane ~
2.
Biriktirmek ~
İç mekan, İç ~
Katlanmak ~
Güçlü ~
Kısa Bilgi ~
3.
Gözaltı , Tutuklama ~
Perde ~

