2023-04-13 01:26:30.6302 INFO 
said Last Convertion Transaction : 
 1.
Kaçınılmaz Olarak ~
Devam ,Devam Filmi ~
Suçlu, Zanlı ~
Legal ~
İlgili ~
2.
Bataklık ~
Katılmak , Kaydolmak ~
3.
Biriktirmek ~
Ara sıra ~
Bakkal, Market ~
Çoban ~
İlk ~
Yorumlamak ~

2023-04-13 01:29:13.6838 INFO 
said Last Convertion Transaction : 
 1.
Kaçınılmaz Olarak ~
Devam ,Devam Filmi ~
Suçlu, Zanlı ~
Legal ~
İlgili ~
2.
Bataklık ~
Katılmak , Kaydolmak ~
3.
Biriktirmek ~
Ara sıra ~
Bakkal, Market ~
Çoban ~
İlk ~
Yorumlamak ~

2023-04-13 01:29:31.0233 INFO 
said Last Convertion Transaction : 
 1.
Kaçınılmaz Olarak ~
Devam ,Devam Filmi ~
Suçlu, Zanlı ~
Legal ~
İlgili ~
2.
Bataklık ~
Katılmak , Kaydolmak ~
3.
Biriktirmek ~
Ara sıra ~
Bakkal, Market ~
Çoban ~
İlk ~
Yorumlamak ~

2023-04-13 01:30:02.1407 INFO 
said Last Convertion Transaction : 
 1.
Kaçınılmaz Olarak ~
Devam ,Devam Filmi ~
Legal ~
İlgili ~
2.
Bataklık ~
Katılmak , Kaydolmak ~
Suçlu, Zanlı ~
3.
Biriktirmek ~
Ara sıra ~
Bakkal, Market ~
Çoban ~
İlk ~
Yorumlamak ~

2023-04-13 01:30:36.6675 INFO 
said Last Convertion Transaction : 
 1.
Kaçınılmaz Olarak ~
Devam ,Devam Filmi ~
Legal ~
İlgili ~
2.
Bataklık ~
Katılmak , Kaydolmak ~
Suçlu, Zanlı ~
3.
Biriktirmek ~
Ara sıra ~
Bakkal, Market ~
Çoban ~
İlk ~
Yorumlamak ~

2023-04-13 23:57:26.0692 INFO 
said Last Convertion Transaction : 
 1.
Kaçınılmaz Olarak ~
Legal ~
2.
Devam ,Devam Filmi ~
Yorumlamak ~
İlgili ~
Saman Alevi ~
Sağ Duyu ~
Endişe ~
Yuvarlamak, Yuvarlanmak ~
3.
Bataklık ~
Katılmak , Kaydolmak ~
Suçlu, Zanlı ~

