2023-05-12 00:03:27.5166 INFO said  Logged out
2023-05-12 00:04:19.3535 INFO said  Loged
2023-05-12 00:04:33.8523 INFO said  Logged out
2023-05-12 00:16:57.9692 INFO said  Loged
2023-05-12 00:17:09.4242 INFO said  Logged out
2023-05-12 00:18:01.8520 INFO said  Loged
2023-05-12 00:18:37.8601 INFO said  Logged out
2023-05-12 00:19:19.2530 INFO said  Loged
2023-05-12 00:19:29.9337 INFO said  Logged out
2023-05-12 00:21:12.9869 INFO said  Loged
2023-05-12 00:21:28.5782 INFO said  Logged out
2023-05-12 00:22:24.9621 INFO said  Loged
2023-05-12 00:23:46.4452 INFO said  Loged
2023-05-12 00:24:20.9593 INFO said  Logged out
2023-05-12 00:25:35.3706 INFO said  Loged
2023-05-12 00:25:47.7786 INFO said  Logged out
2023-05-12 00:29:02.4512 INFO said  Loged
2023-05-12 00:30:02.3182 INFO said  Logged out
2023-05-12 00:32:40.1920 INFO said  Loged
2023-05-12 00:32:50.9930 INFO said  Logged out
2023-05-12 02:14:02.2258 INFO said  Loged
2023-05-12 02:31:48.9233 INFO said  Logged out
2023-05-12 17:31:19.6470 INFO said  Loged
2023-05-12 23:06:37.8267 INFO said  Logged out
2023-05-12 23:49:53.9280 INFO said  Loged
2023-05-12 23:58:18.5767 INFO  compass is added to LearnedWords
2023-05-12 23:58:38.7920 INFO  consult is added to LearnedWords
2023-05-12 23:59:32.3755 INFO  repetitive is added to LearnedWords
