2023-03-10 01:44:21.5435 INFO said  Loged
2023-03-10 01:56:39.0173 INFO  candidate is added to LearnedWords
2023-03-10 01:58:54.6558 INFO  constraint is added to LearnedWords
2023-03-10 02:01:17.3415 INFO  insured is added to LearnedWords
2023-03-10 02:04:11.2432 INFO  dull is added to LearnedWords
2023-03-10 02:11:45.6749 INFO said  Logged out
2023-03-10 02:15:12.4410 INFO said  Loged
2023-03-10 15:12:40.4473 INFO said  Loged
2023-03-10 15:13:06.0505 INFO said  Logged out
2023-03-10 15:41:45.4132 INFO said  Loged
2023-03-10 15:45:27.7160 INFO said  Loged
2023-03-10 15:45:48.4083 INFO said  Logged out
2023-03-10 15:54:11.5085 INFO said  Loged
2023-03-10 16:00:55.8790 INFO said  Loged
2023-03-10 16:01:20.1327 INFO said  Logged out
2023-03-10 16:04:27.8596 INFO said  Loged
2023-03-10 16:04:49.9099 INFO said  Logged out
2023-03-10 16:05:23.2718 INFO said  Loged
2023-03-10 16:05:32.3181 INFO said  Logged out
2023-03-10 16:05:56.1842 INFO said  Loged
2023-03-10 16:06:16.0799 INFO said  Logged out
2023-03-10 16:06:44.3953 INFO said  Loged
2023-03-10 16:07:18.3015 INFO said  Loged
2023-03-10 16:07:54.6279 INFO said  Logged out
2023-03-10 16:08:06.6523 INFO said  Loged
2023-03-10 16:08:19.0613 INFO said  Logged out
2023-03-10 16:11:56.0964 INFO said  Loged
2023-03-10 16:15:23.6206 INFO said  Logged out
