2023-04-15 02:03:39.7507 INFO said  Loged
2023-04-15 02:18:17.3038 INFO  skull is added to LearnedWords
2023-04-15 02:19:21.1387 INFO  suntan is added to LearnedWords
2023-04-15 02:20:05.5692 INFO  blink is added to LearnedWords
2023-04-15 02:20:32.1940 INFO  addicted is added to LearnedWords
2023-04-15 14:02:20.3068 INFO said  Loged
2023-04-15 14:57:28.3314 INFO said  Logged out
2023-04-15 15:02:35.3650 INFO said  Loged
2023-04-15 15:03:06.1088 INFO said  Logged out
2023-04-15 15:32:15.5188 INFO said  Loged
2023-04-15 15:33:22.2401 INFO zeynep  Loged
2023-04-15 15:37:24.6301 INFO zeynep  Loged
2023-04-15 15:37:31.5348 INFO zeynep  Logged out
2023-04-15 15:37:57.2973 INFO zeynep  Loged
2023-04-15 15:38:01.3682 INFO zeynep  Logged out
2023-04-15 15:40:38.0159 INFO zeynep  Loged
2023-04-15 15:40:56.3017 INFO zeynep  Logged out
2023-04-15 15:41:26.3089 INFO zeynep  Loged
2023-04-15 15:41:45.6112 INFO zeynep  Logged out
2023-04-15 15:43:42.4595 INFO zeynep  Loged
2023-04-15 15:43:50.0860 INFO zeynep  Logged out
2023-04-15 15:44:54.7920 INFO zeynep  Loged
2023-04-15 15:45:01.5877 INFO zeynep  Logged out
2023-04-15 15:45:37.9101 INFO zeynep  Loged
2023-04-15 15:46:08.1453 INFO zeynep  Logged out
2023-04-15 15:48:21.6919 INFO zeynep  Loged
2023-04-15 15:48:56.7261 INFO zeynep  Logged out
2023-04-15 15:50:52.0871 INFO zeynep  Loged
2023-04-15 15:51:14.9160 INFO zeynep  Logged out
2023-04-15 15:56:23.7484 INFO zeynep  Loged
2023-04-15 15:57:06.5291 INFO zeynep  Logged out
2023-04-15 15:57:30.6895 INFO said  Loged
2023-04-15 15:57:55.4597 INFO said  Loged
2023-04-15 15:57:58.3561 INFO said  Logged out
2023-04-15 15:58:19.0329 INFO said  Loged
2023-04-15 15:58:28.8685 INFO said  Logged out
2023-04-15 15:58:44.0538 INFO said  Loged
2023-04-15 15:58:52.3774 INFO said  Logged out
2023-04-15 15:59:08.6007 INFO said  Loged
2023-04-15 15:59:14.9587 INFO said  Logged out
2023-04-15 15:59:29.6226 INFO said  Loged
2023-04-15 15:59:56.9187 INFO said  Logged out
