2023-03-04 01:11:33.0367 INFO said  Loged
2023-03-04 01:13:41.4641 INFO  leap is added to LearnedWords
2023-03-04 01:14:19.5198 INFO  isolate is added to LearnedWords
2023-03-04 01:15:03.0279 INFO  confidential is added to LearnedWords
2023-03-04 01:27:15.9040 INFO  mug is added to LearnedWords
2023-03-04 01:28:47.0654 INFO  maintenance is added to LearnedWords
2023-03-04 01:30:30.8623 INFO  manner is added to LearnedWords
2023-03-04 01:33:37.6912 INFO  funeral is added to LearnedWords
2023-03-04 01:34:53.7045 INFO said  Logged out
2023-03-04 02:42:35.9802 INFO said  Loged
2023-03-04 03:09:58.5741 INFO said  Logged out
2023-03-04 13:12:28.7460 INFO said  Loged
2023-03-04 13:13:10.7953 INFO said  Logged out
2023-03-04 13:43:45.1033 INFO said  Loged
2023-03-04 13:46:49.5508 INFO said  Loged
2023-03-04 13:48:53.9329 INFO said  Loged
2023-03-04 13:49:06.6994 INFO said  Logged out
2023-03-04 13:53:11.4531 INFO said  Loged
2023-03-04 13:53:25.6009 INFO said  Logged out
2023-03-04 13:54:50.5102 INFO said  Loged
2023-03-04 13:55:01.1447 INFO said  Logged out
2023-03-04 13:56:22.5479 INFO said  Loged
2023-03-04 13:56:28.7508 INFO said  Logged out
2023-03-04 13:58:21.8338 INFO said  Loged
2023-03-04 13:58:36.7503 INFO said  Logged out
2023-03-04 14:06:16.4132 INFO said  Loged
2023-03-04 14:06:17.8491 INFO said  Logged out
2023-03-04 14:07:18.2755 INFO said  Loged
2023-03-04 14:07:44.5564 INFO said  Logged out
2023-03-04 14:10:05.0926 INFO said  Loged
2023-03-04 14:10:06.4566 INFO said  Logged out
2023-03-04 14:10:13.7498 INFO said  Loged
2023-03-04 14:10:52.8938 INFO said  Logged out
