2023-05-24 00:55:34.9106 INFO said  Loged
2023-05-24 01:08:47.0133 INFO  curl up is added to LearnedWords
2023-05-24 01:09:37.9626 INFO  insult is added to LearnedWords
2023-05-24 01:10:48.2310 INFO  acquire is added to LearnedWords
2023-05-24 01:10:56.2661 INFO said  Logged out
2023-05-24 01:20:21.3070 INFO said  Loged
2023-05-24 01:20:35.7169 INFO said  Logged out
2023-05-24 01:21:35.7930 INFO said  Loged
2023-05-24 01:21:49.5289 INFO said  Logged out
2023-05-24 01:22:52.5887 INFO said  Loged
2023-05-24 01:23:15.4179 INFO said  Logged out
2023-05-24 01:27:17.8990 INFO said  Loged
2023-05-24 01:27:44.2710 INFO said  Logged out
2023-05-24 01:35:42.7699 INFO said  Loged
2023-05-24 01:36:42.1216 INFO said  Logged out
2023-05-24 01:40:56.9691 INFO said  Loged
2023-05-24 01:41:10.3551 INFO said  Logged out
2023-05-24 01:42:19.9001 INFO said  Loged
2023-05-24 01:42:44.1507 INFO said  Logged out
2023-05-24 01:46:04.1162 INFO said  Loged
2023-05-24 01:47:06.7359 INFO said  Logged out
2023-05-24 01:49:13.6659 INFO said  Loged
2023-05-24 01:49:36.2095 INFO said  Logged out
