2023-03-13 02:34:48.5171 INFO said  Loged
2023-03-13 03:23:52.8441 INFO  namely is added to LearnedWords
2023-03-13 03:25:32.0301 INFO  awkward is added to LearnedWords
2023-03-13 03:25:51.4882 INFO  slam is added to LearnedWords
2023-03-13 03:26:31.8757 INFO said  Logged out
2023-03-13 03:27:04.4684 INFO said  Loged
2023-03-13 03:29:26.2321 INFO  insured was Deleted 
2023-03-13 03:29:41.4837 INFO  insure is added to LearnedWords
2023-03-13 03:37:00.2020 INFO said  Logged out
2023-03-13 14:09:07.2162 INFO said  Loged
2023-03-13 18:11:25.3740 INFO said  Logged out
2023-03-13 22:19:15.3012 INFO said  Loged
2023-03-13 22:20:19.8807 INFO said  Loged
2023-03-13 22:23:17.5685 INFO said  Logged out
2023-03-13 22:24:14.3384 INFO said  Loged
2023-03-13 22:25:01.0849 INFO said  Logged out
2023-03-13 22:26:44.7212 INFO said  Loged
2023-03-13 22:27:17.9570 INFO said  Logged out
2023-03-13 22:29:34.8942 INFO said  Loged
2023-03-13 22:30:49.9079 INFO said  Logged out
2023-03-13 23:38:24.1548 INFO said  Loged
2023-03-13 23:43:35.7685 INFO said  Loged
2023-03-13 23:43:38.4792 INFO said  Logged out
2023-03-13 23:44:05.3374 INFO said  Loged
2023-03-13 23:51:13.2662 INFO said  Logged out
2023-03-13 23:57:01.9961 INFO said  Loged
