2023-03-15 00:16:45.3272 INFO said  Loged
2023-03-15 00:21:06.3258 INFO  retrieve is added to LearnedWords
2023-03-15 00:22:38.5608 INFO said  Logged out
2023-03-15 00:41:07.5953 INFO said  Loged
2023-03-15 00:44:01.7464 INFO said  Loged
2023-03-15 00:45:11.9333 INFO said  Loged
2023-03-15 00:45:35.5793 INFO said  Loged
2023-03-15 00:48:10.9721 INFO said  Loged
2023-03-15 00:51:08.9052 INFO said  Loged
2023-03-15 00:52:20.5205 INFO said  Loged
2023-03-15 00:53:28.1712 INFO said  Loged
2023-03-15 00:54:32.5642 INFO said  Loged
2023-03-15 00:54:56.0966 INFO said  Loged
2023-03-15 00:55:05.9187 INFO said  Logged out
2023-03-15 01:01:54.1602 INFO said  Loged
2023-03-15 01:02:11.1121 INFO said  Logged out
2023-03-15 01:14:47.6241 INFO said  Loged
2023-03-15 01:20:32.9607 INFO  hypocrisy is added to LearnedWords
2023-03-15 01:22:46.7900 INFO  versatile is added to LearnedWords
2023-03-15 01:23:37.0100 WARN Link could not be accessed : https://wordsapiv1.p.rapidapi.com/words/blast it/examples
2023-03-15 01:25:43.4039 INFO  counsellor is added to LearnedWords
2023-03-15 01:28:32.2060 INFO said  Logged out
2023-03-15 01:30:24.6753 INFO said  Loged
2023-03-15 01:32:23.8904 INFO said  Loged
2023-03-15 01:34:58.1589 INFO said  Loged
2023-03-15 01:35:22.1442 INFO said  Logged out
