2023-02-25 01:42:52.8495 INFO said  Loged
2023-02-25 01:42:59.1376 INFO said  Logged out
2023-02-25 01:51:34.3488 INFO said  Loged
2023-02-25 01:54:00.2888 INFO said  Loged
2023-02-25 01:57:16.2597 INFO said  Loged
2023-02-25 01:58:56.4969 INFO said  Loged
2023-02-25 01:59:00.7868 WARN Link could not be accessed : https://wordsapiv1.p.rapidapi.com/words/hantle/examples
2023-02-25 01:59:02.1247 WARN Link could not be accessed : https://wordsapiv1.p.rapidapi.com/words/hantle/examples
2023-02-25 02:04:21.2077 INFO said  Loged
2023-02-25 02:05:37.2790 WARN Link could not be accessed : https://wordsapiv1.p.rapidapi.com/words/dentural/examples
2023-02-25 02:05:40.0949 WARN Link could not be accessed : https://wordsapiv1.p.rapidapi.com/words/dentural/examples
2023-02-25 02:06:58.6638 INFO said  Loged
2023-02-25 02:25:38.2264 INFO said  Loged
2023-02-25 02:27:15.7603 INFO said  Logged out
2023-02-25 02:28:15.2530 INFO said  Loged
2023-02-25 02:36:17.5586 INFO said  Loged
2023-02-25 02:44:54.4400 INFO said  Loged
2023-02-25 02:47:17.0325 INFO Random 316 Words Added 
 Basic : 4,Regular : 12 ,Rare : 34
2023-02-25 02:48:45.9505 INFO Random 99 Words Added 
 Basic : 0,Regular : 6 ,Rare : 14
2023-02-25 03:10:05.5922 INFO said  Loged
2023-02-25 03:24:25.2704 INFO  interference is added to LearnedWords
2023-02-25 03:33:35.0629 INFO  accidentally is added to LearnedWords
2023-02-25 03:34:08.3309 INFO  Cursor is added to LearnedWords
2023-02-25 03:34:47.7479 INFO  innocent is added to LearnedWords
2023-02-25 03:36:37.7817 INFO said  Logged out
