2023-03-21 01:53:41.3388 INFO said  Loged
2023-03-21 02:06:08.2106 INFO  consist is added to LearnedWords
2023-03-21 02:12:23.2561 INFO  puddle is added to LearnedWords
2023-03-21 02:13:40.6878 INFO  culprit is added to LearnedWords
2023-03-21 02:14:18.7908 INFO said  Logged out
2023-03-21 02:16:51.9459 INFO said  Loged
2023-03-21 02:56:23.5421 INFO said  Logged out
2023-03-21 13:30:56.4272 INFO said  Loged
2023-03-21 14:54:53.5013 INFO said  Logged out
2023-03-21 15:01:23.4210 INFO said  Loged
2023-03-21 15:07:37.6446 INFO said  Loged
2023-03-21 15:07:50.3787 INFO said  Logged out
2023-03-21 15:17:12.3705 INFO zeynep   Loged
2023-03-21 15:17:42.9345 INFO zeynep   Logged out
2023-03-21 15:17:50.3749 INFO said  Loged
2023-03-21 16:09:18.1454 INFO said  Logged out
2023-03-21 16:23:09.8739 INFO zeynep  Loged
2023-03-21 16:24:22.6293 INFO zeynep  Logged out
2023-03-21 16:36:57.5644 INFO zeynep  Loged
2023-03-21 16:38:19.2749 INFO zeynep  Loged
2023-03-21 16:39:37.1859 INFO zeynep  Loged
2023-03-21 16:40:50.6610 INFO zeynep  Loged
2023-03-21 16:43:06.5157 INFO zeynep  Loged
2023-03-21 16:44:07.9487 INFO zeynep  Loged
2023-03-21 16:44:56.2250 INFO zeynep  Logged out
2023-03-21 16:46:18.0957 INFO zeynep  Loged
2023-03-21 16:48:11.7075 INFO zeynep  Loged
2023-03-21 16:48:54.3817 INFO zeynep  Loged
2023-03-21 16:49:32.7698 INFO zeynep  Logged out
2023-03-21 16:50:13.7991 INFO zeynep  Loged
2023-03-21 16:52:10.8931 INFO zeynep  Loged
2023-03-21 16:52:42.5674 INFO zeynep  Logged out
2023-03-21 16:53:01.7442 INFO zeynep  Loged
2023-03-21 16:53:50.7756 INFO zeynep  Logged out
2023-03-21 16:59:49.5465 INFO zeynep  Loged
2023-03-21 17:00:15.8793 INFO zeynep  Logged out
2023-03-21 17:00:51.4376 INFO zeynep  Loged
2023-03-21 17:02:53.3370 INFO zeynep  Logged out
2023-03-21 21:33:10.7124 INFO zeynep  Loged
2023-03-21 21:33:59.1469 INFO zeynep  Logged out
