2023-03-06 01:11:13.7888 INFO said  Loged
2023-03-06 01:12:42.9638 INFO  precious is added to LearnedWords
2023-03-06 01:40:01.3776 INFO  bury is added to LearnedWords
2023-03-06 01:40:59.7133 INFO  bush is added to LearnedWords
2023-03-06 01:41:05.8402 WARN Link could not be accessed : https://wordsapiv1.p.rapidapi.com/words/bankrupting/examples
2023-03-06 01:41:16.0204 INFO  bankrupt is added to LearnedWords
2023-03-06 01:41:30.6223 INFO  bankrupt was Deleted 
2023-03-06 01:41:29.5603 WARN Link could not be accessed : https://wordsapiv1.p.rapidapi.com/words/bankrupting/examples
2023-03-06 01:42:57.6225 INFO  bankrupt is added to LearnedWords
2023-03-06 01:46:29.3691 INFO said  Logged out
2023-03-06 13:45:09.6707 INFO said  Loged
2023-03-06 13:45:48.2588 INFO said  Logged out
2023-03-06 13:58:16.9296 INFO said  Loged
2023-03-06 15:35:18.8943 INFO said  Logged out
2023-03-06 16:15:27.0669 INFO said  Loged
2023-03-06 16:16:09.5397 INFO said  Logged out
2023-03-06 19:05:17.8397 INFO  herbiri is added to AdminsDB
2023-03-06 19:09:38.5273 INFO  herbiri is added to AdminsDB
2023-03-06 19:16:37.6643 INFO said  Loged
2023-03-06 19:16:44.2687 INFO said  Logged out
2023-03-06 19:18:06.1823 INFO  herbiri is added to AdminsDB
2023-03-06 19:19:57.2344 INFO  herbiri is added to AdminsDB
