2023-02-22 00:01:34.3570 INFO said  Loged
2023-02-22 00:01:40.1801 INFO said  Logged out
2023-02-22 02:14:58.8625 INFO said  Loged
2023-02-22 02:16:11.2783 INFO  oppose is added to LearnedWords
2023-02-22 02:30:00.0948 INFO  wicked is added to LearnedWords
2023-02-22 02:31:04.8615 INFO  butter is added to LearnedWords
2023-02-22 02:31:59.3380 INFO  agriculture is added to LearnedWords
2023-02-22 02:47:59.2844 INFO  downtown is added to LearnedWords
2023-02-22 02:49:57.1879 INFO  internal is added to LearnedWords
2023-02-22 02:52:42.1857 INFO  stench is added to LearnedWords
2023-02-22 02:59:15.0659 INFO said  Logged out
2023-02-22 03:01:13.8289 INFO said  Loged
2023-02-22 03:02:57.5801 INFO said  Logged out
2023-02-22 13:26:39.3208 INFO said  Loged
2023-02-22 13:29:20.4009 INFO said  Loged
2023-02-22 13:32:05.5810 INFO said  Loged
2023-02-22 13:33:59.6341 INFO said  Loged
2023-02-22 13:37:29.9110 INFO said  Logged out
2023-02-22 13:39:25.9419 INFO said  Loged
2023-02-22 13:39:46.4290 INFO said  Logged out
2023-02-22 13:56:12.4489 INFO said  Loged
2023-02-22 13:57:07.5791 INFO said  Loged
2023-02-22 13:57:59.8552 INFO said  Logged out
2023-02-22 13:59:03.6532 INFO said  Loged
2023-02-22 13:59:26.8712 INFO said  Logged out
2023-02-22 14:02:19.8582 INFO said  Loged
2023-02-22 14:02:30.2823 INFO said  Logged out
2023-02-22 14:03:49.3330 INFO said  Loged
2023-02-22 14:03:53.1588 INFO said  Logged out
2023-02-22 14:04:24.9786 INFO said  Loged
2023-02-22 14:04:33.4076 INFO said  Logged out
2023-02-22 14:05:24.9909 INFO said  Loged
2023-02-22 14:05:34.4482 INFO said  Logged out
2023-02-22 14:05:52.2544 INFO said  Loged
2023-02-22 14:06:52.9059 INFO said  Logged out
2023-02-22 14:11:47.6860 INFO said  Loged
2023-02-22 14:13:06.0281 INFO said  Logged out
2023-02-22 14:25:01.2128 INFO said  Loged
2023-02-22 14:26:15.1901 INFO said  Logged out
2023-02-22 14:29:12.2099 INFO said  Loged
2023-02-22 14:29:21.7557 WARN Link could not be accessed : https://wordsapiv1.p.rapidapi.com/words/surplussed/examples
2023-02-22 14:29:23.4844 WARN Link could not be accessed : https://wordsapiv1.p.rapidapi.com/words/bedeafening/examples
2023-02-22 14:29:25.1336 WARN Link could not be accessed : https://wordsapiv1.p.rapidapi.com/words/desulfuring/examples
2023-02-22 14:29:26.5617 WARN Link could not be accessed : https://wordsapiv1.p.rapidapi.com/words/agribusinessmen/examples
2023-02-22 14:29:28.4493 WARN Link could not be accessed : https://wordsapiv1.p.rapidapi.com/words/morphed/examples
2023-02-22 14:29:29.1494 WARN Link could not be accessed : https://wordsapiv1.p.rapidapi.com/words/affronting/examples
2023-02-22 14:29:37.6121 WARN Link could not be accessed : https://wordsapiv1.p.rapidapi.com/words/guggled/examples
2023-02-22 14:29:42.0561 WARN Link could not be accessed : https://wordsapiv1.p.rapidapi.com/words/klik/examples
2023-02-22 14:29:43.0953 WARN Link could not be accessed : https://wordsapiv1.p.rapidapi.com/words/dogears/examples
2023-02-22 14:29:43.9154 WARN Link could not be accessed : https://wordsapiv1.p.rapidapi.com/words/prechecking/examples
2023-02-22 14:36:07.6962 INFO said  Logged out
