2023-03-18 00:14:01.4280 INFO said  Loged
2023-03-18 00:14:53.0174 INFO said  Logged out
2023-03-18 00:15:52.2883 INFO said  Loged
2023-03-18 00:16:14.6554 INFO said  Logged out
2023-03-18 00:16:49.6237 INFO said  Loged
2023-03-18 00:18:48.9852 INFO said  Loged
2023-03-18 00:18:58.8567 INFO said  Logged out
2023-03-18 00:19:44.0966 INFO said  Loged
2023-03-18 00:22:47.2097 INFO said  Loged
2023-03-18 00:25:03.3405 INFO said  Loged
2023-03-18 00:25:25.3412 INFO said  Logged out
2023-03-18 00:27:31.8149 INFO said  Loged
2023-03-18 00:27:48.1886 INFO said  Logged out
2023-03-18 00:28:13.6361 INFO said  Loged
2023-03-18 00:34:00.4861 INFO said  Logged out
2023-03-18 00:35:21.7950 INFO said  Loged
2023-03-18 00:36:55.6773 INFO said  Loged
2023-03-18 00:37:01.2208 INFO said  Logged out
2023-03-18 00:37:21.6875 INFO said  Loged
2023-03-18 00:37:50.6932 INFO said  Logged out
2023-03-18 00:38:14.4081 INFO said  Loged
2023-03-18 00:38:50.6968 INFO said  Loged
2023-03-18 00:41:34.0451 INFO said  Loged
2023-03-18 00:41:57.8864 INFO said  Loged
2023-03-18 00:43:53.5947 INFO said  Loged
2023-03-18 00:44:17.3333 INFO said  Loged
2023-03-18 00:44:33.5178 INFO said  Logged out
2023-03-18 00:45:39.0240 INFO said  Loged
2023-03-18 00:47:41.0066 INFO said  Logged out
2023-03-18 01:29:45.0795 INFO zeynep  Loged
2023-03-18 01:34:03.2050 INFO said  Loged
2023-03-18 01:34:08.4915 INFO said  Logged out
2023-03-18 01:34:21.1550 INFO zeynep  Loged
2023-03-18 01:35:44.2651 INFO zeynep  Loged
2023-03-18 01:36:31.4627 INFO zeynep  Loged
2023-03-18 01:38:20.0846 INFO zeynep  Loged
2023-03-18 01:39:06.2326 INFO zeynep  Logged out
2023-03-18 01:39:18.7263 INFO said  Loged
2023-03-18 01:39:23.5866 INFO said  Logged out
2023-03-18 02:02:13.4686 INFO said  Loged
2023-03-18 02:02:18.2606 INFO said  Logged out
2023-03-18 02:02:33.3389 INFO zeynep  Loged
2023-03-18 02:02:44.5626 INFO zeynep  Logged out
2023-03-18 02:06:53.8461 INFO said  Loged
2023-03-18 02:06:56.8320 INFO said  Logged out
2023-03-18 02:07:10.1622 INFO zeynep  Loged
2023-03-18 02:08:46.4933 INFO zeynep  Loged
2023-03-18 02:11:06.7653 INFO zeynep  Loged
2023-03-18 02:12:38.6039 INFO zeynep  Loged
2023-03-18 02:24:43.3952 INFO zeynep  Logged out
2023-03-18 02:31:21.5975 INFO said  Loged
2023-03-18 02:31:51.0570 INFO said  Logged out
2023-03-18 02:53:56.8696 INFO said  Loged
2023-03-18 03:06:26.4553 INFO  purse is added to LearnedWords
2023-03-18 03:08:38.7563 INFO  claw is added to LearnedWords
2023-03-18 03:09:15.4291 INFO  endure is added to LearnedWords
2023-03-18 03:09:59.1101 INFO said  Logged out
2023-03-18 03:10:22.2559 INFO zeynep  Loged
2023-03-18 03:11:16.7336 INFO zeynep  Logged out
