2023-03-05 00:14:33.4889 INFO said  Loged
2023-03-05 00:55:55.4785 INFO  consequent is added to LearnedWords
2023-03-05 00:56:45.9279 INFO  intense is added to LearnedWords
2023-03-05 00:58:20.8333 INFO  butcher is added to LearnedWords
2023-03-05 00:58:55.4271 INFO  excessive is added to LearnedWords
2023-03-05 01:09:49.5794 INFO  adorable is added to LearnedWords
2023-03-05 01:11:25.9231 INFO  desperate is added to LearnedWords
2023-03-05 01:12:49.4821 INFO  reputation is added to LearnedWords
2023-03-05 01:13:19.4262 INFO said  Logged out
2023-03-05 01:29:48.9901 INFO said  Loged
2023-03-05 01:32:29.4927 INFO said  Logged out
2023-03-05 01:33:29.2898 INFO said  Loged
2023-03-05 01:38:46.6825 INFO said  Logged out
2023-03-05 16:49:24.8623 INFO said  Loged
2023-03-05 16:49:28.1761 INFO said  Logged out
2023-03-05 18:01:22.9076 FATAL System couldn't access to DB
2023-03-05 18:02:25.3228 FATAL System couldn't access to DB
2023-03-05 18:02:38.0429 INFO said  Loged
2023-03-05 18:02:39.4976 INFO said  Logged out
2023-03-05 18:02:42.9608 FATAL System couldn't access to DB
2023-03-05 18:02:50.0099 INFO said  Loged
2023-03-05 18:02:54.5771 INFO said  Logged out
2023-03-05 18:02:56.0609 FATAL System couldn't access to DB
2023-03-05 18:03:12.4169 FATAL System couldn't access to DB
2023-03-05 18:04:03.9207 FATAL System couldn't access to DB
2023-03-05 18:04:15.8070 INFO said  Loged
2023-03-05 18:04:21.8555 INFO said  Logged out
2023-03-05 18:12:32.7586 FATAL System couldn't access to DB
2023-03-05 18:12:43.1329 INFO said  Loged
2023-03-05 18:12:53.5716 INFO said  Logged out
2023-03-05 18:16:22.1027 FATAL System couldn't access to DB
2023-03-05 18:16:30.8560 INFO said  Loged
2023-03-05 18:16:46.1967 INFO said  Logged out
2023-03-05 18:17:07.2308 FATAL System couldn't access to DB
2023-03-05 18:17:14.3829 FATAL System couldn't access to DB
2023-03-05 18:17:52.9657 FATAL System couldn't access to DB
2023-03-05 18:32:34.8556 INFO said  Loged
2023-03-05 18:32:47.0053 INFO said  Logged out
2023-03-05 18:33:17.6294 INFO said  Loged
2023-03-05 18:33:33.7592 INFO said  Logged out
