2023-05-25 00:29:58.0285 INFO said  Loged
2023-05-25 00:30:14.8003 INFO said  Logged out
2023-05-25 00:34:07.9273 INFO zeynep  Loged
2023-05-25 00:34:17.8955 INFO zeynep  Logged out
2023-05-25 00:34:34.2792 INFO zeynep  Loged
2023-05-25 00:34:41.9970 INFO zeynep  Logged out
2023-05-25 00:35:02.2003 INFO zeynep  Loged
2023-05-25 00:35:31.3887 INFO zeynep  Logged out
2023-05-25 00:43:19.1995 INFO said  Loged
2023-05-25 00:45:01.5031 INFO said  Logged out
2023-05-25 00:48:03.9964 INFO said  Loged
2023-05-25 01:09:46.8260 INFO said  Logged out
2023-05-25 01:11:58.0397 INFO zeynep  Loged
2023-05-25 01:12:10.8696 INFO zeynep  Logged out
2023-05-25 01:12:40.1998 INFO zeynep  Loged
2023-05-25 01:14:21.5293 INFO zeynep  Logged out
2023-05-25 01:15:32.8251 INFO zeynep  Loged
2023-05-25 01:16:10.3773 INFO zeynep  Logged out
2023-05-25 01:17:26.1516 INFO said  Loged
2023-05-25 01:19:00.6262 INFO said  Logged out
2023-05-25 01:20:00.0125 INFO said  Loged
2023-05-25 01:20:22.3805 INFO said  Logged out
2023-05-25 01:21:03.0758 INFO zeynep  Loged
2023-05-25 01:21:19.9197 INFO zeynep  Logged out
2023-05-25 01:21:45.9223 INFO zeynep  Loged
2023-05-25 01:23:16.5631 INFO zeynep  Logged out
2023-05-25 01:50:50.4494 INFO said  Loged
2023-05-25 01:59:58.3466 INFO  convey is added to LearnedWords
2023-05-25 02:15:44.0538 INFO said  Logged out
2023-05-25 13:25:55.0938 INFO said  Loged
2023-05-25 13:30:43.1775 INFO said  Logged out
2023-05-25 23:22:44.7450 INFO said  Loged
2023-05-25 23:31:57.9321 INFO  rehearsal is added to LearnedWords
2023-05-25 23:33:28.3423 INFO  rampage is added to LearnedWords
2023-05-25 23:34:46.8117 INFO  mention is added to LearnedWords
2023-05-25 23:34:53.2269 INFO said  Logged out
2023-05-25 23:37:18.2184 INFO said  Loged
