2023-03-11 00:36:37.2885 INFO said  Loged
2023-03-11 00:41:40.0997 INFO said  Logged out
2023-03-11 00:42:40.3136 INFO said  Loged
2023-03-11 00:56:06.2142 INFO  wreck is added to LearnedWords
2023-03-11 00:57:01.8036 INFO  misfortune is added to LearnedWords
2023-03-11 00:58:05.7436 INFO  unresponsive is added to LearnedWords
2023-03-11 03:32:22.6469 INFO said  Logged out
2023-03-11 14:08:05.4629 INFO said  Loged
2023-03-11 14:08:11.2998 INFO said  Logged out
2023-03-11 15:14:41.3546 INFO said  Loged
2023-03-11 15:15:35.4761 INFO said  Logged out
2023-03-11 15:18:38.4600 INFO said  Loged
2023-03-11 15:18:42.2500 INFO said  Logged out
2023-03-11 15:20:26.2232 INFO said  Loged
2023-03-11 15:20:29.7590 INFO said  Logged out
2023-03-11 15:21:00.4025 INFO said  Loged
2023-03-11 15:21:06.5865 INFO said  Logged out
2023-03-11 22:50:36.2016 INFO said  Loged
2023-03-11 23:04:12.0770 INFO said  Logged out
2023-03-11 23:17:46.2715 INFO said  Loged
