2023-06-03 01:09:28.8263 INFO said  Loged
2023-06-03 01:18:11.8526 INFO  orphan is added to LearnedWords
2023-06-03 01:18:40.4424 INFO  wrath is added to LearnedWords
2023-06-03 01:19:41.6811 INFO  handcuff is added to LearnedWords
2023-06-03 01:19:46.3580 INFO said  Logged out
2023-06-03 01:38:40.5208 INFO said  Loged
2023-06-03 03:07:07.9625 INFO said  Logged out
2023-06-03 14:30:39.0381 INFO said  Loged
2023-06-03 14:32:23.0626 INFO said  Loged
2023-06-03 14:32:47.9208 INFO said  Logged out
2023-06-03 14:35:02.9221 INFO said  Loged
2023-06-03 14:36:42.0308 INFO said  Loged
2023-06-03 14:38:35.1148 INFO said  Loged
2023-06-03 14:40:06.1054 INFO said  Loged
2023-06-03 14:40:13.2811 INFO said  Logged out
2023-06-03 14:41:15.0082 INFO said  Loged
2023-06-03 14:56:07.6305 INFO said  Logged out
2023-06-03 14:57:34.0605 INFO said  Loged
2023-06-03 14:57:47.4576 INFO said  Logged out
2023-06-03 15:22:21.4937 INFO said  Loged
2023-06-03 15:22:33.7057 INFO said  Logged out
2023-06-03 15:26:03.7233 INFO said  Loged
2023-06-03 16:38:09.7329 INFO said  Loged
2023-06-03 19:24:48.6317 INFO said  Logged out
