2023-03-23 00:26:03.2135 INFO said  Loged
2023-03-23 00:26:42.2361 INFO said  Logged out
2023-03-23 00:53:51.3514 INFO said  Loged
2023-03-23 01:10:43.0537 INFO  benchmark is added to LearnedWords
2023-03-23 01:13:33.5181 INFO  retribution is added to LearnedWords
2023-03-23 01:14:19.8087 INFO  crowbar is added to LearnedWords
2023-03-23 01:15:01.4569 INFO  brow is added to LearnedWords
2023-03-23 03:08:02.6954 INFO said  Logged out
2023-03-23 03:08:20.7091 INFO said  Loged
2023-03-23 03:10:35.8811 INFO Random 30 Words Added 
 Basic : 6,Regular : 10 ,Rare : 14
2023-03-23 03:50:48.4622 INFO said  Logged out
2023-03-23 04:12:17.0323 INFO said  Loged
2023-03-23 04:12:20.8649 INFO said  Logged out
2023-03-23 04:14:41.2088 INFO said  Loged
2023-03-23 04:14:44.3980 INFO said  Logged out
2023-03-23 04:16:04.8328 INFO said  Loged
2023-03-23 04:16:11.3215 INFO said  Logged out
2023-03-23 04:22:09.9542 INFO said  Loged
2023-03-23 04:22:18.9320 INFO said  Logged out
2023-03-23 04:25:11.2662 INFO said  Loged
2023-03-23 04:25:18.3417 INFO said  Logged out
2023-03-23 12:44:36.7184 INFO said  Loged
2023-03-23 12:44:39.6256 INFO said  Logged out
2023-03-23 12:44:51.3070 INFO zeynep  Loged
2023-03-23 12:45:03.8584 INFO zeynep  Logged out
2023-03-23 12:46:42.0154 INFO said  Loged
2023-03-23 12:46:43.6549 INFO said  Logged out
2023-03-23 12:49:03.9844 INFO said  Loged
2023-03-23 12:49:09.3253 INFO said  Logged out
2023-03-23 12:51:25.5014 INFO zeynep  Loged
2023-03-23 12:51:31.1778 INFO zeynep  Logged out
2023-03-23 12:56:20.9043 INFO zeynep   Loged
2023-03-23 12:56:48.3970 INFO zeynep   Logged out
2023-03-23 12:57:12.0771 INFO said  Loged
2023-03-23 12:59:51.1658 INFO said  Logged out
2023-03-23 13:00:43.6546 INFO said  Loged
2023-03-23 13:00:45.1953 INFO said  Logged out
2023-03-23 13:00:56.5146 INFO zeynep  Loged
2023-03-23 13:01:23.6543 INFO zeynep  Logged out
2023-03-23 13:03:08.8186 INFO zeynep  Loged
2023-03-23 13:03:17.9265 INFO zeynep  Logged out
2023-03-23 13:05:42.1921 INFO zeynep  Loged
2023-03-23 13:06:09.2187 INFO zeynep  Logged out
2023-03-23 13:13:39.8695 INFO zeynep  Loged
2023-03-23 13:14:12.6826 INFO zeynep  Logged out
2023-03-23 13:19:36.9909 INFO said  Loged
2023-03-23 13:19:44.3249 INFO said  Logged out
2023-03-23 14:19:43.3929 INFO zeynep  Loged
2023-03-23 14:20:18.2046 INFO zeynep  Logged out
2023-03-23 14:24:55.2743 INFO zeynep  Loged
2023-03-23 14:25:19.3723 INFO zeynep  Logged out
2023-03-23 14:26:44.2710 INFO zeynep  Loged
2023-03-23 14:27:30.9834 INFO zeynep  Logged out
2023-03-23 14:29:29.3132 INFO zeynep  Loged
2023-03-23 14:29:53.5374 INFO zeynep  Logged out
2023-03-23 14:30:50.8466 INFO zeynep  Loged
2023-03-23 14:31:09.1395 INFO zeynep  Logged out
2023-03-23 14:31:40.4306 INFO zeynep  Loged
2023-03-23 14:31:44.8329 INFO zeynep  Logged out
