2023-02-28 01:20:46.2049 INFO said  Loged
2023-02-28 01:25:45.0495 INFO  insensitive is added to LearnedWords
2023-02-28 01:36:28.5994 INFO  scattered is added to LearnedWords
2023-02-28 01:37:20.4160 INFO  demonstrate is added to LearnedWords
2023-02-28 01:38:39.4267 INFO  equation is added to LearnedWords
2023-02-28 01:39:16.7982 INFO  no longer is added to LearnedWords
2023-02-28 03:14:43.1943 INFO said  Logged out
2023-02-28 15:49:50.5205 INFO said  Loged
2023-02-28 15:50:04.3821 INFO said  Logged out
2023-02-28 15:50:22.7396 INFO said  Loged
2023-02-28 15:50:31.0441 INFO said  Logged out
2023-02-28 15:51:56.8079 INFO said  Loged
2023-02-28 15:52:17.6366 INFO said  Loged
2023-02-28 15:52:32.0212 INFO said  Logged out
2023-02-28 15:57:55.7565 INFO  Zeynep is added to AdminsDB
2023-02-28 15:58:04.1639 INFO zeynep  Loged
2023-02-28 16:05:55.5201 INFO said  Loged
2023-02-28 16:06:41.9986 INFO said  Logged out
2023-02-28 16:07:51.2891 INFO said  Loged
2023-02-28 16:08:57.6818 INFO said  Logged out
2023-02-28 16:25:57.2735 INFO said  Loged
2023-02-28 16:26:16.8939 INFO Random 5 Words Added 
 Basic : 0,Regular : 0 ,Rare : 0
2023-02-28 16:26:21.5487 INFO said  Logged out
2023-02-28 16:27:36.6659 INFO said  Loged
2023-02-28 16:27:50.0481 INFO Random 2 Words Added 
 Basic : 0,Regular : 0 ,Rare : 0
2023-02-28 16:27:57.5504 INFO said  Logged out
2023-02-28 16:35:39.2550 INFO said  Loged
2023-02-28 16:35:49.9061 INFO Random 3 Words Added 
 Basic : 0,Regular : 0 ,Rare : 0
2023-02-28 16:36:02.6038 INFO said  Logged out
2023-02-28 16:37:42.4562 INFO said  Loged
2023-02-28 16:37:53.7903 INFO Random 3 Words Added 
 Basic : 0,Regular : 0 ,Rare : 0
2023-02-28 16:38:07.6304 INFO said  Logged out
2023-02-28 16:40:30.0424 INFO said  Loged
2023-02-28 16:40:40.5497 INFO Random 2 Words Added 
 Basic : 0,Regular : 0 ,Rare : 0
2023-02-28 16:40:49.5942 INFO said  Logged out
2023-02-28 16:41:50.0301 INFO said  Loged
2023-02-28 16:48:20.9908 INFO said  Loged
2023-02-28 16:48:29.1349 INFO Random 2 Words Added 
 Basic : 0,Regular : 0 ,Rare : 0
2023-02-28 16:48:58.1848 INFO said  Loged
2023-02-28 16:49:08.8111 INFO Random 2 Words Added 
 Basic : 0,Regular : 0 ,Rare : 0
2023-02-28 16:50:23.4430 INFO said  Loged
2023-02-28 16:50:31.5068 INFO Random 2 Words Added 
 Basic : 0,Regular : 0 ,Rare : 0
2023-02-28 16:50:36.7746 INFO said  Logged out
2023-02-28 16:52:08.4366 INFO said  Loged
2023-02-28 16:52:16.0940 INFO Random 2 Words Added 
 Basic : 0,Regular : 0 ,Rare : 0
2023-02-28 16:56:51.1172 INFO said  Loged
2023-02-28 16:56:59.3331 INFO Random 2 Words Added 
 Basic : 0,Regular : 0 ,Rare : 0
2023-02-28 16:57:19.5681 INFO Random 3 Words Added 
 Basic : 0,Regular : 0 ,Rare : 0
2023-02-28 16:57:23.2190 INFO said  Logged out
2023-02-28 16:58:27.2634 INFO said  Loged
2023-02-28 16:58:39.0243 INFO Random 4 Words Added 
 Basic : 0,Regular : 0 ,Rare : 0
2023-02-28 16:58:48.0554 INFO Random 4 Words Added 
 Basic : 0,Regular : 0 ,Rare : 0
2023-02-28 16:58:51.2047 INFO said  Logged out
2023-02-28 17:14:02.7073 INFO said  Loged
2023-02-28 17:15:06.0066 INFO said  Loged
2023-02-28 17:15:09.6053 INFO said  Logged out
2023-02-28 17:16:17.2867 INFO said  Loged
2023-02-28 17:16:35.6121 INFO Random 5 Words Added 
 Basic : 0,Regular : 0 ,Rare : 0
2023-02-28 17:19:15.4967 INFO said  Logged out
