2023-05-21 02:14:28.0342 INFO said  Loged
2023-05-21 02:25:44.2923 WARN Link could not be accessed : https://wordsapiv1.p.rapidapi.com/words/cut it out/examples
2023-05-21 02:25:46.1285 WARN Link could not be accessed : https://wordsapiv1.p.rapidapi.com/words/cut it out/examples
2023-05-21 02:28:04.0404 INFO  cut it out is added to LearnedWords
2023-05-21 02:29:56.2616 INFO  horrific is added to LearnedWords
2023-05-21 02:30:35.2176 INFO  expel is added to LearnedWords
2023-05-21 02:32:05.1028 INFO said  Logged out
2023-05-21 16:49:12.9021 INFO said  Loged
2023-05-21 18:48:55.6715 INFO said  Logged out
2023-05-21 20:21:13.3931 INFO said  Loged
2023-05-21 20:21:56.9306 INFO said  Logged out
2023-05-21 20:39:15.3696 INFO said  Loged
2023-05-21 20:40:56.8052 INFO said  Loged
2023-05-21 20:42:49.6641 INFO said  Loged
2023-05-21 20:43:04.1539 INFO said  Logged out
2023-05-21 22:40:05.1269 INFO said  Loged
2023-05-21 22:40:23.9869 INFO said  Logged out
2023-05-21 22:46:10.7042 INFO said  Loged
2023-05-21 22:46:25.7255 INFO said  Logged out
2023-05-21 22:46:40.4191 INFO said  Loged
2023-05-21 22:46:58.3443 INFO said  Logged out
2023-05-21 22:54:57.4105 INFO said  Loged
2023-05-21 22:55:13.5833 INFO said  Logged out
2023-05-21 22:55:27.5627 INFO said  Loged
2023-05-21 22:59:12.1127 INFO said  Loged
2023-05-21 22:59:45.6428 INFO said  Logged out
2023-05-21 23:00:22.7927 INFO said  Loged
2023-05-21 23:00:53.0004 INFO said  Logged out
2023-05-21 23:37:10.0335 INFO said  Loged
2023-05-21 23:38:07.8872 INFO said  Logged out
2023-05-21 23:43:04.5557 INFO said  Loged
2023-05-21 23:43:23.5152 INFO said  Logged out
2023-05-21 23:44:13.3333 INFO said  Loged
2023-05-21 23:44:28.8666 INFO said  Logged out
