2023-02-24 00:54:57.4663 INFO said  Loged
2023-02-24 00:56:05.0340 INFO said  Loged
2023-02-24 00:57:50.9284 INFO said  Loged
2023-02-24 00:59:53.7188 INFO said  Loged
2023-02-24 01:00:24.8625 INFO said  Loged
2023-02-24 01:03:23.1531 INFO said  Loged
2023-02-24 01:10:13.1765 INFO said  Logged out
2023-02-24 01:11:14.4340 INFO said  Loged
2023-02-24 01:11:55.6424 INFO said  Logged out
2023-02-24 01:12:21.0370 INFO said  Loged
2023-02-24 01:12:36.2839 INFO said  Logged out
2023-02-24 01:13:08.1721 INFO said  Loged
2023-02-24 01:14:18.5741 INFO said  Logged out
2023-02-24 01:22:39.2781 INFO said  Loged
2023-02-24 01:23:44.5396 INFO said  Loged
2023-02-24 01:24:44.6093 INFO said  Loged
2023-02-24 01:26:33.9265 INFO said  Loged
2023-02-24 01:27:26.5696 INFO said  Logged out
2023-02-24 01:27:49.5997 INFO said  Loged
2023-02-24 01:29:57.1908 INFO said  Loged
2023-02-24 01:31:02.5386 WARN Link could not be accessed : https://wordsapiv1.p.rapidapi.com/words/waifing/examples
2023-02-24 01:32:27.2093 INFO said  Loged
2023-02-24 01:33:51.6086 INFO said  Loged
2023-02-24 01:35:30.6269 INFO said  Logged out
2023-02-24 01:35:43.9067 INFO said  Loged
2023-02-24 01:36:32.1119 WARN Link could not be accessed : https://wordsapiv1.p.rapidapi.com/words/outstunting/examples
2023-02-24 01:37:06.3702 INFO said  Logged out
2023-02-24 17:16:17.0305 INFO said  Loged
2023-02-24 17:16:47.2087 INFO said  Logged out
2023-02-24 18:08:38.7399 INFO said  Loged
2023-02-24 18:09:16.4995 INFO said  Logged out
2023-02-24 18:13:55.8956 INFO said  Loged
2023-02-24 18:13:59.2728 INFO said  Logged out
2023-02-24 18:15:08.4929 INFO said  Loged
2023-02-24 18:15:11.2401 INFO said  Logged out
2023-02-24 18:25:09.4088 INFO  Said is added to AdminsDB
2023-02-24 18:25:12.6146 INFO said  Loged
2023-02-24 18:25:59.2760 INFO said  Logged out
