2023-03-02 01:32:07.5028 INFO said  Loged
2023-03-02 01:34:00.4739 INFO  famine is added to LearnedWords
2023-03-02 01:38:53.0614 INFO  imitate is added to LearnedWords
2023-03-02 01:51:14.4364 INFO  hideout is added to LearnedWords
2023-03-02 01:54:48.7509 INFO  cemetery is added to LearnedWords
2023-03-02 01:55:43.1682 INFO  swallow is added to LearnedWords
2023-03-02 01:58:07.3352 INFO  wipe is added to LearnedWords
2023-03-02 01:58:50.1660 INFO said  Logged out
2023-03-02 22:26:42.1297 INFO said  Loged
2023-03-02 22:26:59.3065 INFO Random 5 Words Added 
 Basic : 1,Regular : 1 ,Rare : 3
2023-03-02 22:28:23.5492 INFO said  Logged out
2023-03-02 22:36:34.4654 INFO said  Loged
2023-03-02 22:36:57.5512 INFO  said is added to LearnedWords
2023-03-02 22:37:19.2028 INFO said  Logged out
2023-03-02 22:45:24.6600 INFO said  Loged
2023-03-02 22:45:54.7493 INFO  said is added to LearnedWords
2023-03-02 22:45:59.9905 INFO  said was Deleted 
2023-03-02 22:46:10.7669 INFO said  Logged out
2023-03-02 22:48:35.7292 INFO said  Loged
2023-03-02 22:48:39.4945 INFO said  Logged out
