2023-04-12 00:30:50.3317 INFO said  Logged out
2023-04-12 01:08:18.3141 INFO zeynep  Loged
2023-04-12 01:09:38.2962 INFO zeynep  Logged out
2023-04-12 01:10:13.6494 INFO said  Loged
2023-04-12 01:16:14.7754 INFO said  Logged out
2023-04-12 01:17:08.1555 INFO said  Loged
2023-04-12 01:19:46.8835 INFO said  Logged out
2023-04-12 01:21:12.5873 INFO said  Loged
2023-04-12 01:21:23.8884 INFO said  Logged out
2023-04-12 01:21:49.7382 INFO said  Loged
2023-04-12 01:23:32.1879 INFO said  Logged out
2023-04-12 01:24:34.6658 INFO said  Loged
2023-04-12 01:51:08.9925 INFO  get rid of is added to LearnedWords
2023-04-12 01:52:52.0901 INFO  humiliation is added to LearnedWords
2023-04-12 01:54:06.3157 INFO  cure is added to LearnedWords
2023-04-12 01:54:23.5599 INFO said  Logged out
2023-04-12 14:15:44.7989 INFO said  Loged
2023-04-12 16:38:16.9868 INFO said  Logged out
2023-04-12 23:26:27.0984 INFO said  Loged
2023-04-12 23:26:34.2163 INFO said  Logged out
2023-04-12 23:31:48.5079 INFO said  Loged
2023-04-12 23:32:02.9106 INFO said  Logged out
2023-04-12 23:32:52.9256 INFO said  Loged
2023-04-12 23:34:29.7736 INFO said  Loged
2023-04-12 23:43:14.8173 INFO said  Loged
2023-04-12 23:43:41.1401 INFO said  Logged out
2023-04-12 23:49:30.1154 INFO said  Loged
2023-04-12 23:53:47.7113 INFO said  Logged out
2023-04-12 23:57:19.4937 INFO said  Loged
