2023-02-23 01:42:42.2329 INFO said  Loged
2023-02-23 01:44:07.7470 INFO  squish is added to LearnedWords
2023-02-23 01:58:08.3065 INFO  emphasize is added to LearnedWords
2023-02-23 02:01:40.9490 INFO  reboot is added to LearnedWords
2023-02-23 02:48:17.7564 INFO said  Logged out
2023-02-23 11:15:19.0881 INFO said  Loged
2023-02-23 11:18:34.6221 INFO said  Loged
2023-02-23 11:20:13.4871 INFO said  Loged
2023-02-23 11:24:24.3142 INFO said  Loged
2023-02-23 11:25:08.7846 INFO said  Loged
2023-02-23 11:25:36.1211 INFO said  Loged
2023-02-23 12:12:02.8105 INFO said  Loged
2023-02-23 12:12:14.3146 INFO said  Logged out
2023-02-23 12:21:39.0867 INFO said  Loged
2023-02-23 12:21:50.3914 INFO said  Logged out
2023-02-23 16:05:22.4590 INFO said  Loged
2023-02-23 16:05:30.9918 INFO said  Logged out
2023-02-23 22:31:00.2759 INFO said  Loged
2023-02-23 22:31:11.1233 INFO said  Logged out
2023-02-23 23:03:25.0995 INFO said  Loged
2023-02-23 23:03:36.1086 WARN Link could not be accessed : https://api.api-ninjas.com/v1/randomword
2023-02-23 23:04:39.7425 INFO said  Loged
2023-02-23 23:04:48.8264 WARN Link could not be accessed : https://api.api-ninjas.com/v1/randomword
2023-02-23 23:06:14.5074 INFO said  Loged
2023-02-23 23:06:24.5799 WARN Link could not be accessed : https://api.api-ninjas.com/v1/randomword
2023-02-23 23:06:24.6291 WARN Link could not be accessed : https://api.api-ninjas.com/v1/randomword
2023-02-23 23:06:24.6732 WARN Link could not be accessed : https://api.api-ninjas.com/v1/randomword
2023-02-23 23:06:24.7149 WARN Link could not be accessed : https://api.api-ninjas.com/v1/randomword
2023-02-23 23:06:24.7597 WARN Link could not be accessed : https://api.api-ninjas.com/v1/randomword
2023-02-23 23:06:24.8031 WARN Link could not be accessed : https://api.api-ninjas.com/v1/randomword
2023-02-23 23:09:08.2190 INFO said  Logged out
2023-02-23 23:28:44.0614 INFO said  Loged
2023-02-23 23:28:54.6352 WARN Link could not be accessed : https://api.api-ninjas.com/v1/randomword
2023-02-23 23:28:57.4754 WARN Link could not be accessed : https://api.api-ninjas.com/v1/randomword
2023-02-23 23:28:58.4299 WARN Link could not be accessed : https://api.api-ninjas.com/v1/randomword
2023-02-23 23:29:07.0321 INFO said  Logged out
2023-02-23 23:30:16.7122 INFO said  Loged
2023-02-23 23:30:27.1177 WARN Link could not be accessed : https://api.api-ninjas.com/v1/randomword
2023-02-23 23:30:30.8832 WARN Link could not be accessed : https://api.api-ninjas.com/v1/randomword
2023-02-23 23:31:03.0093 INFO said  Logged out
2023-02-23 23:32:36.9651 INFO said  Loged
2023-02-23 23:32:47.3385 WARN Link could not be accessed : https://api.api-ninjas.com/v1/randomword
2023-02-23 23:33:06.7495 WARN Link could not be accessed : https://api.api-ninjas.com/v1/randomword
2023-02-23 23:33:10.6457 WARN Link could not be accessed : https://api.api-ninjas.com/v1/randomword
2023-02-23 23:33:15.5475 WARN Link could not be accessed : https://api.api-ninjas.com/v1/randomword
2023-02-23 23:33:33.3962 INFO said  Logged out
