2023-04-17 01:07:26.5389 INFO said  Loged
2023-04-17 01:13:41.9494 INFO  said Deleted vacant
2023-04-17 01:14:37.3541 INFO  vacant is added to LearnedWords
2023-04-17 01:21:02.8076 WARN Link could not be accessed : https://wordsapiv1.p.rapidapi.com/words/no sense/examples
2023-04-17 01:21:31.3439 WARN Link could not be accessed : https://wordsapiv1.p.rapidapi.com/words/no sense/examples
2023-04-17 01:22:18.4884 INFO  no sense is added to LearnedWords
2023-04-17 01:22:45.4215 INFO  immutable is added to LearnedWords
2023-04-17 01:23:01.0455 INFO said  Logged out
2023-04-17 01:23:15.1085 INFO zeynep  Loged
2023-04-17 01:23:39.5840 INFO zeynep  Logged out
2023-04-17 03:14:38.3706 INFO zeynep  Loged
2023-04-17 03:15:49.7671 WARN Link could not be accessed : https://wordsapiv1.p.rapidapi.com/words/tripacks/examples
2023-04-17 03:16:47.7150 INFO zeynep  Loged
2023-04-17 03:17:17.1341 INFO zeynep  Logged out
2023-04-17 03:17:27.6483 INFO zeynep  Loged
2023-04-17 03:17:44.4118 INFO zeynep  Logged out
2023-04-17 03:18:04.3326 INFO zeynep  Loged
2023-04-17 03:18:50.6295 INFO zeynep  Logged out
2023-04-17 03:20:22.4649 INFO zeynep  Loged
2023-04-17 03:21:06.4842 INFO zeynep  Logged out
2023-04-17 03:21:27.6116 INFO zeynep  Loged
2023-04-17 03:22:57.6242 INFO zeynep  Logged out
2023-04-17 03:23:20.4061 INFO zeynep  Loged
2023-04-17 03:23:26.4159 INFO zeynep  Logged out
2023-04-17 03:25:20.8015 INFO zeynep  Loged
2023-04-17 03:26:28.5814 INFO zeynep  Loged
2023-04-17 03:27:37.2608 INFO zeynep  Loged
2023-04-17 03:28:03.3624 INFO zeynep  Logged out
2023-04-17 03:30:26.4194 INFO zeynep  Loged
2023-04-17 03:31:11.3666 INFO zeynep  Loged
2023-04-17 03:31:50.7986 INFO zeynep  Logged out
2023-04-17 03:32:33.1758 INFO zeynep  Loged
2023-04-17 03:33:17.1098 INFO zeynep  Logged out
2023-04-17 03:34:55.7898 INFO zeynep  Loged
2023-04-17 03:35:14.1418 INFO zeynep  Logged out
2023-04-17 03:38:08.7395 INFO zeynep  Loged
2023-04-17 03:38:23.7281 INFO zeynep  Logged out
2023-04-17 03:39:18.2017 INFO zeynep  Loged
2023-04-17 03:39:44.4199 INFO zeynep  Logged out
