2023-02-18 01:47:27.7010 INFO said  Loged
2023-02-18 01:49:19.4239 INFO  quantity is added to LearnedWords
2023-02-18 01:50:04.9230 INFO  suppose is added to LearnedWords
2023-02-18 01:54:23.9085 INFO  greedy is added to LearnedWords
2023-02-18 01:54:47.4985 INFO  preserve is added to LearnedWords
2023-02-18 01:55:28.2609 INFO  facilitate is added to LearnedWords
2023-02-18 01:58:42.2532 INFO  proximity is added to LearnedWords
2023-02-18 02:05:33.1875 INFO  weasel is added to LearnedWords
2023-02-18 02:13:29.0227 INFO  chores is added to LearnedWords
2023-02-18 02:13:59.3864 INFO  swamp is added to LearnedWords
2023-02-18 02:15:40.5868 INFO  tie up is added to LearnedWords
2023-02-18 02:16:24.2794 INFO said  Logged out
2023-02-18 23:17:50.3192 INFO said  Loged
2023-02-18 23:18:00.2002 INFO said  Logged out
2023-02-18 23:25:23.9980 INFO said  Loged
2023-02-18 23:25:30.8874 INFO said  Logged out
2023-02-18 23:28:36.1953 INFO said  Loged
2023-02-18 23:28:51.3987 INFO said  Logged out
2023-02-18 23:47:36.1601 INFO said  Loged
2023-02-18 23:48:04.9276 INFO said  Logged out
