2023-04-03 15:10:14.2616 INFO said  Loged
2023-04-03 15:21:44.3819 INFO  slacker is added to LearnedWords
2023-04-03 15:22:17.0863 WARN Link could not be accessed : https://wordsapiv1.p.rapidapi.com/words/While it is true/examples
2023-04-03 15:25:02.7752 INFO  While it is true is added to LearnedWords
2023-04-03 15:26:15.0486 INFO  thick is added to LearnedWords
2023-04-03 15:27:15.5605 INFO  abort is added to LearnedWords
2023-04-03 17:07:17.0929 INFO said  Logged out
2023-04-03 18:34:59.8429 INFO said  Loged
2023-04-03 18:35:02.2039 INFO said  Logged out
2023-04-03 18:42:43.9039 INFO said  Loged
2023-04-03 18:45:12.2182 INFO said  Loged
2023-04-03 18:45:21.2205 INFO said  Logged out
2023-04-03 18:48:13.4522 INFO said  Loged
2023-04-03 18:48:22.3351 INFO said  Loged
2023-04-03 18:48:33.5528 INFO zeynep  Loged
2023-04-03 18:48:53.1649 INFO zeynep  Loged
2023-04-03 18:49:12.0538 INFO said  Loged
2023-04-03 18:55:23.7023 INFO said  Loged
2023-04-03 18:55:24.9488 INFO said  Logged out
2023-04-03 18:56:02.6976 INFO said  Loged
2023-04-03 18:56:04.0068 INFO said  Logged out
2023-04-03 18:56:28.5928 INFO said  Loged
2023-04-03 18:56:32.2995 INFO said  Logged out
2023-04-03 18:57:44.6090 INFO said  Loged
2023-04-03 18:57:46.1820 INFO said  Logged out
2023-04-03 19:01:23.8412 INFO said  Loged
2023-04-03 19:02:41.0056 INFO said  Loged
2023-04-03 19:02:43.7066 INFO said  Logged out
2023-04-03 19:03:07.8980 INFO said  Loged
2023-04-03 19:03:15.0632 INFO said  Logged out
2023-04-03 19:03:15.9611 INFO said  Loged
2023-04-03 19:04:47.9935 INFO said  Loged
2023-04-03 19:04:50.3029 INFO said  Logged out
2023-04-03 19:04:55.0161 INFO said  Loged
2023-04-03 19:05:11.0705 INFO said  Logged out
2023-04-03 19:05:15.5194 INFO said  Logged out
2023-04-03 19:05:27.3476 INFO said  Loged
2023-04-03 19:05:36.8775 INFO said  Logged out
2023-04-03 19:05:39.3695 INFO said  Logged out
2023-04-03 19:05:39.9301 INFO said  Logged out
2023-04-03 19:05:40.1898 INFO said  Logged out
2023-04-03 19:05:40.3927 INFO said  Logged out
2023-04-03 19:05:56.5573 INFO said  Logged out
2023-04-03 19:06:08.3105 INFO said  Logged out
2023-04-03 19:06:42.6924 INFO said  Loged
2023-04-03 19:06:44.2479 INFO said  Logged out
2023-04-03 19:07:13.3643 INFO said  Loged
2023-04-03 19:07:14.8700 INFO said  Logged out
2023-04-03 19:07:44.1508 INFO zeynep  Loged
2023-04-03 19:07:45.3953 INFO zeynep  Logged out
2023-04-03 19:08:10.5258 INFO said  Loged
2023-04-03 19:08:12.1354 INFO said  Logged out
2023-04-03 19:08:36.9426 INFO said  Loged
2023-04-03 19:08:38.5056 INFO said  Logged out
2023-04-03 19:08:44.3899 INFO zeynep  Loged
2023-04-03 19:08:47.4743 INFO zeynep  Logged out
2023-04-03 19:08:50.7927 INFO said  Loged
2023-04-03 19:09:11.3945 INFO said  Logged out
2023-04-03 19:09:22.5908 INFO said  Logged out
2023-04-03 19:10:09.5686 INFO said  Loged
2023-04-03 19:10:17.5758 INFO said  Logged out
2023-04-03 19:10:23.9719 INFO said  Logged out
2023-04-03 19:10:49.1191 INFO said  Logged out
2023-04-03 19:11:57.9573 INFO said  Loged
2023-04-03 19:13:30.9858 INFO said  Logged out
2023-04-03 19:16:13.8695 INFO said  Loged
2023-04-03 19:16:21.0506 INFO said  Logged out
2023-04-03 19:16:22.8484 INFO said  Logged out
2023-04-03 19:17:39.1186 INFO said  Loged
2023-04-03 19:17:45.8767 INFO said  Logged out
2023-04-03 19:17:50.0860 INFO said  Logged out
2023-04-03 19:19:40.0511 INFO said  Loged
2023-04-03 19:21:45.2539 INFO said  Loged
2023-04-03 19:21:51.2566 INFO said  Logged out
2023-04-03 19:21:55.0669 INFO said  Loged
2023-04-03 19:32:09.4417 INFO said  Loged
2023-04-03 19:32:15.7147 INFO said  Logged out
2023-04-03 19:32:17.5854 INFO said  Logged out
2023-04-03 21:39:56.2827 INFO said  Loged
2023-04-03 21:50:48.2924 INFO said  Loged
2023-04-03 21:50:54.3815 INFO said  Logged out
2023-04-03 21:50:57.7497 INFO said  Loged
2023-04-03 21:50:59.0828 INFO said  Logged out
2023-04-03 21:51:04.8520 INFO zeynep  Loged
2023-04-03 21:51:07.8592 INFO zeynep  Logged out
2023-04-03 21:51:09.5991 INFO zeynep  Logged out
2023-04-03 21:52:50.7834 INFO said  Loged
2023-04-03 21:53:02.9233 INFO said  Logged out
2023-04-03 21:53:08.5836 INFO zeynep  Loged
2023-04-03 21:54:02.0099 INFO said  Loged
2023-04-03 21:54:08.8726 INFO said  Logged out
2023-04-03 21:54:12.9069 INFO zeynep  Loged
2023-04-03 21:54:19.2466 INFO zeynep  Logged out
2023-04-03 21:54:22.8761 INFO said  Loged
2023-04-03 21:54:32.4361 INFO said  Logged out
2023-04-03 21:54:35.9606 INFO said  Loged
2023-04-03 21:54:43.8398 INFO said  Logged out
2023-04-03 21:54:48.8759 INFO zeynep  Loged
2023-04-03 21:58:05.9091 INFO said  Loged
2023-04-03 21:58:17.9077 INFO said  Logged out
2023-04-03 21:58:26.1900 INFO said  Loged
2023-04-03 22:00:07.2139 INFO said  Loged
2023-04-03 22:00:16.6354 INFO said  Logged out
2023-04-03 22:00:21.1927 INFO said  Loged
2023-04-03 22:02:46.0789 INFO said  Loged
2023-04-03 22:03:10.0123 INFO said  Loged
2023-04-03 22:04:14.9323 INFO said  Loged
2023-04-03 22:04:21.9517 INFO said  Loged
2023-04-03 22:04:36.5872 INFO zeynep  Loged
2023-04-03 22:11:05.6319 INFO said  Loged
2023-04-03 22:11:15.9402 INFO said  Logged out
2023-04-03 22:12:50.7853 INFO said  Loged
2023-04-03 22:13:09.2243 INFO said  Loged
2023-04-03 22:13:23.9795 INFO zeynep  Loged
2023-04-03 22:21:18.7882 INFO said  Loged
2023-04-03 22:21:32.6742 INFO said  Loged
2023-04-03 22:22:18.6412 INFO said  Loged
2023-04-03 22:23:30.5629 INFO said  Loged
2023-04-03 22:23:54.2400 INFO said  Loged
2023-04-03 22:24:38.5559 INFO said  Loged
2023-04-03 22:24:59.4313 INFO said   Loged
2023-04-03 22:31:26.8791 INFO said  Loged
