2023-05-22 00:54:40.0985 INFO said  Loged
2023-05-22 01:05:35.7900 INFO  superficial is added to LearnedWords
2023-05-22 01:05:55.1272 INFO  provoke is added to LearnedWords
2023-05-22 01:07:52.3584 INFO said  Logged out
2023-05-22 01:08:22.9842 INFO said  Loged
2023-05-22 01:09:36.0525 INFO said  Logged out
2023-05-22 12:09:11.9610 INFO zeynep  Loged
2023-05-22 12:10:58.5761 WARN Link could not be accessed : https://wordsapiv1.p.rapidapi.com/words/deleading/examples
2023-05-22 12:12:01.5045 INFO said  Loged
2023-05-22 12:16:37.6140 INFO  zeynep1 is added to AdminsDB
2023-05-22 12:17:26.5806 INFO said  Loged
2023-05-22 12:18:16.6476 INFO zeynep1 changed password
2023-05-22 12:18:23.2522 INFO zeynep1  Loged
2023-05-22 12:21:43.8708 INFO zeynep  Loged
2023-05-22 12:23:00.9837 INFO  ring is added to LearnedWords
2023-05-22 12:24:20.9976 INFO said  Loged
2023-05-22 12:24:52.7118 INFO said  Logged out
2023-05-22 12:24:59.4353 INFO said  Loged
2023-05-22 12:28:01.5696 INFO Random 100 Words Added 
 Basic : 10,Regular : 21 ,Rare : 69
2023-05-22 12:30:36.6755 INFO said  Logged out
2023-05-22 22:37:44.0915 INFO said  Loged
2023-05-22 22:38:03.0347 INFO said  Logged out
2023-05-22 22:51:59.8177 INFO zeynep  Loged
2023-05-22 22:52:15.9379 INFO zeynep  Logged out
2023-05-22 22:55:41.2683 INFO said  Loged
2023-05-22 22:55:56.1581 INFO said  Logged out
2023-05-22 22:56:21.6433 INFO said  Loged
2023-05-22 22:56:47.4122 INFO said  Logged out
2023-05-22 22:58:41.1885 INFO said  Loged
2023-05-22 22:59:19.7855 INFO said  Logged out
2023-05-22 23:01:04.2703 INFO said  Loged
2023-05-22 23:01:19.8431 INFO said  Logged out
2023-05-22 23:02:54.0391 INFO said  Loged
2023-05-22 23:03:08.1837 INFO said  Logged out
2023-05-22 23:03:23.2416 INFO said  Loged
2023-05-22 23:05:15.2321 INFO said  Loged
2023-05-22 23:05:42.9520 INFO said  Logged out
2023-05-22 23:07:28.9654 INFO zeynep1  Loged
2023-05-22 23:07:58.3022 INFO zeynep  Loged
2023-05-22 23:09:24.6848 INFO said  Loged
2023-05-22 23:09:36.0321 INFO zeynep  Loged
2023-05-22 23:10:07.1340 INFO zeynep  Loged
2023-05-22 23:12:01.9999 INFO said  Loged
2023-05-22 23:12:08.3094 INFO zeynep  Loged
2023-05-22 23:12:27.3696 INFO zeynep  Loged
2023-05-22 23:12:56.0345 INFO zeynep  Loged
2023-05-22 23:14:13.8394 INFO zeynep  Loged
2023-05-22 23:14:36.9414 INFO zeynep  Logged out
