2023-02-21 00:10:18.5956 INFO said  Loged
2023-02-21 00:10:53.6737 INFO said  Logged out
2023-02-21 00:13:02.4253 INFO said  Loged
2023-02-21 00:13:33.4740 INFO said  Logged out
2023-02-21 00:23:00.4219 INFO said  Loged
2023-02-21 00:23:11.4439 INFO said  Logged out
2023-02-21 01:22:54.8889 INFO said  Loged
2023-02-21 01:23:56.8308 INFO said  Logged out
2023-02-21 01:25:10.9307 INFO said  Loged
2023-02-21 01:25:55.1935 INFO said  Loged
2023-02-21 01:26:38.8035 INFO said  Loged
2023-02-21 01:27:27.7170 INFO said  Loged
2023-02-21 01:27:57.8912 INFO said  Loged
2023-02-21 01:29:10.7767 INFO said  Loged
2023-02-21 01:34:12.5532 INFO said  Loged
2023-02-21 01:35:57.5093 INFO said  Loged
2023-02-21 01:40:04.8653 INFO said  Loged
2023-02-21 01:42:40.1409 INFO said  Loged
2023-02-21 01:44:17.1374 INFO said  Logged out
2023-02-21 01:58:49.7599 INFO said  Loged
2023-02-21 01:59:02.1151 INFO said  Logged out
2023-02-21 02:22:15.4554 INFO said  Loged
2023-02-21 02:24:19.4011 INFO  resilient is added to LearnedWords
2023-02-21 02:25:50.5897 INFO  rigorous is added to LearnedWords
2023-02-21 02:36:18.0163 INFO  contractor is added to LearnedWords
2023-02-21 02:37:34.7559 INFO  pursue is added to LearnedWords
2023-02-21 02:38:43.6699 INFO  manure is added to LearnedWords
2023-02-21 02:40:16.6039 INFO said  Logged out
2023-02-21 12:40:14.9228 INFO said  Loged
2023-02-21 12:41:34.0964 INFO said  Logged out
2023-02-21 12:44:37.6364 INFO said  Loged
2023-02-21 12:45:48.7581 INFO said  Logged out
2023-02-21 14:56:15.8603 INFO  replicate is added to LearnedWords
2023-02-21 15:31:39.4063 INFO said  Loged
2023-02-21 15:32:46.2553 INFO said  Loged
2023-02-21 15:43:36.2342 INFO said  Loged
2023-02-21 15:44:18.4623 INFO said  Loged
2023-02-21 15:45:35.7120 INFO said  Loged
2023-02-21 15:46:34.9707 INFO said  Loged
2023-02-21 15:47:10.8813 INFO said  Loged
2023-02-21 15:47:35.1107 INFO said  Loged
2023-02-21 15:50:14.5681 INFO said  Loged
2023-02-21 16:06:32.8493 INFO said  Loged
2023-02-21 16:06:52.6508 INFO said  Logged out
2023-02-21 16:26:31.3158 INFO said  Loged
2023-02-21 16:27:25.7563 INFO said  Logged out
2023-02-21 16:28:19.3162 INFO said  Loged
2023-02-21 16:28:37.5218 INFO said  Logged out
2023-02-21 16:30:52.9591 INFO said  Loged
2023-02-21 16:31:02.9421 INFO said  Logged out
2023-02-21 16:31:42.9037 INFO said  Loged
2023-02-21 16:38:52.3756 INFO said  Logged out
