2023-03-25 02:31:52.4353 INFO said  Loged
2023-03-25 02:44:24.0148 INFO  drawback is added to LearnedWords
2023-03-25 02:46:06.7049 INFO  adept is added to LearnedWords
2023-03-25 02:47:46.8412 INFO  brief is added to LearnedWords
2023-03-25 03:42:43.4838 INFO said  Logged out
2023-03-25 16:22:00.9540 INFO zeynep   Loged
2023-03-25 16:22:29.7170 INFO zeynep   Logged out
2023-03-25 16:23:43.7575 INFO zeynep  Loged
2023-03-25 16:24:56.0869 INFO zeynep  Logged out
2023-03-25 16:25:20.5607 INFO said  Loged
2023-03-25 16:26:20.9090 INFO Random 20 Words Added 
 Basic : 0,Regular : 7 ,Rare : 13
2023-03-25 16:28:40.4382 INFO said  Logged out
2023-03-25 16:29:27.7956 INFO zeynep  Loged
2023-03-25 16:29:39.2578 INFO zeynep  Logged out
2023-03-25 16:30:45.3316 INFO zeynep   Loged
2023-03-25 16:31:19.7259 INFO zeynep   Logged out
2023-03-25 16:32:04.1194 INFO zeynep  Loged
2023-03-25 16:32:19.9359 INFO zeynep  Logged out
2023-03-25 16:33:08.6834 INFO zeynep  Loged
2023-03-25 16:33:48.7897 INFO zeynep  Logged out
2023-03-25 16:34:57.0291 INFO said  Loged
2023-03-25 16:35:13.0256 INFO said  Logged out
2023-03-25 16:36:34.4070 INFO said  Loged
2023-03-25 16:40:51.7526 INFO said  Loged
2023-03-25 16:41:32.0159 INFO said  Logged out
2023-03-25 16:42:29.3807 INFO said  Loged
2023-03-25 16:42:54.2974 INFO said  Logged out
2023-03-25 16:48:08.9523 INFO said  Loged
2023-03-25 16:48:28.3327 INFO said  Logged out
2023-03-25 16:49:24.5534 INFO said  Loged
2023-03-25 16:49:43.2704 INFO said  Logged out
2023-03-25 16:50:12.7920 INFO said  Loged
2023-03-25 16:50:49.4745 INFO said  Logged out
2023-03-25 16:51:19.5724 INFO said  Loged
2023-03-25 16:52:16.0371 INFO said  Loged
2023-03-25 16:57:07.8551 INFO said  Loged
2023-03-25 16:58:10.7174 INFO said  Logged out
2023-03-25 16:58:33.2204 INFO said  Loged
2023-03-25 16:58:55.9433 INFO said  Logged out
2023-03-25 16:59:27.6690 INFO said  Loged
2023-03-25 16:59:50.1996 INFO said  Logged out
2023-03-25 17:00:32.7854 INFO said  Loged
2023-03-25 17:00:53.2934 INFO said  Logged out
2023-03-25 17:02:03.2793 INFO said  Loged
2023-03-25 17:02:51.9428 INFO said  Logged out
2023-03-25 17:04:47.4109 INFO said  Loged
2023-03-25 17:06:29.1710 INFO said  Loged
2023-03-25 17:06:49.6968 INFO said  Logged out
2023-03-25 17:07:21.7969 INFO said  Loged
2023-03-25 17:07:33.1173 INFO said  Logged out
2023-03-25 17:10:03.3959 INFO said  Loged
2023-03-25 17:13:25.6039 INFO said  Loged
2023-03-25 17:13:43.6240 INFO said  Logged out
2023-03-25 17:15:13.6737 INFO said  Loged
2023-03-25 17:16:17.1347 INFO said  Logged out
2023-03-25 17:18:45.0134 INFO said  Loged
2023-03-25 17:19:18.6546 INFO said  Logged out
2023-03-25 17:20:10.4990 INFO said  Loged
2023-03-25 17:20:24.4361 INFO said  Logged out
2023-03-25 17:21:45.0645 INFO said  Loged
2023-03-25 17:21:57.9999 INFO said  Logged out
2023-03-25 17:22:21.7794 INFO said  Loged
2023-03-25 17:23:39.9876 INFO said  Loged
2023-03-25 17:23:58.4481 INFO said  Logged out
