2023-02-20 00:51:00.5812 INFO said  Loged
2023-02-20 00:51:06.8807 INFO said  Logged out
2023-02-20 00:52:46.3684 INFO said  Loged
2023-02-20 00:52:49.3162 INFO said  Logged out
2023-02-20 00:53:12.7084 INFO said  Loged
2023-02-20 00:53:15.3175 INFO said  Logged out
2023-02-20 01:15:04.3131 INFO said  Loged
2023-02-20 01:17:09.0273 INFO said  Loged
2023-02-20 01:17:46.7229 INFO said  Logged out
2023-02-20 01:22:47.1309 INFO said  Loged
2023-02-20 01:22:59.2319 INFO said  Logged out
2023-02-20 01:24:04.9517 INFO said  Loged
2023-02-20 01:24:12.8244 INFO said  Logged out
2023-02-20 01:41:31.1548 INFO said  Loged
2023-02-20 01:42:17.1067 INFO  chimney is added to LearnedWords
2023-02-20 01:43:30.5473 INFO  moot is added to LearnedWords
2023-02-20 01:47:10.3410 INFO said  Logged out
2023-02-20 01:47:24.1422 INFO said  Loged
2023-02-20 01:47:59.4510 INFO  moot is added to LearnedWords
2023-02-20 01:49:11.7780 INFO said  Loged
2023-02-20 01:50:02.1150 INFO  conclude is added to LearnedWords
2023-02-20 01:58:14.6459 INFO  betrayal is added to LearnedWords
2023-02-20 02:02:43.8373 INFO  pass out is added to LearnedWords
2023-02-20 02:04:23.3543 INFO  farewell is added to LearnedWords
2023-02-20 02:05:36.7984 INFO  inspiration is added to LearnedWords
2023-02-20 02:14:20.6707 INFO said  Logged out
2023-02-20 02:19:14.9695 INFO said  Loged
2023-02-20 02:19:38.3017 INFO said  Logged out
2023-02-20 02:21:53.4831 INFO said  Loged
2023-02-20 02:22:01.3535 INFO said  Logged out
2023-02-20 02:23:42.1867 INFO said  Loged
2023-02-20 02:24:28.6152 INFO said  Loged
2023-02-20 02:31:15.3117 INFO said  Loged
2023-02-20 02:31:35.6233 INFO said  Logged out
2023-02-20 02:31:56.5720 INFO said  Loged
2023-02-20 02:32:09.3310 INFO said  Logged out
2023-02-20 16:14:16.2412 INFO said  Loged
2023-02-20 16:15:47.1297 INFO said  Loged
2023-02-20 16:17:33.4897 INFO said  Loged
2023-02-20 16:27:18.3593 INFO said  Loged
2023-02-20 16:27:51.4658 INFO said  Logged out
2023-02-20 16:29:49.9271 INFO said  Loged
2023-02-20 16:30:56.5915 INFO said  Loged
2023-02-20 16:31:39.9422 INFO said  Loged
2023-02-20 16:31:44.8431 INFO said  Logged out
2023-02-20 16:34:04.0314 INFO said  Loged
2023-02-20 16:35:12.3061 INFO said  Loged
2023-02-20 16:36:09.3939 INFO said  Loged
2023-02-20 16:37:07.1324 INFO said  Logged out
2023-02-20 16:38:54.4335 INFO said  Loged
2023-02-20 16:41:41.1184 INFO said  Loged
2023-02-20 16:42:30.7097 INFO said  Loged
2023-02-20 16:46:23.4118 INFO said  Loged
2023-02-20 16:46:57.6867 INFO said  Logged out
2023-02-20 16:54:17.8910 INFO said  Loged
2023-02-20 16:54:36.3061 INFO said  Logged out
2023-02-20 16:55:12.6917 INFO said  Loged
2023-02-20 16:55:29.2666 INFO said  Logged out
2023-02-20 16:57:16.7170 INFO said  Loged
2023-02-20 17:05:42.3755 INFO said  Loged
2023-02-20 22:27:17.2522 INFO said  Loged
2023-02-20 22:28:58.1100 INFO said  Logged out
