2023-05-09 01:10:13.7221 INFO said  Loged
2023-05-09 01:11:13.3142 INFO said  Logged out
2023-05-09 01:11:21.5590 INFO said  Loged
2023-05-09 01:11:27.8623 INFO said  Logged out
2023-05-09 01:12:20.1233 INFO said  Loged
2023-05-09 01:12:43.3640 INFO said  Logged out
2023-05-09 01:13:10.2716 INFO said  Loged
2023-05-09 01:13:22.7322 INFO said  Logged out
2023-05-09 01:15:35.6446 INFO said  Loged
2023-05-09 01:15:43.0657 INFO said  Logged out
2023-05-09 01:17:59.8738 INFO said  Loged
2023-05-09 01:50:41.2324 WARN Link could not be accessed : https://wordsapiv1.p.rapidapi.com/words/as well as/examples
2023-05-09 01:51:26.9099 INFO  as well as is added to LearnedWords
2023-05-09 01:51:44.5788 INFO  aesthetic is added to LearnedWords
2023-05-09 01:53:17.5212 INFO  brisk is added to LearnedWords
2023-05-09 01:55:32.7483 INFO  fluid is added to LearnedWords
2023-05-09 01:57:37.4066 INFO  ruin is added to LearnedWords
2023-05-09 02:03:17.2573 INFO said  Logged out
2023-05-09 23:45:04.0297 INFO said  Loged
2023-05-09 23:53:37.3676 INFO  thrill is added to LearnedWords
2023-05-09 23:55:25.1088 INFO  comma is added to LearnedWords
