2023-03-25 16:26:57.0046 INFO 
adsas2313

2023-03-25 16:27:01.3083 INFO 
Wrong words list cleaned by said
2023-03-25 16:35:06.0226 INFO 
132123
adsdas123

2023-03-25 16:35:08.4004 INFO 
Wrong words list cleaned by said
2023-03-25 16:36:56.1577 INFO 
Wrong words list updated by said new version: 
dadas
2023-03-25 16:37:49.3365 INFO 
Wrong words list cleaned by said
2023-03-25 16:39:02.5629 INFO 
Wrong words list updated by said new version: 
asdads
2023-03-25 16:39:14.6733 INFO 
Wrong words list cleaned by said
2023-03-25 16:39:20.9994 INFO 
asdads123

2023-03-25 16:39:28.2626 INFO 
Wrong words list cleaned by said
2023-03-25 16:40:58.9220 INFO 
Wrong words list updated by said new version: 
das
2023-03-25 16:41:01.6814 INFO 
Wrong words list cleaned by said
2023-03-25 16:41:05.4947 INFO 
dsadsa123

2023-03-25 16:41:07.0901 INFO 
Wrong words list cleaned by said
2023-03-25 16:42:44.4201 INFO 
adadsas123

2023-03-25 16:42:48.4239 INFO 
Wrong words list cleaned by said
2023-03-25 16:42:51.8308 INFO 
Wrong words list cleaned by said
2023-03-25 16:48:17.6529 INFO 
Wrong words list cleaned by said
2023-03-25 16:48:21.3499 INFO 
asdd12

2023-03-25 16:48:22.8571 INFO 
Wrong words list cleaned by said
2023-03-25 16:49:31.4839 INFO 
adsdas12

2023-03-25 16:49:33.1661 INFO 
Wrong words list cleaned by said
2023-03-25 16:50:35.9415 INFO 
sad123

2023-03-25 16:50:46.1482 INFO 
Wrong words list cleaned by said
2023-03-25 16:52:27.5688 INFO 
asdads123

2023-03-25 16:52:32.3729 INFO 
Wrong words list cleaned by said
2023-03-25 16:57:16.5869 INFO 
asdadssad123123

2023-03-25 16:57:19.1034 INFO 
Wrong words list cleaned by said
2023-03-25 16:58:39.4821 INFO 
asdads123123

2023-03-25 16:59:33.5006 INFO 
Wrong words list cleaned by said
2023-03-25 16:59:37.1602 INFO 
dasd123

2023-03-25 16:59:45.7461 INFO 
esads12

2023-03-25 17:00:38.3982 INFO 
Wrong words list cleaned by said
2023-03-25 17:00:41.1226 INFO 
asdad21321

2023-03-25 17:00:42.7454 INFO 
Wrong words list cleaned by said
2023-03-25 17:00:49.5924 INFO 
Wrong words list cleaned by said
2023-03-25 17:02:09.8700 INFO 
adssad132

2023-03-25 17:02:13.6429 INFO 
Wrong words list cleaned by said
2023-03-25 17:04:56.3324 INFO 
sadasd12321

2023-03-25 17:05:02.6164 INFO 
Wrong words list cleaned by said
2023-03-25 17:06:35.2926 INFO 
dssad123

2023-03-25 17:06:38.0148 INFO 
Wrong words list cleaned by said
2023-03-25 17:07:27.6571 INFO 
sad23123

2023-03-25 17:07:29.7367 INFO 
Wrong words list cleaned by said
2023-03-25 17:10:10.0513 INFO 
adadssd123

2023-03-25 17:10:11.3060 INFO 
Wrong words list cleaned by said
2023-03-25 17:13:32.9884 INFO 
sdasd12

2023-03-25 17:13:34.9943 INFO 
Wrong words list cleaned by said
2023-03-25 17:15:20.2618 INFO 
adssd1

2023-03-25 17:15:21.8787 INFO 
Wrong words list cleaned by said
2023-03-25 17:18:51.5352 INFO 
sads1

2023-03-25 17:18:54.9947 INFO 
Wrong words list cleaned by said
2023-03-25 17:20:16.7369 INFO 
dasdsa213

2023-03-25 17:20:19.0011 INFO 
Wrong words list cleaned by said
2023-03-25 17:21:51.9927 INFO 
sdasd12

2023-03-25 17:21:54.2085 INFO 
Wrong words list cleaned by said
2023-03-25 17:22:30.3838 INFO 
asd12

2023-03-25 17:23:45.5497 INFO 
Wrong words list cleaned by said
2023-03-25 17:23:48.8599 INFO 
dsas123

2023-03-25 17:23:50.5354 INFO 
Wrong words list cleaned by said
