2023-03-18 00:14:28.5517 INFO 
conceptualized 23
otitides132
pic23
sabbatical123
ape123

2023-03-18 00:14:34.5056 INFO 
Wrong words list updated new version: 
ape123
sabbatical123

2023-03-18 00:14:42.7553 INFO 
Wrong words list cleaned
2023-03-18 00:16:01.9444 INFO 
das123
asd123
asd123
sa132

2023-03-18 00:18:55.5617 INFO 
Wrong words list cleaned
2023-03-18 00:19:59.4689 INFO 
ada2
ads2
sads2

2023-03-18 00:22:54.0225 INFO 
Wrong words list cleaned
2023-03-18 00:23:03.5637 INFO 
ads2
ad22s
a2sd

2023-03-18 00:25:13.2851 INFO 
Wrong words list updated new version: 

2023-03-18 00:25:18.7323 INFO 
adsads2

2023-03-18 00:27:41.3537 INFO 
Wrong words list updated new version: 

2023-03-18 00:28:25.3702 INFO 
adsad21
adsa12
das2d

2023-03-18 00:28:57.7351 INFO 
Wrong words list updated new version: 
das2d
adsa12
adsad2
2023-03-18 00:35:28.7798 INFO 
Wrong words list cleaned
2023-03-18 00:35:36.9287 INFO 
sda2sd
ad2
sad2
asd2

2023-03-18 00:35:44.8517 INFO 
Wrong words list updated new version: 
asd2
sad2
ad2
sda2sd
2023-03-18 00:36:09.1502 INFO 
sad2
ads2
asd2

2023-03-18 00:37:28.1870 INFO 
Wrong words list cleaned
2023-03-18 00:37:35.1040 INFO 
adas2d
ads2
asd2
asd2

2023-03-18 00:39:04.4039 INFO 
Wrong words list cleaned
2023-03-18 00:39:17.2029 INFO 
asd2asd
as2d
a2
da2
sd2
sa2

2023-03-18 00:42:03.0110 INFO 
Wrong words list cleaned
2023-03-18 00:42:12.2949 INFO 
asdad21
213d
12

2023-03-18 00:42:30.5164 INFO 
sad123
123
21

2023-03-18 00:43:59.9130 INFO 
Wrong words list cleaned
2023-03-18 00:44:26.0857 INFO 
123213
23
12
3
23
1

2023-03-18 00:45:45.0878 INFO 
Wrong words list cleaned
2023-03-18 00:45:51.1599 INFO 
asdasd21
asd2

2023-03-18 00:45:56.0194 INFO 
Wrong words list updated new version: 
asd2

