2023-02-20 16:18:01.4226 INFO 
conciliated12

2023-02-20 16:27:25.5316 TRACE 
Wrong words list updated new version: 
conciliated12
asd1
asdads*
ase21
ase21
asd1
asd1
dark1

2023-02-20 16:27:40.9282 INFO 
perkily1

2023-02-20 16:30:00.1288 TRACE 
Wrong words list updated new version: 
perkily1
dark1
asd1
asd1
asdads*
asd1
conciliated12
2023-02-20 16:30:05.7671 INFO 
asdad1

2023-02-20 16:30:20.0241 INFO 
Hi*2*

2023-02-20 16:31:02.5656 INFO 
asdasd1

2023-02-20 16:34:10.1142 INFO 
adsasd2

2023-02-20 16:34:23.9167 INFO 
asdads12

2023-02-20 16:34:32.5048 TRACE 
Wrong words list updated new version: 

2023-02-20 16:34:32.5048 INFO 
asdads12

2023-02-20 16:35:22.9194 TRACE 
Wrong words list updated new version: 

2023-02-20 16:35:22.9194 INFO 
asdasd12
2023-02-20 16:36:17.8925 TRACE 
Wrong words list updated new version: 

2023-02-20 16:36:17.8925 INFO 
asdad
asd
ad
sa
da
sd

2023-02-20 16:36:50.4766 INFO 
heliosphere1

2023-02-20 16:36:53.2937 TRACE 
Wrong words list updated new version: 

2023-02-20 16:36:53.2937 INFO 
heliosphere1
sd
da
sa
ad
asd
asdad

2023-02-20 16:37:04.3945 TRACE 
Wrong words list updated new version: 

2023-02-20 16:37:04.3945 INFO 
heliosphere1
sd
da
sa
ad
asd
asdad

2023-02-20 16:39:01.4294 TRACE 
Wrong words list updated new version: 

2023-02-20 16:39:01.4294 INFO 
asdad
asd
ad
sa
heliosphere1
asdad
asd
ad
sa
da
sd
heliosphere1
heliosphere1
sd
da
sa
ad
asd
asdad

2023-02-20 16:41:46.2336 INFO 
asd1

2023-02-20 16:42:34.6270 TRACE 
Wrong words list updated new version: 

2023-02-20 16:42:34.6270 INFO 
asd1

2023-02-20 16:46:29.4394 TRACE 
Wrong words list updated new version: 

2023-02-20 16:46:29.4394 INFO 
asd1
asd1
ads
1
2023-02-20 16:46:32.3713 TRACE 
Wrong words list updated new version: 

2023-02-20 16:46:32.3773 INFO 
asd1
asd1
ads
112
2023-02-20 16:54:30.0330 TRACE 
Wrong words list updated new version: 

2023-02-20 16:54:30.0330 INFO 
asdas1
asdas1
2023-02-20 16:55:18.7628 TRACE 
Wrong words list updated new version: 

2023-02-20 16:55:18.7643 INFO 
sdasd21
asd12
