2023-02-28 16:07:58.7823 INFO 
Wrong words list updated new version: 
sail219-
dentural/
1 manger ~
1 palatalizing ~
asd1
asd12
sdasd21
asd1
1 manger ~
1 palatalizing ~
1 exogamies ~
dentural/
sail219-
2023-02-28 16:08:10.2039 INFO 
Wrong words list updated new version: 
sail219-
dentural/
1 exogamies ~
1 palatalizing ~
1 manger ~
sdasd21
asd12
asd1
1 palatalizing ~
1 manger ~
dentural/
sail219-
2023-02-28 16:08:37.7858 INFO 
Wrong words list updated new version: 
sail219-
dentural/
1 manger ~
1 palatalizing ~
asd1
asd12

