2023-03-16 00:55:07.4725 INFO 
2 versatile ~
!!! achievement ~
9 mourn ~
4 destructive ~
6 unresponsive ~
7 candidate ~
8 punctual ~
!!! maintenance ~
8 eventually ~
!!! ignorance ~
!!! bankrupting  ~
9 subtraction ~
9 landlord ~
8 estimate ~
7 insure ~
!!! desperate ~
!!! aptitude ~
1 inevitably ~
1 cruel ~
5 wreck ~
!!! adorable ~
5 alligator ~
7 constraint ~
4 namely ~
4 slam ~
3 chase ~
!!! bury ~
9 draw up ~
9 erase ~
5 misfortune ~
8 clue ~
5 intrusive ~
3 slice ~
2 hypocrisy ~
2 counselor ~
3 prevail ~
!!! verbal ~
4 awkward ~
!!! intricate ~
5 lung ~
!!! manner ~
7 dull ~
5 chunk ~
1 fluctuate ~
