2023-05-25 02:00:07.4949 INFO 
said Converted words : 
 3 ward ~
8 assign ~
4 provoke ~
8 indicate ~
5 cut it out ~
6 discrete ~
9 underlying ~
2 insult ~
7 vanish ~
6 extinct ~
8 intact ~
9 stink ~
!!! abuse ~
7 prize ~
4 superficial ~
9 disturbance ~
8 revoke ~
9 fluid ~
2 replicate ~
1 convey ~
3 accomplishment ~
8 advancement ~
6 bang on time ~
2 acquire ~
9 brisk ~
7 incident ~
5 expel ~
7 reckless ~
1 muddy ~
6 diversion ~
!!! territory ~
2 curl up ~
!!! fade away ~
9 repetitive ~
6 end up ~
7 reckon ~
3 contribute ~
8 sacrifice ~
!!! ambush ~
7 pop up ~
5 horrific ~
2023-05-25 23:34:48.3338 INFO 
said Converted words : 
 1 mention ~
9 sacrifice ~
!!! repetitive ~
3 curl up ~
8 reckless ~
8 incident ~
3 acquire ~
4 accomplishment ~
2 convey ~
3 replicate ~
9 revoke ~
!!! disturbance ~
7 abuse ~
!!! stink ~
9 intact ~
8 vanish ~
7 discrete ~
5 provoke ~
1 rehearsal ~
1 rampage ~
4 ward ~
9 assign ~
9 indicate ~
6 cut it out ~
!!! underlying ~
3 insult ~
7 extinct ~
8 prize ~
5 superficial ~
!!! fluid ~
9 advancement ~
7 bang on time ~
!!! brisk ~
6 expel ~
2 muddy ~
7 diversion ~
7 end up ~
8 reckon ~
4 contribute ~
8 pop up ~
6 horrific ~
