2023-02-28 01:39:19.0659 INFO 
1 scattered ~

2 odorless  ~

!!! scrape ~

3 internal ~

9 pretend ~

6 downtown ~

!!! precious ~

!!! invincible ~

!!! persuasion ~

!!! chores ~

!!! weasel ~

9 spiteful ~

!!! component ~

3 destructive ~

!!! swamp ~

!!! imperative ~

4 accidentally ~

8 farewell ~

!!! revise ~

!!! ingredient ~

4 Cursor ~

!!! prickly  ~

7 contractor ~

4 innocent ~

3 external ~

1 equation ~

!!! Indicate ~

!!! reside ~

8 pass out ~

9 enhance ~

5 emphasize ~

!!! convention~

9 strictly ~

!!! intense ~

2 stunt ~

!!! retrieve ~

!!! impact  ~

!!! reluctance ~

8 inspiration~

6 pursue ~

7 manure ~

!!! tie up ~

6 confession ~

3 diffuse ~

!!! consequent ~

5 stench ~

!!! leap ~

5 reboot ~

1 demonstrate ~

1 no longer ~
