2023-04-23 02:03:04.8450 INFO 
said Converted words : 
 5 intact ~
!!! acronym ~
8 suntan ~
!!! consider ~
!!! medieval ~
3 confidence ~
9 wildlife ~
9 conductive ~
2 denote ~
7 affluent ~
5 represent ~
4 broom ~
8 addicted ~
3 consecutive ~
9 muddy ~
9 patience ~
8 reptile ~
!!! showy ~
2 germ ~
1 grape ~
1 base on ~
7 humiliation ~
4 foolproof ~
8 hideous ~
3 devote ~
9 pressure ~
!!! built in ~
8 decent ~
!!! cope ~
4 watch out ~
8 Santa Claus ~
8 skull ~
3 rectangle ~
3 faint ~
6 no sense ~
3 fairy ~
4 meddle ~
8 blink ~
4 defect ~
7 vacant ~
7 faucet ~
!!! dice ~
6 immutable ~
2 mime ~
1 invert ~
