2023-05-30 02:50:11.9671 INFO 
said Converted words : 
 8 horrific ~
!!! pop up ~
8 underlying ~
8 cut it out ~
7 indicate ~
7 assign ~
3 rampage ~
6 accomplishment ~
!!! reckless ~
2 figment ~
3 mention ~
!!! incident ~
4 convey ~
5 replicate ~
8 disturbance ~
9 discrete ~
3 rehearsal ~
6 ward ~
5 insult ~
!!! prize ~
4 muddy ~
!!! reckon ~
1 tidy ~
1 morality ~
1 tedious ~
2 deliberate ~
9 end up ~
8 expel ~
7 advancement ~
9 extinct ~
7 provoke ~
9 abuse ~
5 curl up ~
2 invasion ~
8 repetitive ~
5 acquire ~
!!! vanish ~
7 superficial ~
9 bang on time ~
9 diversion ~
6 contribute ~
2023-05-30 02:52:36.5172 INFO 
said Converted words : 
 manure ~
9 pop up ~
5 contribute ~
7 underlying ~
7 cut it out ~
!!! indicate ~
!!! assign ~
9 vanish ~
7 repetitive ~
1 invasion ~
!!! sacrifice ~
4 curl up ~
3 convey ~
7 disturbance ~
6 provoke ~
5 ward ~
4 insult ~
8 extinct ~
!!! advancement ~
3 muddy ~
9 reckon ~
tidy ~
morality ~
tedious ~
1 deliberate ~
8 end up ~
7 expel ~
9 prize ~
2 rehearsal ~
8 discrete ~
!!! intact ~
8 abuse ~
4 replicate ~
9 incident ~
2 mention ~
1 figment ~
9 reckless ~
4 acquire ~
5 accomplishment ~
!!! revoke ~
2 rampage ~
6 superficial ~
8 bang on time ~
8 diversion ~
7 horrific ~
2023-05-30 02:52:51.7351 INFO 
said Converted words : 
 1 manure ~
!!! pop up ~
6 contribute ~
9 diversion ~
9 bang on time ~
7 superficial ~
8 underlying ~
8 cut it out ~
7 assign ~
3 rampage ~
8 repetitive ~
2 figment ~
!!! incident ~
5 replicate ~
9 discrete ~
3 rehearsal ~
5 insult ~
!!! prize ~
7 advancement ~
8 expel ~
!!! reckon ~
1 tidy ~
1 tedious ~
1 morality ~
2 deliberate ~
9 end up ~
4 muddy ~
9 extinct ~
6 ward ~
7 provoke ~
9 abuse ~
8 disturbance ~
4 convey ~
5 curl up ~
3 mention ~
2 invasion ~
!!! reckless ~
5 acquire ~
6 accomplishment ~
!!! vanish ~
7 indicate ~
8 horrific ~
2023-05-30 17:53:22.7113 INFO 
said Converted words : 
 7 indicate ~
!!! vanish ~
!!! reckless ~
3 mention ~
5 curl up ~
6 ward ~
9 extinct ~
4 muddy ~
9 end up ~
2 deliberate ~
1 tidy ~
7 advancement ~
!!! prize ~
9 discrete ~
5 replicate ~
!!! incident ~
7 assign ~
8 cut it out ~
7 superficial ~
9 bang on time ~
9 diversion ~
1 manure ~
!!! pop up ~
6 contribute ~
8 underlying ~
3 rampage ~
8 repetitive ~
2 figment ~
3 rehearsal ~
5 insult ~
8 expel ~
!!! reckon ~
1 tedious ~
1 morality ~
7 provoke ~
9 abuse ~
8 disturbance ~
4 convey ~
2 invasion ~
5 acquire ~
6 accomplishment ~
8 horrific ~
stunt ~
