2023-04-29 02:38:10.8634 INFO 
said Converted words : 
 1 allowance ~
1 prone ~
9 faucet ~
6 downright ~
9 fairy ~
!!! watch out ~
8 intact ~
5 dispute ~
7 represent ~
!!! blink ~
7 grape ~
4 fellow ~
9 consecutive ~
8 immutable ~
3 retreat ~
!!! foolproof ~
!!! conductive ~
!!! hideous ~
!!! broom ~
2 surgeon~
4 chew ~
7 defect ~
6 mindset ~
5 decent ~
8 denote ~
5 underlying ~
5 mankind ~
9 rectangle ~
6 devote ~
8 germ ~
2 feud ~
9 humiliation ~
6 abolish ~
4 invert ~
9 faint ~
4 lewd ~
!!! meddle ~
8 mime ~
9 suntan ~
7 base on ~
9 confidence ~
3 bunch ~
2023-04-29 18:18:25.4867 INFO 
zeynep Converted words : 
 9 promptly ~
!!! past ~
!!! hurt ~
6 replacing ~
2 installation ~

