2023-02-25 03:35:00.9766 INFO 
1 innocent ~

2 reboot ~

!!! Indicate ~

7 intense ~

!!! leap ~

2 stench ~

!!! initially ~

9 adjust  ~

9 component ~

8 heroism ~

!!! businesslike ~

9 scrape ~

!!! retrieve ~

7 swamp ~

6 spiteful ~

!!! imperative ~

8 impact  ~

!!! snowflake ~

4 contractor ~

6 strictly ~

8 prickly  ~

!!! convention~

7 weasel ~

!!! reluctance ~

1 accidentally ~

1 Cursor ~

7 chores ~

9 ingredient ~

!!! famine ~

!!! isolate ~

9 persuasion ~

!!! consequent ~

5 inspiration~

8 reside ~

2 emphasize ~

3 pursue ~

9 invincible ~

6 enhance ~

4 manure ~

5 farewell ~

!!! revise ~

9 intention  ~

7 tie up ~

!!! precious ~

2 internal ~

6 confession ~

8 betrayer ~

5 pass out ~

8 aspiring ~

6 pretend ~

3 downtown ~
