2023-02-14 02:27:46.7323 INFO 
!!! Greedy -

!!! resilient -

7 wicked -

!!! rummage  -

5 imitate -

3 insensitive -

!!! facilitate -

!!! preserve -

!!! supply -

2 betrayer -

8 remedy -

!!! suppose -

7 squish -

7 oppose -

9 moot  -

!!! chimney -

!!! quantity -

6 spy -

4 fable -

2 famine -

2 scrape -

6 insoluble -

8 retrieve -

!!! conclude -

7 excessive -

3 leap -

2 consequent -

2 intense -

2 reside -

2 isolate -

!!! rigorous  -

5 precious -

!!! interference -

!!! approach -

3 convention-

!!! agriculture -

6 mandatory-

6 Indicate -

!!! confidential -

6 initially -

4 butcher -

2 reluctance -

!!! obey -

!!! imperative  -

7 butter -

5 revise -

!!! wrinkle -
