2023-04-14 00:11:15.6289 INFO 
said Converted words : 
 1 patience ~
8 catchy ~
4 decent ~
6 fewer ~
4 Santa Claus ~
7 pluck ~
9 prevent ~
3 cure ~
5 ignorant ~
7 slacker ~
!!! various ~
5 medieval ~
9 lousy ~
6 acronym ~
3 get rid of ~
6 showy ~
7 While it is true ~
8 reptile ~
6 consider ~
8 incapable ~
2 built in ~
2 cope ~
1 wildlife ~
1 muddy ~
1 pressure ~
4 hideous ~
8 crumble ~
6 upon ~
7 revive ~
5 feature ~
9 adversity ~
!!! recommend ~
7 relieve ~
2 dice ~
7 affluent ~
5 conductive ~
!!! stance ~
3 humiliation ~
9 herb ~
7 obsolete ~
8 satisfactory ~
6 inflate ~
8 adept ~
