2023-04-22 02:14:40.1369 INFO 
zeynep Converted words : 
 8 past ~
7 promptly ~
8 hurt ~
4 replacing ~
2023-04-22 02:21:38.7663 INFO 
said Converted words : 
 1 denote-göstermek ~
2 rectangle ~
2 faint ~
7 skull ~
!!! affluent ~
5 no sense ~
7 Santa Claus ~
!!! upon ~
2 fairy ~
3 watch out ~
4 represent ~
8 conductive ~
9 cope ~
3 broom ~
3 meddle ~
7 blink ~
7 decent ~
7 addicted ~
8 wildlife ~
9 built in ~
8 pressure ~
2 consecutive ~
2 confidence ~
3 defect ~
9 medieval ~
!!! get rid of ~
!!! cure ~
8 muddy ~
9 consider ~
6 vacant ~
2 devote ~
8 patience ~
7 suntan ~
6 faucet ~
7 hideous ~
7 reptile ~
3 foolproof ~
9 dice ~
5 immutable ~
9 acronym ~
6 intact ~
9 showy ~
!!! humiliation ~
1 mime-pandomim ~
1 germ-mikrop ~
2023-04-22 02:22:24.4872 INFO 
said Converted words : 
 1 germ ~
!!! humiliation ~
9 showy ~
3 foolproof ~
7 reptile ~
7 hideous ~
8 patience ~
2 devote ~
8 muddy ~
!!! cure ~
!!! get rid of ~
2 consecutive ~
8 pressure ~
9 built in ~
7 addicted ~
7 decent ~
3 broom ~
9 cope ~
4 represent ~
3 watch out ~
!!! upon ~
7 Santa Claus ~
!!! affluent ~
7 skull ~
1 denote ~
2 rectangle ~
2 faint ~
5 no sense ~
2 fairy ~
8 conductive ~
3 meddle ~
7 blink ~
8 wildlife ~
2 confidence ~
3 defect ~
9 medieval ~
9 consider ~
6 vacant ~
7 suntan ~
6 faucet ~
9 dice ~
5 immutable ~
9 acronym ~
6 intact ~
1 mime ~
2023-04-22 02:22:52.2844 INFO 
zeynep Converted words : 
 5 replacing ~
9 hurt ~
9 past ~
8 promptly ~
1 installation ~
