2023-03-04 01:33:55.3670 INFO 
2 towel ~

3 wipe  ~

4 scattered ~

!!! Indicate ~

4 forfeit ~

6 odorless  ~

7 destructive ~

!!! strictly ~

4 cheek ~

1 aptitude ~

1 elbow ~

!!! spiteful ~

5 demonstrate ~

!!! pursue ~

8 reside ~

8 accidentally ~

3 swallow ~

!!! persuasion ~

7 external ~

5 stench ~

7 diffuse ~

1 maintenance ~

1 funeral ~

2 cemetery ~

!!! convention~

6 stunt ~

!!! retrieve ~

7 internal ~

4 bleed ~

1 quarterback ~

4 equation ~

!!! confession ~

9 reboot ~

9 emphasize ~

!!! downtown ~

!!! ingredient ~

8 Cursor ~

5 no longer ~

8 innocent ~

3 herbal ~

3 hideout ~

1 reckon ~

2 ambiguity ~

1 mug ~

1 manner ~
