2023-05-29 00:35:57.0928 INFO 
said Converted words : 
 1 deliberate ~
9 reckon ~
8 end up ~
3 muddy ~
7 expel ~
!!! advancement ~
9 prize ~
8 extinct ~
4 insult ~
5 ward ~
2 rehearsal ~
6 provoke ~
8 discrete ~
!!! intact ~
8 abuse ~
7 disturbance ~
4 replicate ~
3 convey ~
9 incident ~
4 curl up ~
!!! sacrifice ~
2 mention ~
1 figment ~
1 invasion ~
7 repetitive ~
9 reckless ~
4 acquire ~
5 accomplishment ~
!!! revoke ~
9 vanish ~
2 rampage ~
!!! assign ~
!!! indicate ~
7 cut it out ~
7 underlying ~
6 superficial ~
8 bang on time ~
8 diversion ~
5 contribute ~
9 pop up ~
7 horrific ~
