2023-03-12 01:46:59.2977 INFO 
1 intrusive ~

1 chunk ~

1 wreck ~

3 dull ~

8 elbow ~

7 bush ~

9 quarterback ~

6 verbal ~

!!! wipe  ~

4 clue ~

1 misfortune ~

2 unresponsive ~

3 constraint ~

6 intricate ~

!!! swallow ~

6 ignorance ~

7 bankrupting  ~

5 erase ~

!!! destructive ~

5 mourn ~

4 estimate ~

9 aptitude ~

5 subtraction ~

4 eventually ~

!!! towel ~

3 insured ~

1 alligator ~

9 maintenance ~

9 reckon ~

8 adorable ~

7 bury ~

!!! ambiguity ~

!!! equation ~

5 landlord ~

9 cemetery ~

9 funeral ~

8 desperate ~

6 achievement ~

9 manner ~

5 draw up ~

!!! forfeit ~

9 mug ~

3 candidate ~

4 punctual ~

8 reputation ~

1 lung ~
