2023-03-25 02:48:15.9649 INFO 
said Converted words : 
 1 brief ~
3 benchmark ~
8 claw ~
9 namely ~
9 insure ~
5 culprit ~
8 prevail ~
6 fraud ~
!!! misfortune ~
6 purse ~
2 curtain ~
3 crowbar ~
3 brow ~
9 slam ~
7 counselor ~
3 retribution ~
8 endure ~
4 exclusive ~
1 drawback ~
1 adept ~
6 occasionally ~
6 intent ~
4 by means of ~
7 adhere ~
4 interval ~
9 circus ~
9 purchaser ~
7 intricate ~
8 inevitably ~
9 punctual ~
2 fed up ~
8 versatile ~
3 unresponsive ~
5 puddle ~
7 exceed ~
!!! intrusive ~
5 consist ~
5 refrain ~
7 fluctuate ~
8 cruel ~
7 fist ~
2 interpret ~
2023-03-25 16:22:19.0377 INFO 
zeynep  Converted words : 
 8 adasd ~
3 ads ~
8 asddas ~
8 adasd ~
3 d ~
8 adasd ~
3 ds ~
3 a ~
3 dsa ~
2023-03-25 16:23:49.0054 INFO 
zeynep Converted words : 
 9 adasd ~
9 adasd ~
689390255394 ~
9 adasd ~
4 ads ~
9 asddas ~
4 d ~
4 ds ~
4 a ~
4 dsa ~
2023-03-25 16:23:58.3695 INFO 
zeynep Converted words : 
 4 a ~
4 ds ~
9 adasd ~
4 d ~
9 adasd ~
9 asddas ~
4 ads ~
9 adasd ~
4 dsa ~
2023-03-25 16:30:54.2836 INFO 
zeynep  Converted words : 
 5 dsa ~
!!! adasd ~
2023-03-25 16:31:13.5996 INFO 
zeynep  Converted words : 
 6 dsa ~
7 adasd ~
2023-03-25 16:32:14.1412 INFO 
zeynep Converted words : 
 7 dsa ~
8 adasd ~
2023-03-25 16:32:17.8060 INFO 
zeynep Converted words : 
 9 adasd ~
8 dsa ~
2023-03-25 16:33:12.5316 INFO 
zeynep Converted words : 
 !!! adasd ~
9 dsa ~
