2023-05-22 01:05:58.8537 INFO 
said Converted words : 
 1 provoke ~
8 incident ~
!!! consult ~
7 abuse ~
4 prize ~
7 ambush ~
!!! underlying ~
6 stink ~
8 pop up ~
5 indicate ~
2 cut it out ~
3 discrete ~
6 extinct ~
9 advancement ~
4 reckless ~
3 bang on time ~
!!! repetitive ~
9 mourn~
!!! fluid ~
8 vanish ~
1 superficial ~
2 horrific ~
5 sacrifice ~
9 assign ~
6 disturbance ~
7 intact ~
8 devote ~
5 diversion ~
9 revoke ~
!!! brisk ~
!!! violate ~
!!! compass ~
!!! prone ~
8 resign ~
7 fade away ~
3 end up ~
7 territory ~
8 reputable ~
!!! retreat ~
9 thrill ~
4 reckon ~
2 expel ~
