2023-03-31 00:27:04.1248 INFO 
zeynep Converted words : 
 7 adasd ~
!!! dsa ~
2023-03-31 00:27:14.6337 INFO 
zeynep Converted words : 
 8 adasd ~
2023-03-31 00:27:42.3005 TRACE 
zeynep Converted words : 
 7 adasd ~
2023-03-31 00:27:48.5394 TRACE 
zeynep Converted words : 
 7 adasd ~

2023-03-31 00:33:15.9010 INFO 
zeynep  Converted words : 
 
2023-03-31 01:41:08.6801 INFO 
zeynep  Converted words : 
 1 hurt ~
1 replacing ~
1 promptly ~
1 past ~
2023-03-31 02:42:06.4104 INFO 
said Converted words : 
 4 invent ~
6 barely ~
6 dusk ~
6 excuse ~
6 interpret ~
!!! exclusive ~
7 adept ~
8 fed up ~
2 concern ~
2 interior ~
8 consist ~
7 drawback ~
7 puddle ~
9 retribution ~
7 brief ~
!!! versatile ~
!!! by means of ~
3 culprit ~
!!! interval ~
1 quagmire ~
1 obsolete ~
1 hence ~
2 forceful ~
3 detention ~
5 grocery ~
9 intent ~
8 adhere ~
!!! endure ~
!!! inevitably ~
9 crowbar ~
9 benchmark ~
4 pathetic ~
9 brow ~
8 prevail ~
5 accumulate ~
3 relieve ~
5 crumble ~
8 refrain ~
7 intrusive ~
6 tummy ~
8 occasionally ~
9 unresponsive ~
4 improvise ~
9 fluctuate ~
3 curtain ~

