2023-02-27 01:37:46.3303 INFO 
1 odorless  ~

4 reboot ~

!!! leap ~

4 stench ~

!!! scrape ~

!!! consequent ~

2 internal ~

!!! betrayer ~

8 pretend ~

5 downtown ~

2 diffuse ~

8 confession ~

!!! precious ~

9 tie up ~

6 manure ~

!!! invincible ~

5 pursue ~

7 inspiration~

!!! persuasion ~

9 chores ~

!!! reluctance ~

9 weasel ~

!!! impact  ~

8 spiteful ~

!!! retrieve ~

!!! component ~

!!! adjust  ~

!!! initially ~

2 destructive ~

1 stunt ~

9 intense ~

9 swamp ~

!!! imperative ~

8 strictly ~

!!! convention~

3 accidentally ~

4 emphasize ~

8 enhance ~

7 farewell ~

7 pass out ~

!!! aspiring ~

!!! revise ~

!!! reside ~

!!! ingredient ~

3 Cursor ~

!!! prickly  ~

6 contractor ~

!!! heroism ~

!!! Indicate ~

3 innocent ~

2 external ~
