2023-02-23 02:01:45.0768 INFO 
1 reboot ~

2 downtown ~

5 pretend ~

7 aspiring ~

!!! Indicate ~

4 pass out ~

6 intense ~

!!! leap ~

7 betrayer ~

5 confession ~

2 stench ~

2 internal ~

!!! initially ~

8 adjust  ~

8 component ~

!!! insensitive ~

!!! precious ~

7 heroism ~

6 tie up ~

9 businesslike ~

8 intention  ~

9 revise ~

4 farewell ~

3 manure ~

8 scrape ~

5 enhance ~

!!! retrieve ~

!!! remedy ~

6 swamp ~

8 invincible ~

3 pursue ~

1 emphasize ~

5 spiteful ~

7 reside ~

!!! imperative  ~

4 inspiration~

!!! consequent ~

7 impact  ~

9 snowflake ~

3 contractor ~

5 strictly ~

7 prickly  ~

8 persuasion ~

!!! convention~

6 weasel ~

9 isolate ~

9 reluctance ~

9 famine ~

8 ingredient ~

6 chores ~
