2023-05-11 01:39:15.1143 INFO 
said Converted words : 
 1 variety  ~
4 indicate ~
2 comma ~
!!! denote ~
!!! immutable ~
!!! mime ~
3 as well as ~
7 allowance ~
7 invert ~
8 meddle ~
8 surgeon~
6 violate ~
9 defect ~
7 humiliation ~
9 bunch ~
8 downright ~
2 thrill ~
1 pop up ~
1 shabby ~
9 devote ~
5 manufacturer ~
4 incident ~
!!! fellow ~
7 prone ~
8 conductive ~
3 fluid ~
3 ruin ~
3 brisk ~
!!! chew ~
!!! lewd ~
8 feud ~
3 aesthetic ~
9 base on ~
7 underlying ~
4 permanent ~
5 identical ~
4 intact ~
6 sustainable ~
7 faint ~
5 mischief ~
9 retreat ~
8 foolproof ~
1 curse ~
2023-05-11 01:43:54.7424 INFO 
said Converted words : 
 8 foolproof ~
7 faint ~
5 identical ~
9 base on ~
3 brisk ~
8 conductive ~
7 prone ~
!!! fellow ~
4 incident ~
5 manufacturer ~
1 shabby ~
1 pop up ~
7 humiliation ~
9 defect ~
8 surgeon~
8 meddle ~
3 as well as ~
!!! mime ~
!!! denote ~
2 comma ~
4 indicate ~
1 variety  ~
!!! immutable ~
7 allowance ~
7 invert ~
6 violate ~
9 bunch ~
8 downright ~
2 thrill ~
9 devote ~
3 fluid ~
3 ruin ~
!!! chew ~
!!! lewd ~
8 feud ~
3 aesthetic ~
7 underlying ~
4 permanent ~
4 intact ~
6 sustainable ~
5 mischief ~
9 retreat ~
1 curse ~
1 forfeit ~
2023-05-11 23:06:05.9635 INFO 
said Converted words : 
 1 beholder ~
2 forfeit ~
8 underlying ~
4 aesthetic ~
9 feud ~
7 lewd ~
3 thrill ~
!!! bunch ~
8 invert ~
8 allowance ~
7 immutable ~
3 comma ~
4 as well as ~
8 humiliation ~
2 pop up ~
6 manufacturer ~
5 incident ~
7 fellow ~
4 brisk ~
!!! base on ~
8 faint ~
9 foolproof ~
1 abuse ~
1 beg ~
6 identical ~
9 conductive ~
8 prone ~
2 shabby ~
!!! defect ~
9 surgeon~
9 meddle ~
7 denote ~
5 indicate ~
2 variety  ~
4 violate ~
9 downright ~
!!! devote ~
4 fluid ~
4 ruin ~
5 permanent ~
5 intact ~
7 sustainable ~
6 mischief ~
!!! retreat ~
2 curse ~
