2023-05-20 00:53:07.5653 INFO 
said Converted words : 
 1 discrete ~
5 indicate ~
8 violate ~
8 compass ~
!!! pop up ~
4 stink ~
4 extinct ~
8 brisk ~
!!! forfeit ~
7 advancement ~
8 underlying ~
!!! variety  ~
7 revoke ~
!!! curse ~
8 prone ~
6 resign ~
5 ambush ~
5 fade away ~
3 diversion ~
2 reckless ~
1 end up ~
1 bang on time ~
2 prize ~
8 repetitive ~
!!! devote ~
7 mourn~
9 intact ~
5 territory ~
9 beg ~
9 abuse ~
4 disturbance ~
8 consult ~
6 reputable ~
8 retreat ~
8 fluid ~
6 incident ~
9 beholder ~
7 assign ~
!!! shabby ~
6 vanish ~
7 thrill ~
9 permanent ~
3 sacrifice ~
2 reckon ~
