2023-05-24 01:10:50.4568 INFO 
said Converted words : 
 1 insult ~
1 curl up ~
9 territory ~
9 fade away ~
5 diversion ~
6 vanish ~
8 repetitive ~
8 underlying ~
5 discrete ~
6 extinct ~
6 reckless ~
5 end up ~
4 expel ~
9 intact ~
4 cut it out ~
8 stink ~
6 incident ~
9 abuse ~
6 prize ~
3 superficial ~
8 disturbance ~
7 revoke ~
8 brisk ~
6 reckon ~
1 acquire ~
2 contribute ~
!!! resign ~
7 sacrifice ~
5 bang on time ~
7 indicate ~
!!! reputable ~
!!! devote ~
8 fluid ~
7 advancement ~
3 provoke ~
2 accomplishment ~
9 ambush ~
!!! pop up ~
4 horrific ~
7 assign ~
2 ward ~
1 replicate ~
