2023-05-16 00:07:35.7443 INFO 
said Converted words : 
 1 ambush ~
3 mourn~
4 consult ~
!!! devote ~
7 comma ~
8 aesthetic ~
9 intact ~
8 underlying ~
3 advancement ~
2 resign ~
2 reputable ~
8 invert ~
6 forfeit ~
9 foolproof ~
4 repetitive ~
8 prone ~
!!! defect ~
9 permanent ~
6 curse ~
7 thrill ~
8 as well as ~
3 assign ~
2 vanish ~
1 fade away ~
1 territory ~
7 immutable ~
5 abuse ~
3 revoke ~
8 retreat ~
9 indicate ~
7 denote ~
!!! manufacturer ~
6 pop up ~
5 beholder ~
6 shabby ~
8 violate ~
8 ruin ~
4 incident ~
4 compass ~
7 sustainable ~
8 brisk ~
9 conductive ~
5 beg ~
!!! identical ~
8 fluid ~
!!! mischief ~
6 variety  ~
