2023-04-15 02:20:35.0578 INFO 
said Converted words : 
 1 addicted ~
9 satisfactory ~
8 obsolete ~
!!! herb ~
6 conductive ~
8 relieve ~
9 crumble ~
5 hideous ~
2 muddy ~
3 built in ~
4 get rid of ~
7 various ~
6 ignorant ~
!!! prevent ~
8 pluck ~
5 Santa Claus ~
1 blink ~
2 patience ~
9 catchy ~
5 decent ~
7 fewer ~
4 cure ~
8 slacker ~
6 medieval ~
!!! lousy ~
7 acronym ~
7 showy ~
8 While it is true ~
9 reptile ~
7 consider ~
9 incapable ~
3 cope ~
2 wildlife ~
2 pressure ~
7 upon ~
8 revive ~
6 feature ~
!!! adversity ~
3 dice ~
8 affluent ~
4 humiliation ~
7 inflate ~
9 adept ~
1 skull ~
1 suntan ~
