2023-06-08 15:32:19.2683 INFO 
said Converted words : 
 2 coincidence ~
!!! convey ~
6 stunt ~
6 oracle ~
7 morality ~
9 assign ~
3 humble ~
6 rectify ~
9 provoke ~
3 squirt ~
3 repair ~
8 figment ~
!!! muddy ~
7 tedious ~
7 diversion ~
8 vanish ~
4 handcuff ~
7 acquire ~
9 rehearsal ~
1 wrist ~
1 satisfy ~
1 tough ~
7 insult ~
7 tidy ~
6 genuine ~
8 accomplishment ~
5 backbone ~
7 manure ~
8 deliberate ~
5 rescue ~
8 incident ~
5 hence ~
5 punctual ~
8 reckless ~
9 rampage ~
8 ward ~
4 orphan ~
2 unstable ~
!!! disturbance ~
9 mention ~
4 wrath ~
5 approve ~
8 invasion ~
9 contribute ~
2023-06-08 15:47:04.9029 INFO 
said Converted words : 
 9 contribute ~
8 invasion ~
5 approve ~
9 mention ~
8 ward ~
9 rampage ~
5 punctual ~
5 hence ~
8 incident ~
8 deliberate ~
7 manure ~
5 backbone ~
8 accomplishment ~
6 genuine ~
7 tidy ~
7 insult ~
1 tough ~
1 satisfy ~
9 rehearsal ~
4 handcuff ~
7 diversion ~
8 figment ~
3 repair ~
3 squirt ~
6 rectify ~
7 morality ~
2 coincidence ~
!!! convey ~
6 stunt ~
6 oracle ~
9 assign ~
3 humble ~
9 provoke ~
!!! muddy ~
7 tedious ~
8 vanish ~
7 acquire ~
1 wrist ~
5 rescue ~
8 reckless ~
4 orphan ~
2 unstable ~
!!! disturbance ~
4 wrath ~
thick~
