2023-06-01 03:13:43.7823 INFO 
said Converted words : 
 1 oracle ~
9 horrific ~
7 accomplishment ~
3 invasion ~
5 convey ~
!!! abuse ~
8 provoke ~
2 morality ~
9 expel ~
6 insult ~
9 underlying ~
2 manure ~
!!! diversion ~
!!! bang on time ~
7 incident ~
6 replicate ~
!!! discrete ~
2 tidy ~
!!! extinct ~
7 ward ~
6 curl up ~
7 reckless ~
7 vanish ~
1 rectify ~
1 genuine ~
8 indicate ~
4 mention ~
5 muddy ~
!!! end up ~
3 deliberate ~
8 advancement ~
8 assign ~
9 cut it out ~
8 superficial ~
7 pop up ~
7 contribute ~
4 rampage ~
9 repetitive ~
3 figment ~
4 rehearsal ~
2 tedious ~
9 disturbance ~
6 acquire ~
1 stunt ~
2023-06-01 18:18:04.9066 INFO 
said Converted words : 
 6 acquire ~
9 disturbance ~
4 rehearsal ~
9 repetitive ~
4 rampage ~
7 pop up ~
8 assign ~
5 muddy ~
8 indicate ~
1 genuine ~
1 rectify ~
7 reckless ~
7 ward ~
2 tidy ~
6 replicate ~
!!! diversion ~
9 underlying ~
9 expel ~
5 convey ~
9 horrific ~
1 oracle ~
7 accomplishment ~
3 invasion ~
!!! abuse ~
8 provoke ~
2 morality ~
6 insult ~
2 manure ~
!!! bang on time ~
7 incident ~
!!! discrete ~
!!! extinct ~
6 curl up ~
7 vanish ~
4 mention ~
!!! end up ~
3 deliberate ~
8 advancement ~
9 cut it out ~
8 superficial ~
7 contribute ~
3 figment ~
2 tedious ~
1 stunt ~
hence ~
2023-06-01 18:50:36.5977 INFO 
said Converted words : 
 punctual ~
hence ~
1 stunt ~
2 tedious ~
8 superficial ~
9 cut it out ~
8 advancement ~
!!! end up ~
4 mention ~
7 vanish ~
!!! extinct ~
7 incident ~
!!! bang on time ~
2 manure ~
6 insult ~
2 morality ~
8 provoke ~
1 oracle ~
9 horrific ~
9 expel ~
2 tidy ~
1 rectify ~
8 indicate ~
7 pop up ~
4 rampage ~
4 rehearsal ~
6 acquire ~
9 disturbance ~
9 repetitive ~
8 assign ~
5 muddy ~
1 genuine ~
7 reckless ~
7 ward ~
6 replicate ~
!!! diversion ~
9 underlying ~
5 convey ~
7 accomplishment ~
3 invasion ~
!!! abuse ~
!!! discrete ~
6 curl up ~
3 deliberate ~
7 contribute ~
3 figment ~
