13:48:29.8817 INFO 
!!! confidential -

6 remedy -

9 suppose -

4 Indicate -

4 initially -

4 mandatory-

5 squish -

9 supply -

9 agriculture -

2 butcher -

1 reluctance -

5 oppose -

7 moot  -

!!! chimney -

!!! trial -

1 convention-

!!! preserve -

!!! facilitate -

!!! quantity -

4 spy -

!!! obey -

2 fable -

1 famine -

1 scrape -

1 insensitive -

3 imitate -

4 insoluble -

!!! approach -

!!! rummage  -

6 retrieve -

!!! interference -

3 precious -

9 rigorous  -

5 wicked -

9 conclude -

!!! imperative  -

8 resilient -

5 excessive -

1 leap -

!!! arrange -

!!! instruction  -

5 butter -

3 revise -

9 wrinkle -

!!! forbid -

!!! Greedy -

1 consequent -
13:51:02.9726 TRACE 
1 asdadsasd -
23:17:36.7567 TRACE 
!!! suppose -
5 initially -
6 squish -
!!! agriculture -
2 reluctance -
8 moot  -
!!! trial -
!!! preserve -
!!! facilitate -
!!! quantity -
5 spy -
3 fable -
2 famine -
2 insensitive -
4 imitate -
7 retrieve -
!!! interference -
4 precious -
!!! rigorous  -
6 wicked -
2 leap -
6 butter -
4 revise -
!!! wrinkle -
!!! forbid -
!!! Greedy -
2 consequent -
!!! instruction  -
!!! arrange -
6 excessive -
9 resilient -
!!! imperative  -
!!! conclude -
!!! rummage  -
!!! approach -
5 insoluble -
2 scrape -
!!! obey -
2 convention-
!!! chimney -
6 oppose -
3 butcher -
!!! supply -
5 mandatory-
5 Indicate -
7 remedy -
!!! confidential -
23:25:41.2698 INFO 
!!! forbid -

!!! wrinkle -

4 revise -
23:27:10.6485 INFO 
1 as -

1 asd -

1 asd -

1 asdasd -

1 asd -

1 d -
23:27:43.3619 INFO 
1 d -

1 asd -

1 sadasdsdads -

1 as -

1 das -
