2023-03-09 02:05:40.8854 INFO 
1 clue ~

2 draw up ~

3 intricate ~

5 elbow ~

6 maintenance ~

8 swallow ~

9 bleed ~

5 reputation ~

6 reckon ~

9 cheek ~

3 ignorance ~

!!! demonstrate ~

6 manner ~

9 forfeit ~

4 bankrupting  ~

8 wipe  ~

5 adorable ~

!!! odorless  ~

7 towel ~

3 achievement ~

2 erase ~

!!! stench ~

9 scattered ~

4 bush ~

!!! no longer ~

6 mug ~

6 quarterback ~

!!! destructive ~

8 herbal ~

5 desperate ~

1 punctual ~

1 eventually ~

!!! persuasion ~

8 hideout ~

!!! retrieve ~

6 funeral ~

2 subtraction ~

3 verbal ~

!!! diffuse ~

6 cemetery ~

2 mourn ~

4 bury ~

7 ambiguity ~

6 aptitude ~

9 equation ~

2 landlord ~

1 estimate ~
