2023-04-20 00:12:24.7610 INFO 
said Converted words : 
 1 consecutive ~
1 confidence ~
2 defect ~
8 medieval ~
7 pressure ~
!!! crumble ~
9 get rid of ~
8 built in ~
7 wildlife ~
6 addicted ~
!!! decent ~
6 blink ~
2 meddle ~
2 broom ~
9 cure ~
8 cope ~
7 muddy ~
8 consider ~
5 vacant ~
7 conductive ~
3 represent ~
2 watch out ~
1 devote ~
1 fairy ~
7 patience ~
6 suntan ~
5 faucet ~
!!! hideous ~
!!! reptile ~
2 foolproof ~
9 upon ~
!!! Santa Claus ~
8 dice ~
4 immutable ~
4 no sense ~
8 acronym ~
9 affluent ~
!!! satisfactory ~
5 intact ~
8 showy ~
9 humiliation ~
6 skull ~
1 faint ~
1 rectangle ~
