2023-02-20 02:07:44.1024 INFO 
2 spiteful -

2 pretend -

2 strictly -

4 confession -

4 prickly  -

4 aspiring -

4 betrayer -

!!! initially -

5 adjust  -

4 reside -

3 chores -

5 component -

8 insensitive -

8 leap -

5 invincible -

!!! excessive -

5 persuasion -

!!! precious -

!!! spy -

!!! imperative  -

6 snowflake -

9 fable -

5 intense -

!!! imitate -

4 heroism -

3 swamp -

3 tie up -

4 impact  -

8 convention-

9 Indicate -

9 butcher -

6 businesslike -

!!! remedy -

!!! confidential -

3 weasel -

5 ingredient -

7 consequent -

6 isolate -

!!! retrieve -

5 intention  -

6 famine -

2 enhance -

6 revise -

6 reluctance -

5 scrape -

1 inspiration-

1 farewell -

1 pass out -
