2023-03-14 00:15:33.9658 INFO 
3 chunk ~
3 wreck ~
5 dull ~
!!! quarterback ~
!!! aptitude ~
!!! desperate ~
9 manner ~
3 lung ~
!!! reputation ~
8 achievement ~
!!! adorable ~
3 alligator ~
5 insure ~
7 mourn ~
!!! destructive ~
8 intricate ~
5 constraint ~
4 unresponsive ~
2 namely ~
2 slam ~
1 chase ~
2 awkward ~
!!! elbow ~
9 bush ~
8 verbal ~
6 estimate ~
!!! reckon ~
9 bury ~
!!! forfeit ~
5 candidate ~
6 punctual ~
!!! mug ~
7 draw up ~
7 landlord ~
!!! maintenance ~
6 eventually ~
7 subtraction ~
7 erase ~
9 bankrupting  ~
8 ignorance ~
3 misfortune ~
6 clue ~
3 intrusive ~
1 slice ~
1 prevail ~
