2023-03-23 01:15:25.8379 INFO 
1 brow ~
2 interval ~
5 adhere ~
7 circus ~
7 purchaser ~
9 constraint ~
3 puddle ~
6 claw ~
2 by means of ~
!!! desperate ~
7 namely ~
9 unresponsive ~
7 slam ~
9 intricate ~
9 counselor ~
!!! slice ~
9 hypocrisy ~
5 exceed ~
7 insure ~
4 intent ~
3 culprit ~
1 retribution ~
6 prevail ~
8 intrusive ~
9 estimate ~
4 fraud ~
6 endure ~
3 consist ~
5 refrain ~
6 inevitably ~
9 manner ~
5 fluctuate ~
7 punctual ~
2 exclusive ~
6 cruel ~
!!! chase ~
5 fist ~
8 misfortune ~
4 purse ~
4 occasionally ~
6 versatile ~
1 benchmark ~
1 crowbar ~
2023-03-23 12:44:54.5352 INFO 
8 adasd ~
8 adasd ~
8 adasd ~
8 asddas ~
2023-03-23 12:45:02.6425 INFO 
8 asddas ~
8 adasd ~
8 adasd ~
8 adasd ~
2023-03-23 12:51:29.4318 INFO 
9 adasd ~
9 adasd ~
9 asddas ~
9 adasd ~
2023-03-23 12:56:36.4537 INFO 

2023-03-23 12:56:40.3563 INFO 

2023-03-23 12:56:42.2302 INFO 

2023-03-23 12:56:43.6327 INFO 

2023-03-23 12:56:43.8828 INFO 

2023-03-23 12:56:44.0722 INFO 

2023-03-23 12:56:44.2820 INFO 

2023-03-23 12:56:44.4841 INFO 

2023-03-23 12:56:44.6794 INFO 

2023-03-23 12:56:44.8904 INFO 

2023-03-23 12:57:14.9036 INFO 
!!! adasd ~
1 ads ~
3 adasd ~
!!! adasd ~
1 asd ~
1 asd ~
2 asddas ~
2023-03-23 12:59:41.8781 INFO 
1 crowbar ~
6 versatile ~
4 purse ~
8 misfortune ~
!!! chase ~
7 punctual ~
9 manner ~
6 inevitably ~
4 fraud ~
9 estimate ~
6 prevail ~
3 culprit ~
7 insure ~
9 hypocrisy ~
9 intricate ~
9 unresponsive ~
7 namely ~
6 claw ~
9 constraint ~
7 purchaser ~
7 circus ~
1 brow ~
2 interval ~
5 adhere ~
3 puddle ~
2 by means of ~
!!! desperate ~
7 slam ~
9 counselor ~
!!! slice ~
5 exceed ~
4 intent ~
1 retribution ~
8 intrusive ~
6 endure ~
3 consist ~
5 refrain ~
5 fluctuate ~
2 exclusive ~
6 cruel ~
5 fist ~
4 occasionally ~
1 benchmark ~
2023-03-23 13:01:13.0340 INFO 
!!! adasd ~
!!! adasd ~
!!! adasd ~
!!! asddas ~
2023-03-23 13:01:21.5402 INFO 
1 ds ~
1 d ~
!!! adasd ~
!!! adasd ~
!!! adasd ~
!!! asddas ~
1 dsa ~
1 a ~
1 ads ~
2023-03-23 13:03:11.2105 INFO 
2 ads ~
2 a ~
7 asddas ~
7 adasd ~
2 d ~
2 ds ~
7 adasd ~
7 adasd ~
2 dsa ~
2023-03-23 13:05:45.1445 INFO 
3 dsa ~
8 adasd ~
3 d ~
8 asddas ~
3 a ~
3 ads ~
8 adasd ~
3 ds ~
8 adasd ~
2023-03-23 13:06:06.2110 INFO 
7 adasd ~
2 ds ~
2 d ~
2 ads ~
2 a ~
7 asddas ~
7 adasd ~
7 adasd ~
2 dsa ~
2023-03-23 13:06:06.4961 INFO 
7 adasd ~
7 adasd ~
2 ads ~
2 a ~
7 asddas ~
7 adasd ~
2 d ~
2 ds ~
2 dsa ~
2023-03-23 13:06:06.6944 INFO 
2 dsa ~
7 adasd ~
7 adasd ~
2 ds ~
2 d ~
7 adasd ~
7 asddas ~
2 a ~
2 ads ~
2023-03-23 13:06:06.8880 INFO 
2 dsa ~
7 adasd ~
2 ds ~
2 d ~
2 ads ~
2 a ~
7 asddas ~
7 adasd ~
7 adasd ~
2023-03-23 13:06:07.0693 INFO 
2 dsa ~
7 adasd ~
2 ds ~
2 d ~
2 a ~
2 ads ~
7 asddas ~
7 adasd ~
7 adasd ~
2023-03-23 13:06:07.2731 INFO 
2 dsa ~
2 ds ~
7 adasd ~
2 ads ~
2 a ~
7 asddas ~
2 d ~
7 adasd ~
7 adasd ~
2023-03-23 13:06:07.4529 INFO 
7 adasd ~
7 adasd ~
2 ds ~
7 adasd ~
7 asddas ~
2 a ~
2 ads ~
2 d ~
2 dsa ~
2023-03-23 13:06:07.6637 INFO 
2 d ~
7 adasd ~
7 asddas ~
2 a ~
2 ads ~
2 ds ~
7 adasd ~
7 adasd ~
2 dsa ~
2023-03-23 13:06:07.8295 INFO 
7 adasd ~
7 adasd ~
2 d ~
2 a ~
2 ads ~
7 asddas ~
7 adasd ~
2 ds ~
2 dsa ~
2023-03-23 13:06:08.0243 INFO 
7 adasd ~
2 d ~
2 ads ~
2 a ~
7 asddas ~
7 adasd ~
2 ds ~
7 adasd ~
2 dsa ~
2023-03-23 13:06:08.2051 INFO 
2 dsa ~
7 adasd ~
2 ds ~
2 d ~
7 adasd ~
7 asddas ~
2 ads ~
2 a ~
7 adasd ~
2023-03-23 13:06:08.4198 INFO 
7 adasd ~
2 ds ~
2 d ~
7 adasd ~
7 asddas ~
2 a ~
2 ads ~
7 adasd ~
2 dsa ~
