2023-05-09 01:57:44.8515 INFO 
said Converted words : 
 1 aesthetic ~
9 rectangle ~
5 allowance ~
9 mankind ~
6 feud ~
5 invert ~
8 lewd ~
!!! abolish ~
9 dispute ~
7 base on ~
9 fairy ~
8 chew ~
!!! meddle ~
6 surgeon~
4 violate ~
7 defect ~
9 decent ~
9 underlying ~
2 permanent ~
1 brisk ~
1 ruin ~
1 fluid ~
1 as well as ~
9 confidence ~
8 mime ~
!!! mindset ~
!!! conductive ~
5 prone ~
9 humiliation ~
3 identical ~
5 intact ~
4 sustainable ~
8 fellow ~
2 incident ~
3 manufacturer ~
8 immutable ~
8 denote ~
7 devote ~
9 faint ~
7 bunch ~
3 mischief ~
!!! downright ~
7 retreat ~
!!! foolproof ~
2023-05-09 23:55:38.9251 INFO 
said Converted words : 
 1 thrill ~
7 downright ~
8 bunch ~
8 devote ~
4 manufacturer ~
3 incident ~
9 fellow ~
!!! humiliation ~
6 prone ~
7 conductive ~
2 fluid ~
2 ruin ~
2 brisk ~
!!! decent ~
8 defect ~
5 violate ~
7 surgeon~
7 meddle ~
9 chew ~
!!! fairy ~
!!! dispute ~
9 lewd ~
6 invert ~
7 feud ~
!!! rectangle ~
2 aesthetic ~
6 allowance ~
!!! mankind ~
8 base on ~
!!! underlying ~
3 permanent ~
2 as well as ~
!!! confidence ~
9 mime ~
4 identical ~
6 intact ~
5 sustainable ~
9 immutable ~
9 denote ~
!!! faint ~
4 mischief ~
8 retreat ~
7 foolproof ~
1 comma ~
