2023-02-22 02:52:49.6202 INFO 
1 downtown ~

2 pursue -takip ~

4 pretend -numara yapmak ~

7 invincible -yenilmez ~

!!! retrieve -geri almak ~

8 famine -kıtlıık ~

7 scrape - kazımak ~

3 farewell -elveda ~

7 intention  -sezgi ~

8 isolate -izole tmek ~

9 consequent - sonuç ~

5 weasel -gelincik ~

5 tie up - bağlmaka ~

5 intense -yoğun ~

8 snowflake -kar tanesi ~

!!! insensitive -duyarsız ~

7 component - parça ~

7 adjust  -ayarlamak ~

!!! initially -ilk oalrak ~

6 prickly  - huysuz dikenli ~

4 strictly -kesinlikle ~

2 contractor -mütahit ~

1 internal ~

1 stench ~

4 confession -itiraf ~

6 betrayer - hain ~

!!! leap - sıçramak ~

7 persuasion -ikna ~

!!! precious -kıymetli ~

6 heroism - kahramanlık ~

6 impact  - etki ~

!!! convention-ortak düşünce ~

8 businesslike -iş gibi ~

!!! confidential - gizli ~

8 revise -gözden geçirmek ~

8 reluctance -isteksizlik ~

3 inspiration-ilham ~

2 manure -gübre ~

3 pass out - bayılmak ~

4 enhance -genişletmek ~

7 ingredient -bileşen ~

!!! remedy -çare ~

!!! Indicate -belirtmek ~

5 swamp -bataklık ~

!!! imperative  -yasaklamak ~

5 chores -ev işleri ~

6 reside -ikamaet ~

6 aspiring -hevesli ~

4 spiteful -kindar ~
2023-02-22 02:54:50.5758 INFO 
1 downtown ~

4 pretend ~

6 aspiring ~

5 chores ~

!!! Indicate ~

7 ingredient ~

8 famine ~

3 pass out ~

8 reluctance ~

8 isolate ~

5 weasel ~

!!! confidential ~

!!! convention~

5 intense ~

7 persuasion ~

!!! leap ~

6 betrayer ~

6 prickly  ~

4 confession ~

4 strictly ~

2 contractor ~

1 stench ~

1 internal ~

!!! initially ~

7 adjust  ~

7 component ~

!!! insensitive ~

!!! precious ~

8 snowflake ~

6 heroism ~

5 tie up ~

6 impact  ~

8 businesslike ~

9 consequent ~

7 intention  ~

8 revise ~

3 inspiration~

3 farewell ~

2 manure ~

7 scrape ~

4 enhance ~

!!! retrieve ~

!!! remedy ~

5 swamp ~

!!! imperative  ~

7 invincible ~

6 reside ~

4 spiteful ~

2 pursue ~
2023-02-22 13:50:04.7648 TRACE 
5 pretend ~
6 chores ~
4 pass out ~
9 reluctance ~
!!! confidential ~
8 persuasion ~
!!! leap ~
7 betrayer ~
5 confession ~
2 stench ~
!!! insensitive ~
!!! precious ~
9 businesslike ~
8 intention  ~
9 revise ~
4 inspiration~
4 farewell ~
5 enhance ~
!!! retrieve ~
8 invincible ~
5 spiteful ~
3 pursue ~
7 reside ~
!!! imperative  ~
6 swamp ~
!!! remedy ~
8 scrape ~
3 manure ~
!!! consequent ~
7 impact  ~
6 tie up ~
7 heroism ~
9 snowflake ~
8 component ~
8 adjust  ~
!!! initially ~
2 internal ~
3 contractor ~
5 strictly ~
7 prickly  ~
6 intense ~
!!! convention~
6 weasel ~
9 isolate ~
9 famine ~
8 ingredient ~
!!! Indicate ~
7 aspiring ~
2 downtown ~
2023-02-22 13:50:09.9767 TRACE 
2 downtown ~
5 pretend ~
6 chores ~
9 famine ~
4 pass out ~
9 reluctance ~
9 isolate ~
6 weasel ~
!!! convention~
6 intense ~
!!! leap ~
7 prickly  ~
5 strictly ~
3 contractor ~
!!! initially ~
8 adjust  ~
!!! precious ~
9 snowflake ~
6 tie up ~
!!! consequent ~
8 intention  ~
4 farewell ~
3 manure ~
5 enhance ~
!!! retrieve ~
6 swamp ~
3 pursue ~
5 spiteful ~
7 reside ~
8 invincible ~
!!! imperative  ~
!!! remedy ~
8 scrape ~
4 inspiration~
9 revise ~
9 businesslike ~
7 impact  ~
7 heroism ~
!!! insensitive ~
8 component ~
2 internal ~
2 stench ~
5 confession ~
7 betrayer ~
8 persuasion ~
!!! confidential ~
8 ingredient ~
!!! Indicate ~
7 aspiring ~
