2023-03-21 02:13:42.1595 INFO 
8 desperate ~
9 punctual ~
6 fluctuate ~
7 manner ~
!!! wreck ~
4 inevitably ~
4 cruel ~
9 namely ~
7 unresponsive ~
8 chase ~
9 destructive ~
3 refrain ~
3 fist ~
!!! misfortune ~
4 purse ~
4 claw ~
1 consist ~
1 puddle ~
2 occasionally ~
4 endure ~
7 constraint ~
5 purchaser ~
9 slam ~
7 intricate ~
!!! chunk ~
9 awkward ~
7 counselor ~
2 fraud ~
8 slice ~
7 hypocrisy ~
7 estimate ~
!!! lung ~
7 versatile ~
5 circus ~
3 exceed ~
!!! intrusive ~
!!! alligator ~
8 prevail ~
5 insure ~
3 adhere ~
2 intent ~
1 culprit ~
2023-03-21 16:23:49.2762 INFO 
9 asddas ~
5 adasd ~
2023-03-21 17:02:10.4024 INFO 
!!! asddas ~
6 adasd ~
2023-03-21 17:02:21.3491 INFO 
7 asddas ~
7 adasd ~
2023-03-21 17:02:27.8416 INFO 
7 asddas ~
7 adasd ~
7 adasd ~
7 adasd ~
2023-03-21 17:02:29.3839 INFO 
7 adasd ~
7 adasd ~
7 asddas ~
7 adasd ~
2023-03-21 17:02:30.0444 INFO 
7 adasd ~
7 adasd ~
7 asddas ~
7 adasd ~
2023-03-21 17:02:33.1466 INFO 
7 adasd ~
7 adasd ~
7 asddas ~
7 adasd ~
