2023-03-06 01:43:17.0019 INFO 
4 towel ~

8 odorless  ~

!!! strictly ~

2 elbow ~

!!! spiteful ~

!!! reside ~

!!! persuasion ~

9 diffuse ~

3 maintenance ~

3 funeral ~

2 adorable ~

2 desperate ~

5 herbal ~

!!! Cursor ~

!!! confession ~

6 equation ~

8 stunt ~

3 cemetery ~

7 stench ~

!!! accidentally ~

5 wipe  ~

1 bankrupting  ~

6 scattered ~

6 forfeit ~

9 destructive ~

3 aptitude ~

5 swallow ~

!!! retrieve ~

6 bleed ~

3 quarterback ~

!!! ingredient ~

!!! innocent ~

4 ambiguity ~

2 reputation ~

3 manner ~

3 mug ~

3 reckon ~

5 hideout ~

7 no longer ~

9 internal ~

9 external ~

7 demonstrate ~

6 cheek ~

1 bury ~

1 bush ~
