2023-04-11 03:29:15.4933 INFO 
said Converted words : 
 1 Santa Claus ~
3 fewer ~
6 herb ~
9 common sense ~
3 acronym ~
3 showy ~
8 benchmark ~
8 While it is true ~
4 revive ~
9 concern ~
8 obsolete ~
7 stance ~
5 reptile ~
2 conductive ~
2 feature ~
6 lousy ~
6 adversity ~
!!! attend ~
3 consider ~
8 thick ~
!!! culprit ~
9 satisfactory ~
!!! legitimate ~
9 trundle ~
2 medieval ~
1 decent ~
!!! relevant ~
3 upon ~
7 various ~
7 recommend ~
4 pluck ~
3 inflate ~
6 prevent ~
8 abort ~
!!! relieve ~
4 affluent ~
8 invent ~
5 crumble ~
9 flash in the pan ~
!!! adept ~
8 slacker ~
5 incapable ~
5 catchy ~
2 ignorant ~
1 hideous ~
