2023-03-20 01:52:40.5303 INFO 
1 occasionally ~
3 endure ~
3 claw ~
3 purse ~
!!! constraint ~
9 misfortune ~
4 purchaser ~
8 slam ~
6 intricate ~
9 chunk ~
8 awkward ~
2 fist ~
4 refrain ~
8 destructive ~
6 counselor ~
7 chase ~
1 fraud ~
!!! unresponsive ~
7 slice ~
!!! dull ~
6 hypocrisy ~
8 namely ~
3 cruel ~
!!! estimate ~
4 inevitably ~
9 wreck ~
9 lung ~
6 versatile ~
4 circus ~
2 exceed ~
!!! subtraction ~
!!! manner ~
5 fluctuate ~
9 intrusive ~
!!! clue ~
9 alligator ~
8 punctual ~
7 prevail ~
7 desperate ~
4 insure ~
2 adhere ~
1 intent ~
2023-03-20 02:01:04.6706 INFO 
8 asddas ~
4 adasd ~
