2023-03-10 02:04:26.9164 INFO 
1 dull ~

1 insured ~

6 elbow ~

7 maintenance ~

!!! bleed ~

6 reputation ~

7 reckon ~

!!! cheek ~

6 adorable ~

!!! odorless  ~

8 towel ~

!!! scattered ~

5 bush ~

7 quarterback ~

2 punctual ~

2 eventually ~

3 subtraction ~

5 bury ~

8 ambiguity ~

7 aptitude ~

!!! equation ~

3 landlord ~

1 candidate ~

2 estimate ~

3 mourn ~

7 cemetery ~

!!! diffuse ~

4 verbal ~

7 funeral ~

9 hideout ~

!!! persuasion ~

6 desperate ~

9 herbal ~

!!! destructive ~

7 mug ~

3 erase ~

4 achievement ~

9 wipe  ~

5 bankrupting  ~

!!! forfeit ~

7 manner ~

4 ignorance ~

9 swallow ~

4 intricate ~

3 draw up ~

2 clue ~

1 constraint ~
2023-03-10 02:11:18.6423 TRACE 
1 restrict ~
1 navigate ~
1 breakthrough ~
1 budget ~
1 establish ~
1 intimidate ~
1 extension ~
1 turnpike ~
1 duration ~
1 transmit ~
1 Furthermore ~
1 as if ~
1 redirect ~
1 praise ~
1 intuition ~
1 decay ~
1 presence ~
1 barrel ~
1 courage ~
1 correspond ~
1 occupy ~
1 detect ~
1 quarrel ~
1 intensive ~
1 converse ~
1 misery ~
1 immediate ~
1 forbid ~
1 instruction ~
1 proximity ~
1 Greedy ~
1 facilitate ~
1 wrinkle ~
1 rummage ~
1 rigorous ~
1 resilient ~
1 agriculture ~
1 butter ~
1 wicked ~
1 squish ~
1 fable ~
1 mandatory ~
1 insoluble ~
1 snowflake ~
1 intention ~
1 betrayer ~
1 adjust ~
1 leap ~
1 weasel ~
1 intense ~
1 excessive ~
1 butcher ~
1 aspiring ~
1 tie up ~
1 impact ~
1 precious ~
1 component ~
1 reluctance ~
1 revise ~
1 downtown ~
1 Indicate ~
1 pursue ~
1 convention ~
1 reboot ~
1 innocent ~
1 strictly ~
1 emphasize ~
1 prickly ~
1 inspiration ~
1 manure ~
1 scrape ~
1 farewell ~
1 swamp ~
1 pass out ~
1 chores ~
1 enhance ~
1 consequent ~
1 invincible ~
1 pretend ~
1 isolate ~
1 confidential ~
1 initially ~
1 heroism ~
1 businesslike ~
1 remedy ~
1 imitate ~
1 insensitive ~
1 spy ~
1 approach ~
1 interference ~
1 oppose ~
1 conclude ~
1 chimney ~
1 obey ~
1 moot ~
1 supply ~
1 preserve ~
1 suppose ~
1 quantity ~
1 trial ~
1 arrange ~
1 inquiry ~
1 distinguish ~
1 boundary ~
1 carry out ~
1 equivalent ~
1 delicate ~
1 miserable ~
1 nausea ~
1 appoint ~
1 reticent ~
1 clarify ~
1 trophy ~
1 sufficient ~
1 drought ~
1 obliged ~
1 annually ~
1 resistance ~
1 drawer ~
1 widely ~
1 martial ~
1 carry on ~
1 impatient ~
1 called ~
