2023-02-26 02:55:42.8172 INFO 
1 external ~

2 innocent ~

3 reboot ~

!!! Indicate ~

!!! leap ~

3 stench ~

9 heroism ~

!!! scrape ~

5 contractor ~

9 prickly  ~

2 Cursor ~

!!! ingredient ~

!!! consequent ~

9 reside ~

!!! revise ~

!!! intention  ~

2 internal ~

9 betrayer ~

7 pretend ~

4 downtown ~

1 diffuse ~

9 aspiring ~

6 pass out ~

7 confession ~

!!! precious ~

8 tie up ~

6 farewell ~

5 manure ~

7 enhance ~

!!! invincible ~

4 pursue ~

3 emphasize ~

6 inspiration~

!!! persuasion ~

!!! isolate ~

8 chores ~

2 accidentally ~

!!! reluctance ~

8 weasel ~

!!! convention~

7 strictly ~

9 impact  ~

!!! imperative ~

7 spiteful ~

8 swamp ~

!!! retrieve ~

!!! component ~

!!! adjust  ~

!!! initially ~

8 intense ~

1 destructive ~
2023-02-26 11:50:41.0175 TRACE 
1 headless ~
3 innocent ~
4 reboot ~
!!! Indicate ~
4 stench ~
!!! heroism ~
!!! ingredient ~
!!! intention  ~
!!! betrayer ~
8 pretend ~
5 downtown ~
2 diffuse ~
8 confession ~
!!! precious ~
9 tie up ~
7 farewell ~
6 manure ~
8 enhance ~
!!! invincible ~
5 pursue ~
4 emphasize ~
!!! persuasion ~
!!! isolate ~
9 chores ~
!!! reluctance ~
8 strictly ~
8 spiteful ~
!!! retrieve ~
9 intense ~
2 destructive ~
!!! initially ~
!!! adjust  ~
!!! component ~
9 swamp ~
!!! imperative ~
!!! impact  ~
!!! convention~
9 weasel ~
3 accidentally ~
7 inspiration~
7 pass out ~
!!! aspiring ~
3 internal ~
!!! revise ~
!!! reside ~
!!! consequent ~
3 Cursor ~
!!! prickly  ~
6 contractor ~
!!! scrape ~
!!! leap ~
2 external ~
2023-02-26 11:50:44.4123 TRACE 
1 headless ~
2 external ~
4 reboot ~
!!! Indicate ~
6 contractor ~
!!! consequent ~
!!! reside ~
!!! revise ~
!!! intention  ~
!!! betrayer ~
8 pretend ~
7 pass out ~
8 confession ~
7 farewell ~
!!! invincible ~
7 inspiration~
!!! persuasion ~
!!! isolate ~
9 weasel ~
8 strictly ~
!!! component ~
!!! initially ~
9 intense ~
2 destructive ~
!!! adjust  ~
!!! retrieve ~
9 swamp ~
8 spiteful ~
!!! imperative ~
!!! impact  ~
!!! convention~
!!! reluctance ~
3 accidentally ~
9 chores ~
4 emphasize ~
5 pursue ~
8 enhance ~
6 manure ~
9 tie up ~
!!! precious ~
!!! aspiring ~
2 diffuse ~
5 downtown ~
3 internal ~
!!! ingredient ~
3 Cursor ~
!!! prickly  ~
!!! scrape ~
!!! heroism ~
4 stench ~
!!! leap ~
3 innocent ~
