2023-03-02 01:58:09.3586 INFO 
1 wipe  ~

1 cemetery ~

1 hideout ~

1 herbal ~

2 scattered ~

6 innocent ~

!!! Indicate ~

!!! convention~

4 stunt ~

!!! reluctance ~

!!! inspiration~

5 diffuse ~

7 stench ~

2 forfeit ~

3 no longer ~

9 manure ~

!!! retrieve ~

5 external ~

6 Cursor ~

!!! ingredient ~

!!! revise ~

!!! farewell ~

!!! persuasion ~

4 odorless  ~

1 swallow ~

5 internal ~

8 downtown ~

!!! precious ~

5 destructive ~

!!! swamp ~

6 accidentally ~

9 contractor ~

6 reside ~

!!! pass out ~

7 emphasize ~

!!! strictly ~

8 pursue ~

7 reboot ~

3 demonstrate ~

2 cheek ~

8 confession ~

2 equation ~

!!! prickly  ~

!!! imperative ~

!!! spiteful ~

!!! scrape ~

2 bleed ~
