2023-06-02 01:14:57.1341 INFO 
said Converted words : 
 3 figment ~
5 contribute ~
3 deliberate ~
!!! discrete ~
!!! abuse ~
7 accomplishment ~
!!! diversion ~
9 repetitive ~
9 disturbance ~
6 acquire ~
4 rehearsal ~
8 indicate ~
1 rectify ~
1 oracle ~
8 provoke ~
2 morality ~
6 insult ~
2 manure ~
!!! bang on time ~
7 incident ~
4 mention ~
9 cut it out ~
2 tedious ~
approve ~
punctual ~
hence ~
1 stunt ~
8 superficial ~
8 advancement ~
!!! end up ~
7 vanish ~
!!! extinct ~
9 horrific ~
9 expel ~
2 tidy ~
7 pop up ~
4 rampage ~
8 assign ~
5 muddy ~
1 genuine ~
7 reckless ~
7 ward ~
6 replicate ~
9 underlying ~
5 convey ~
3 invasion ~
6 curl up ~
 rescue ~
 backbone ~
2023-06-02 01:15:32.5216 INFO 
said Converted words : 
 1 backbone ~
4 figment ~
7 curl up ~
8 accomplishment ~
8 reckless ~
2 genuine ~
6 muddy ~
!!! disturbance ~
7 acquire ~
5 rampage ~
3 tidy ~
2 oracle ~
3 morality ~
7 insult ~
3 manure ~
3 tedious ~
2 stunt ~
1 approve ~
1 punctual ~
1 hence ~
9 superficial ~
!!! cut it out ~
9 advancement ~
5 mention ~
8 vanish ~
7 extinct ~
8 incident ~
9 provoke ~
!!! horrific ~
!!! expel ~
2 rectify ~
9 indicate ~
8 pop up ~
5 rehearsal ~
!!! repetitive ~
9 assign ~
8 ward ~
7 replicate ~
7 diversion ~
!!! underlying ~
6 convey ~
4 invasion ~
4 deliberate ~
6 contribute ~
1 rescue ~
