2023-03-01 01:38:49.2186 INFO 
1 herbal ~

1 bleed ~

1 scattered ~

!!! scrape ~

!!! chores ~

!!! spiteful ~

!!! component ~

!!! imperative ~

!!! prickly  ~

5 innocent ~

1 equation ~

!!! Indicate ~

!!! enhance ~

!!! convention~

3 stunt ~

!!! reluctance ~

9 inspiration~

7 confession ~

4 diffuse ~

!!! consequent ~

6 stench ~

1 forfeit ~

1 cheek ~

2 no longer ~

2 demonstrate ~

6 reboot ~

8 manure ~

7 pursue ~

!!! retrieve ~

!!! intense ~

!!! strictly ~

6 emphasize ~

9 pass out ~

!!! reside ~

4 external ~

8 contractor ~

5 Cursor ~

!!! ingredient ~

!!! revise ~

9 farewell ~

5 accidentally ~

!!! swamp ~

4 destructive ~

!!! weasel ~

!!! persuasion ~

!!! invincible ~

!!! precious ~

7 downtown ~

!!! pretend ~

4 internal ~

3 odorless  ~
