2023-02-16 01:56:07.6206 INFO 
1 adjust  -

1 ingredient -

1 invincible -

1 enhance -

8 wicked -

!!! agriculture -

!!! moot  -

2 famine -

7 insoluble -

!!! interference -

6 precious -

1 weasel -

8 excessive -

5 fable -

8 oppose -

5 butcher -

6 imitate -

8 butter -

1 confession -

1 component -

2 snowflake -

!!! resilient -

4 insensitive -

2 reluctance -

1 betrayer -

7 Indicate -

7 spy -

1 scrape -

!!! approach -

9 retrieve -

4 leap -

3 consequent -

1 intense -

1 reside -

2 isolate -

!!! conclude -

4 convention-

8 squish -

7 mandatory-

9 remedy -

7 confidential -

7 initially -

!!! imperative  -

6 revise -

1 intention  -

1 persuasion -
2023-02-16 15:42:23.7113 INFO 
1 adjust  -

1 invincible -

8 wicked -

!!! agriculture -

!!! moot  -

2 famine -

!!! interference -

8 oppose -

6 imitate -

1 component -

!!! resilient -

2 reluctance -

7 Indicate -

1 scrape -

4 leap -

3 consequent -

1 intense -

1 reside -

4 convention-

8 squish -

7 mandatory-

!!! imperative  -

1 persuasion -

1 intention  -

6 revise -

7 initially -

7 confidential -

9 remedy -

!!! conclude -

2 isolate -

9 retrieve -

!!! approach -

7 spy -

1 betrayer -

4 insensitive -

2 snowflake -

1 confession -

8 butter -

5 butcher -

5 fable -

8 excessive -

1 weasel -

6 precious -

7 insoluble -

1 enhance -

1 ingredient -
2023-02-16 15:48:30.2133 INFO 
 businesslike -
1 adjust  -
!!! agriculture -
2 famine -
6 imitate -
1 component -
2 reluctance -
3 consequent -
1 intense -
1 persuasion -
1 intention  -
6 revise -
9 remedy -
!!! conclude -
2 isolate -
9 retrieve -
7 spy -
1 betrayer -
4 insensitive -
2 snowflake -
8 butter -
5 butcher -
5 fable -
8 excessive -
1 ingredient -
1 enhance -
7 insoluble -
6 precious -
1 weasel -
1 confession -
!!! approach -
7 confidential -
7 initially -
!!! imperative  -
7 mandatory-
8 squish -
4 convention-
1 reside -
4 leap -
1 scrape -
7 Indicate -
!!! resilient -
8 oppose -
!!! interference -
!!! moot  -
8 wicked -
1 invincible -
