2023-02-21 01:55:58.1977 INFO 
1 imageFilterTimer -
2023-02-21 02:38:46.8127 INFO 
1 pursue -

3 spiteful -

3 pretend -

5 aspiring -

5 reside -

4 chores -

6 invincible -

!!! imperative  -

!!! fable -

4 swamp -

!!! Indicate -

!!! remedy -

6 ingredient -

!!! retrieve -

7 famine -

3 enhance -

6 scrape -

2 pass out -

1 manure -

2 farewell -

2 inspiration-

7 reluctance -

7 revise -

6 intention  -

7 isolate -

8 consequent -

4 weasel -

!!! confidential -

7 businesslike -

!!! butcher -

9 convention-

5 impact  -

4 tie up -

5 heroism -

!!! imitate -

4 intense -

7 snowflake -

!!! spy -

!!! precious -

6 persuasion -

9 leap -

9 insensitive -

6 component -

6 adjust  -

!!! initially -

5 betrayer -

5 prickly  -

3 confession -

3 strictly -

1 contractor -
2023-02-21 14:54:01.0254 TRACE 
4 spiteful ~ ~
4 pretend ~ ~
7 invincible ~ ~
!!! fable ~ ~
5 swamp ~ ~
!!! Indicate ~ ~
!!! remedy ~ ~
!!! retrieve ~ ~
8 famine ~ ~
4 enhance ~ ~
8 reluctance ~ ~
8 isolate ~ ~
!!! confidential ~ ~
8 businesslike ~ ~
!!! convention~ ~
!!! spy ~ ~
!!! precious ~ ~
!!! leap ~ ~
!!! initially ~ ~
6 prickly  ~ ~
4 strictly ~ ~
2 contractor ~ ~
4 confession ~ ~
6 betrayer ~ ~
7 adjust  ~ ~
7 component ~ ~
!!! insensitive ~ ~
7 persuasion ~ ~
8 snowflake ~ ~
5 intense ~ ~
!!! imitate ~ ~
6 heroism ~ ~
5 tie up ~ ~
6 impact  ~ ~
!!! butcher ~ ~
5 weasel ~ ~
9 consequent ~ ~
7 intention  ~ ~
8 revise ~ ~
3 inspiration~ ~
3 farewell ~ ~
2 manure ~ ~
3 pass out ~ ~
7 scrape ~ ~
7 ingredient ~ ~
!!! imperative  ~ ~
5 chores ~ ~
6 reside ~ ~
6 aspiring ~ ~
2 pursue ~ ~
2023-02-21 14:55:30.5189 TRACE 
4 spiteful ~
6 aspiring ~
7 invincible ~
!!! fable ~
!!! remedy ~
7 ingredient ~
4 enhance ~
3 pass out ~
3 farewell ~
8 revise ~
7 intention  ~
8 isolate ~
9 consequent ~
8 businesslike ~
5 tie up ~
!!! imitate ~
5 intense ~
!!! spy ~
7 adjust  ~
6 betrayer ~
4 strictly ~
2 contractor ~
4 confession ~
6 prickly  ~
!!! initially ~
7 component ~
!!! insensitive ~
!!! leap ~
7 persuasion ~
!!! precious ~
8 snowflake ~
6 heroism ~
6 impact  ~
!!! convention~
!!! butcher ~
!!! confidential ~
5 weasel ~
8 reluctance ~
3 inspiration~
2 manure ~
7 scrape ~
8 famine ~
!!! retrieve ~
!!! Indicate ~
5 swamp ~
!!! imperative  ~
5 chores ~
6 reside ~
4 pretend ~
2 pursue ~
