2023-05-23 01:02:34.8193 INFO 
said Converted words : 
 3 expel ~
!!! thrill ~
9 reputable ~
4 end up ~
9 devote ~
8 intact ~
7 fluid ~
!!! mourn~
5 reckless ~
!!! advancement ~
7 extinct ~
4 discrete ~
3 cut it out ~
7 stink ~
7 underlying ~
2 provoke ~
1 accomplishment ~
9 incident ~
8 abuse ~
5 prize ~
8 ambush ~
9 pop up ~
6 indicate ~
4 bang on time ~
7 repetitive ~
5 vanish ~
2 superficial ~
3 horrific ~
6 sacrifice ~
!!! assign ~
7 disturbance ~
4 diversion ~
!!! revoke ~
7 brisk ~
9 resign ~
8 fade away ~
8 territory ~
5 reckon ~
1 contribute ~
1 ward ~
2023-05-23 01:06:16.3874 INFO 
said Converted words : 
 1 contribute ~
5 reckon ~
9 resign ~
7 brisk ~
!!! revoke ~
7 disturbance ~
6 sacrifice ~
2 superficial ~
4 bang on time ~
6 indicate ~
5 prize ~
8 abuse ~
9 incident ~
7 stink ~
3 cut it out ~
!!! mourn~
8 intact ~
9 reputable ~
!!! thrill ~
3 expel ~
4 end up ~
9 devote ~
7 fluid ~
5 reckless ~
!!! advancement ~
7 extinct ~
4 discrete ~
7 underlying ~
2 provoke ~
1 accomplishment ~
8 ambush ~
9 pop up ~
7 repetitive ~
5 vanish ~
3 horrific ~
!!! assign ~
4 diversion ~
8 fade away ~
8 territory ~
1 ward ~
replicate ~
