2023-03-22 00:44:06.9078 INFO 
2 culprit ~
3 intent ~
6 insure ~
5 prevail ~
7 intrusive ~
4 exceed ~
8 estimate ~
8 hypocrisy ~
9 slice ~
3 fraud ~
8 counselor ~
8 intricate ~
!!! slam ~
5 endure ~
2 consist ~
4 refrain ~
!!! destructive ~
8 unresponsive ~
!!! namely ~
5 inevitably ~
8 manner ~
4 fluctuate ~
!!! punctual ~
9 desperate ~
1 by means of ~
1 exclusive ~
5 cruel ~
9 chase ~
4 fist ~
7 misfortune ~
5 purse ~
5 claw ~
2 puddle ~
3 occasionally ~
8 constraint ~
6 purchaser ~
!!! awkward ~
5 versatile ~
6 circus ~
4 adhere ~
1 interval ~
