2023-04-17 01:22:56.1735 INFO 
said Converted words : 
 9 inflate ~
6 humiliation ~
!!! affluent ~
6 upon ~
4 pressure ~
8 lousy ~
6 cure ~
7 crumble ~
7 satisfactory ~
3 addicted ~
2 faucet ~
6 get rid of ~
7 Santa Claus ~
7 decent ~
9 consider ~
4 wildlife ~
8 adversity ~
5 dice ~
2 intact ~
3 suntan ~
3 skull ~
8 feature ~
!!! revive ~
!!! While it is true ~
9 showy ~
9 acronym ~
!!! slacker ~
9 fewer ~
4 patience ~
3 blink ~
9 various ~
5 built in ~
4 muddy ~
2 vacant ~
!!! obsolete ~
8 conductive ~
!!! relieve ~
7 hideous ~
8 ignorant ~
!!! pluck ~
5 medieval ~
7 reptile ~
5 cope ~
1 no sense ~
1 immutable ~
2023-04-17 22:43:23.0012 INFO 
said Converted words : 
 6 cope ~
8 reptile ~
9 ignorant ~
8 hideous ~
5 muddy ~
6 built in ~
!!! various ~
!!! fewer ~
!!! showy ~
3 intact ~
5 wildlife ~
6 consider ~
7 get rid of ~
3 faucet ~
8 satisfactory ~
8 crumble ~
9 lousy ~
7 upon ~
7 affluent ~
7 humiliation ~
!!! inflate ~
5 pressure ~
7 cure ~
4 addicted ~
8 Santa Claus ~
8 decent ~
9 adversity ~
6 dice ~
4 suntan ~
4 skull ~
9 feature ~
!!! acronym ~
5 patience ~
4 blink ~
3 vacant ~
9 conductive ~
6 medieval ~
2 no sense ~
2 immutable ~
1 represent ~
2023-04-17 22:49:06.1488 INFO 
zeynep Converted words : 
 7 hurt ~
!!! promptly ~
3 replacing ~
7 past ~
2023-04-17 22:51:33.5076 INFO 
said Converted words : 
 2 immutable ~
2 no sense ~
4 blink ~
!!! acronym ~
6 dice ~
8 decent ~
8 Santa Claus ~
4 addicted ~
7 cure ~
7 affluent ~
7 upon ~
9 lousy ~
8 satisfactory ~
5 wildlife ~
3 intact ~
!!! showy ~
9 ignorant ~
6 cope ~
foolproof ~
8 reptile ~
8 hideous ~
5 muddy ~
6 built in ~
!!! various ~
!!! fewer ~
6 consider ~
7 get rid of ~
3 faucet ~
8 crumble ~
7 humiliation ~
!!! inflate ~
5 pressure ~
9 adversity ~
4 suntan ~
4 skull ~
9 feature ~
5 patience ~
3 vacant ~
9 conductive ~
6 medieval ~
1 represent ~
 defect ~
