2023-03-30 01:13:59.9421 TRACE 
zeynep Converted words : 
 !!! dsa ~
2023-03-30 01:40:44.9154 INFO 
said Converted words : 
 1 forceful ~
2 detention ~
4 grocery ~
8 intent ~
9 interval ~
7 culprit ~
7 adhere ~
9 endure ~
9 inevitably ~
9 by means of ~
8 crowbar ~
8 benchmark ~
9 versatile ~
3 pathetic ~
6 brief ~
8 retribution ~
8 brow ~
!!! puddle ~
7 prevail ~
6 drawback ~
4 accumulate ~
7 consist ~
1 interior ~
1 concern ~
2 relieve ~
7 fed up ~
4 crumble ~
7 refrain ~
6 intrusive ~
6 adept ~
9 exclusive ~
5 tummy ~
7 occasionally ~
8 unresponsive ~
5 interpret ~
3 improvise ~
!!! purchaser ~
8 fluctuate ~
7 curtain ~
5 excuse ~
5 dusk ~
!!! circus ~
5 barely ~
3 invent ~
