2023-02-17 00:01:55.5674 TRACE 
2 famine -
2 reluctance -
3 consequent -
1 persuasion -
1 intention  -
6 revise -
9 retrieve -
1 betrayer -
2 snowflake -
8 excessive -
1 ingredient -
6 precious -
1 weasel -
1 confession -
!!! approach -
7 mandatory-
!!! resilient -
8 oppose -
!!! moot  -
1 invincible -
8 wicked -
!!! interference -
7 Indicate -
1 scrape -
4 leap -
1 reside -
4 convention-
8 squish -
!!! imperative  -
7 initially -
7 confidential -
7 insoluble -
1 enhance -
5 fable -
5 butcher -
8 butter -
4 insensitive -
7 spy -
2 isolate -
!!! conclude -
9 remedy -
1 intense -
1 component -
6 imitate -
!!! agriculture -
1 adjust  -
 businesslike -
2023-02-17 01:02:50.4289 INFO 
1 impact  -

7 imitate -

8 insoluble -

9 squish -

5 convention-

!!! interference -

2 invincible -

!!! resilient -

9 excessive -

!!! retrieve -

2 intention  -

1 prickly  -

7 revise -

1 betrayer -

7 precious -

!!! approach -

8 Indicate -

1 reside -

!!! imperative  -

8 confidential -

6 butcher -

9 butter -

8 spy -

!!! remedy -

1 businesslike -

2 adjust  -

1 enhance -

8 initially -

9 oppose -

8 mandatory-

1 weasel -

2 ingredient -

2 persuasion -

4 consequent -

3 reluctance -

3 famine -

1 aspiring -

3 snowflake -

1 confession -

9 wicked -

2 scrape -

5 leap -

6 fable -

5 insensitive -

3 isolate -

2 intense -

2 component -

1 heroism -
2023-02-17 01:06:18.1762 INFO 
8 insoluble -

!!! resilient -

9 excessive -

2 intention  -

1 betrayer -

!!! approach -

1 reside -

9 butter -

1 businesslike -

1 enhance -

8 initially -

5 oppose -

2 persuasion -

3 reluctance -

3 famine -

1 aspiring -

5 leap -

3 isolate -

2 component -

1 heroism -

2 intense -

5 insensitive -

6 fable -

2 scrape -

9 wicked -

1 confession -

3 snowflake -

4 consequent -

2 ingredient -

1 weasel -

8 mandatory-

2 adjust  -

!!! remedy -

8 spy -

6 butcher -

8 confidential -

!!! imperative  -

8 Indicate -

7 precious -

7 revise -

1 prickly  -

!!! retrieve -

2 invincible -

!!! interference -

5 convention-

9 squish -

7 imitate -

1 impact  -
2023-02-17 01:09:46.9706 INFO 
8 insoluble -

9 excessive -

2 intention  -

1 betrayer -

9 butter -

1 businesslike -

1 enhance -

8 initially -

2 persuasion -

3 famine -

1 aspiring -

3 isolate -

2 component -

1 confession -

1 weasel -

8 mandatory-

8 spy -

8 confidential -

!!! imperative  -

7 revise -

1 prickly  -

!!! retrieve -

2 invincible -

!!! interference -

5 convention-

7 imitate -

1 impact  -

9 squish -

7 precious -

8 Indicate -

6 butcher -

!!! remedy -

2 adjust  -

2 ingredient -

4 consequent -

3 snowflake -

9 wicked -

2 scrape -

6 fable -

5 insensitive -

2 intense -

1 heroism -

5 leap -

3 reluctance -

5 oppose -

1 reside -

!!! approach -

!!! resilient -
2023-02-17 01:11:45.0937 INFO 
2 intention  -

1 businesslike -

1 enhance -

3 isolate -

1 confession -

8 mandatory-

8 confidential -

!!! imperative  -

!!! interference -

5 convention-

7 imitate -

9 squish -

7 precious -

8 Indicate -

2 adjust  -

2 ingredient -

9 wicked -

2 scrape -

5 insensitive -

3 reluctance -

5 oppose -

!!! approach -

!!! resilient -

1 reside -

5 leap -

1 heroism -

2 intense -

6 fable -

3 snowflake -

4 consequent -

!!! remedy -

6 butcher -

1 impact  -

2 invincible -

!!! retrieve -

1 prickly  -

7 revise -

8 spy -

1 weasel -

2 component -

1 aspiring -

3 famine -

2 persuasion -

8 initially -

9 butter -

1 betrayer -

9 excessive -

8 insoluble -
2023-02-17 01:16:43.4268 INFO 
1 businesslike -

3 isolate -

1 confession -

8 mandatory-

!!! interference -

8 Indicate -

2 adjust  -

2 scrape -

5 insensitive -

5 oppose -

!!! approach -

1 reside -

6 butcher -

1 weasel -

1 aspiring -

3 famine -

8 initially -

9 butter -

9 excessive -

8 insoluble -

1 betrayer -

2 persuasion -

2 component -

8 spy -

7 revise -

1 prickly  -

!!! retrieve -

2 invincible -

1 impact  -

!!! remedy -

4 consequent -

3 snowflake -

6 fable -

2 intense -

1 heroism -

5 leap -

!!! resilient -

3 reluctance -

9 wicked -

2 ingredient -

7 precious -

9 squish -

7 imitate -

5 convention-

!!! imperative  -

8 confidential -

1 enhance -

2 intention  -
2023-02-17 01:33:11.4851 INFO 
3 isolate -

!!! interference -

8 Indicate -

5 insensitive -

5 oppose -

!!! approach -

9 butter -

9 excessive -

1 betrayer -

2 persuasion -

2 component -

7 revise -

1 prickly  -

!!! remedy -

6 fable -

5 leap -

!!! resilient -

2 ingredient -

5 convention-

8 confidential -

1 enhance -

2 intention  -

!!! imperative  -

7 imitate -

9 squish -

7 precious -

9 wicked -

3 reluctance -

1 heroism -

2 intense -

3 snowflake -

4 consequent -

1 impact  -

2 invincible -

!!! retrieve -

8 spy -

8 insoluble -

8 initially -

3 famine -

1 aspiring -

1 weasel -

6 butcher -

1 reside -

2 scrape -

2 adjust  -

8 mandatory-

1 confession -

1 businesslike -
2023-02-17 01:33:20.9780 INFO 
1 confession -

8 mandatory-

!!! interference -

8 Indicate -

8 initially -

2 component -

8 spy -

2 invincible -

1 impact  -

!!! remedy -

4 consequent -

6 fable -

1 heroism -

5 leap -

3 reluctance -

9 wicked -

2 ingredient -

5 convention-

!!! imperative  -

1 enhance -

2 intention  -

8 confidential -

7 imitate -

9 squish -

7 precious -

!!! resilient -

2 intense -

3 snowflake -

!!! retrieve -

1 prickly  -

7 revise -

2 persuasion -

1 betrayer -

8 insoluble -

9 excessive -

9 butter -

3 famine -

1 aspiring -

1 weasel -

6 butcher -

1 reside -

!!! approach -

5 oppose -

5 insensitive -

2 scrape -

2 adjust  -

2 isolate -

1 businesslike -
2023-02-17 01:35:10.5175 INFO 
1 confession -

!!! interference -

2 component -

8 spy -

2 invincible -

1 heroism -

2 ingredient -

!!! imperative  -

9 squish -

2 intense -

!!! retrieve -

1 prickly  -

7 revise -

8 insoluble -

3 famine -

1 weasel -

1 reside -

5 insensitive -

2 scrape -

2 adjust  -

1 businesslike -

2 isolate -

5 oppose -

!!! approach -

6 butcher -

1 aspiring -

9 butter -

9 excessive -

1 betrayer -

2 persuasion -

3 snowflake -

!!! resilient -

7 precious -

7 imitate -

8 confidential -

2 intention  -

1 enhance -

5 convention-

9 wicked -

3 reluctance -

5 leap -

6 fable -

4 consequent -

!!! remedy -

1 impact  -

8 initially -

8 Indicate -

8 mandatory-
2023-02-17 01:36:19.6520 TRACE 
!!! interference -
8 spy -
!!! imperative  -
9 squish -
8 insoluble -
1 weasel -
2 isolate -
5 oppose -
!!! approach -
1 aspiring -
9 butter -
9 excessive -
2 persuasion -
7 imitate -
8 confidential -
2 intention  -
5 convention-
3 reluctance -
8 initially -
8 mandatory-
8 Indicate -
1 impact  -
!!! remedy -
4 consequent -
6 fable -
5 leap -
9 wicked -
1 enhance -
7 precious -
!!! resilient -
3 snowflake -
1 betrayer -
6 butcher -
1 businesslike -
2 adjust  -
2 scrape -
5 insensitive -
1 reside -
3 famine -
7 revise -
1 prickly  -
!!! retrieve -
2 intense -
2 ingredient -
1 heroism -
2 invincible -
2 component -
1 confession -
2023-02-17 01:36:26.2301 INFO 
1 confession -
!!! interference -
2 component -
8 spy -
2 invincible -
2 ingredient -
2 intense -
!!! retrieve -
1 prickly  -
7 revise -
3 famine -
2 adjust  -
1 businesslike -
2 isolate -
5 oppose -
9 butter -
2 persuasion -
3 snowflake -
!!! resilient -
7 precious -
7 imitate -
8 confidential -
9 wicked -
3 reluctance -
!!! remedy -
8 mandatory-
8 Indicate -
8 initially -
1 impact  -
4 consequent -
6 fable -
5 leap -
5 convention-
1 enhance -
2 intention  -
1 betrayer -
9 excessive -
1 aspiring -
6 butcher -
!!! approach -
2 scrape -
5 insensitive -
1 reside -
1 weasel -
8 insoluble -
9 squish -
!!! imperative  -
1 heroism -
2023-02-17 01:42:06.9715 INFO 
!!! interference -

2 component -

2 invincible -

2 intense -

!!! retrieve -

1 prickly  -

7 revise -

3 famine -

1 businesslike -

2 isolate -

5 oppose -

3 snowflake -

!!! resilient -

8 confidential -

!!! remedy -

8 initially -

5 convention-

1 enhance -

1 betrayer -

2 scrape -

1 reside -

8 insoluble -

9 squish -

1 heroism -

!!! imperative  -

1 weasel -

5 insensitive -

!!! approach -

6 butcher -

1 aspiring -

9 excessive -

2 intention  -

5 leap -

6 fable -

4 consequent -

1 impact  -

8 Indicate -

8 mandatory-

3 reluctance -

9 wicked -

7 imitate -

7 precious -

2 persuasion -

9 butter -

2 adjust  -

2 ingredient -

8 spy -

1 confession -
2023-02-17 01:46:56.7000 INFO 
7 revise -

3 famine -

1 businesslike -

2 isolate -

!!! resilient -

8 confidential -

8 initially -

1 enhance -

8 insoluble -

!!! imperative  -

5 insensitive -

4 consequent -

1 impact  -

8 mandatory-

7 imitate -

2 persuasion -

9 butter -

2 adjust  -

1 confession -

8 spy -

2 ingredient -

7 precious -

9 wicked -

3 reluctance -

8 Indicate -

6 fable -

5 leap -

2 intention  -

9 excessive -

1 aspiring -

6 butcher -

!!! approach -

1 weasel -

1 heroism -

9 squish -

1 reside -

2 scrape -

1 betrayer -

5 convention-

!!! remedy -

3 snowflake -

5 oppose -

1 prickly  -

!!! retrieve -

2 intense -

2 invincible -

2 component -

!!! interference -
2023-02-17 01:55:15.9402 INFO 
3 famine -

1 businesslike -

!!! resilient -

8 insoluble -

4 consequent -

8 mandatory-

9 butter -

2 adjust  -

1 confession -

2 ingredient -

7 precious -

8 Indicate -

5 leap -

1 aspiring -

6 butcher -

!!! approach -

1 reside -

1 betrayer -

5 convention-

5 oppose -

1 prickly  -

!!! retrieve -

2 invincible -

2 component -

!!! interference -

2 intense -

3 snowflake -

!!! remedy -

2 scrape -

9 squish -

1 heroism -

1 weasel -

9 excessive -

2 intention  -

6 fable -

3 reluctance -

9 wicked -

8 spy -

2 persuasion -

7 imitate -

1 impact  -

5 insensitive -

!!! imperative  -

1 enhance -

8 initially -

8 confidential -

2 isolate -

7 revise -
2023-02-17 01:55:19.8347 INFO 
8 insoluble -

9 butter -

2 adjust  -

5 leap -

1 aspiring -

6 butcher -

1 reside -

1 betrayer -

5 oppose -

1 prickly  -

3 snowflake -

!!! remedy -

9 squish -

1 weasel -

6 fable -

3 reluctance -

9 wicked -

2 persuasion -

1 impact  -

5 insensitive -

!!! imperative  -

8 confidential -

7 revise -

2 isolate -

8 initially -

1 enhance -

7 imitate -

8 spy -

2 intention  -

9 excessive -

1 heroism -

2 scrape -

2 intense -

!!! interference -

2 component -

2 invincible -

!!! retrieve -

5 convention-

!!! approach -

8 Indicate -

7 precious -

2 ingredient -

1 confession -

8 mandatory-

4 consequent -

!!! resilient -

1 businesslike -

3 famine -
2023-02-17 01:55:28.4630 INFO 
8 insoluble -

9 butter -

2 adjust  -

6 butcher -

5 oppose -

3 snowflake -

9 squish -

6 fable -

3 reluctance -

9 wicked -

2 persuasion -

1 impact  -

5 insensitive -

7 revise -

8 initially -

1 enhance -

8 spy -

2 intention  -

2 scrape -

2 intense -

2 invincible -

!!! retrieve -

5 convention-

!!! approach -

8 Indicate -

8 mandatory-

3 famine -

1 businesslike -

!!! resilient -

4 consequent -

1 confession -

2 ingredient -

7 precious -

2 component -

!!! interference -

1 heroism -

9 excessive -

7 imitate -

2 isolate -

8 confidential -

!!! imperative  -

1 weasel -

!!! remedy -

1 prickly  -

1 betrayer -

1 reside -

1 aspiring -

5 leap -
2023-02-17 01:58:26.8787 INFO 
6 butcher -

3 snowflake -

6 fable -

3 reluctance -

1 impact  -

5 insensitive -

7 revise -

8 initially -

1 enhance -

2 intention  -

!!! approach -

8 Indicate -

7 precious -

1 heroism -

7 imitate -

2 isolate -

8 confidential -

!!! imperative  -

!!! remedy -

1 prickly  -

1 betrayer -

1 aspiring -

5 leap -

1 reside -

1 weasel -

9 excessive -

!!! interference -

2 component -

2 ingredient -

1 confession -

4 consequent -

!!! resilient -

1 businesslike -

3 famine -

8 mandatory-

5 convention-

!!! retrieve -

2 invincible -

2 intense -

2 scrape -

8 spy -

2 persuasion -

9 wicked -

9 squish -

5 oppose -

2 adjust  -

9 butter -

8 insoluble -
