2023-02-18 02:15:51.8596 INFO 
1 tie up -

1 swamp -

2 heroism -

2 impact  -

8 imitate -

3 intense -

7 fable -

!!! squish -

6 convention-

3 scrape -

2 confession -

4 snowflake -

2 prickly  -

2 aspiring -

4 reluctance -

8 revise -

2 betrayer -

!!! approach -

9 mandatory-

!!! oppose -

9 Indicate -

!!! imperative  -

9 initially -

1 enhance -

7 butcher -

!!! butter -

9 spy -

4 businesslike -

3 adjust  -

!!! remedy -

9 confidential -

2 reside -

1 weasel -

8 precious -

3 ingredient -

3 persuasion -

5 consequent -

4 famine -

3 intention  -

!!! retrieve -

!!! excessive -

3 invincible -

!!! wicked -

6 leap -

9 insoluble -

6 insensitive -

4 isolate -

3 component -

1 chores -
