2023-04-01 02:22:55.1661 INFO 
said Converted words : 
 1 shepherd ~
4 curtain ~
!!! fluctuate ~
5 improvise ~
9 occasionally ~
7 tummy ~
6 crumble ~
4 relieve ~
9 prevail ~
5 pathetic ~
!!! benchmark ~
7 endure ~
!!! intent ~
4 detention ~
8 brief ~
!!! retribution ~
3 interior ~
7 dusk ~
5 invent ~
1 sequel ~
7 barely ~
7 excuse ~
7 interpret ~
7 exclusive ~
8 adept ~
9 fed up ~
3 concern ~
9 consist ~
8 drawback ~
8 puddle ~
4 culprit ~
2 quagmire ~
2 obsolete ~
2 hence ~
3 forceful ~
6 grocery ~
9 adhere ~
7 inevitably ~
!!! crowbar ~
!!! brow ~
6 accumulate ~
9 refrain ~
8 intrusive ~
!!! unresponsive ~
1 initial ~
2023-04-01 19:04:13.4480 INFO 
said Converted words : 
 7 crowbar ~
7 grocery ~
4 forceful ~
3 hence ~
5 culprit ~
9 puddle ~
9 drawback ~
!!! fed up ~
8 excuse ~
8 barely ~
6 invent ~
8 dusk ~
5 detention ~
8 endure ~
5 relieve ~
7 crumble ~
!!! occasionally ~
6 improvise ~
1 relevant ~
1 attend ~
2 shepherd ~
5 curtain ~
8 tummy ~
!!! prevail ~
6 pathetic ~
7 benchmark ~
9 brief ~
7 retribution ~
4 interior ~
2 sequel ~
6 interpret ~
8 exclusive ~
9 adept ~
4 concern ~
!!! consist ~
3 quagmire ~
3 obsolete ~
!!! adhere ~
8 inevitably ~
7 accumulate ~
!!! refrain ~
9 intrusive ~
2 initial ~
1 legitimate ~
