2023-04-16 01:50:44.6483 INFO 
said Converted words : 
 1 intact ~
2 suntan ~
2 skull ~
!!! adept ~
4 dice ~
7 adversity ~
7 feature ~
9 revive ~
3 wildlife ~
8 consider ~
9 While it is true ~
8 showy ~
8 acronym ~
9 slacker ~
8 fewer ~
6 decent ~
3 patience ~
2 blink ~
6 Santa Claus ~
8 various ~
5 get rid of ~
4 built in ~
3 muddy ~
1 vacant ~
1 faucet ~
2 addicted ~
!!! satisfactory ~
9 obsolete ~
7 conductive ~
9 relieve ~
!!! crumble ~
6 hideous ~
7 ignorant ~
9 pluck ~
!!! catchy ~
5 cure ~
4 medieval ~
7 lousy ~
!!! reptile ~
!!! incapable ~
4 cope ~
3 pressure ~
5 upon ~
9 affluent ~
5 humiliation ~
8 inflate ~
