2023-05-21 02:30:37.6734 INFO 
said Converted words : 
 1 horrific ~
4 sacrifice ~
7 vanish ~
8 assign ~
9 fluid ~
5 disturbance ~
!!! intact ~
8 mourn~
7 devote ~
9 repetitive ~
2 bang on time ~
3 reckless ~
4 diversion ~
8 revoke ~
8 advancement ~
9 brisk ~
5 extinct ~
2 discrete ~
1 cut it out ~
6 indicate ~
9 violate ~
9 compass ~
7 pop up ~
5 stink ~
9 underlying ~
9 prone ~
7 resign ~
6 ambush ~
6 fade away ~
2 end up ~
3 prize ~
6 territory ~
!!! beg ~
!!! abuse ~
9 consult ~
7 reputable ~
9 retreat ~
7 incident ~
!!! beholder ~
8 thrill ~
!!! permanent ~
3 reckon ~
1  ~
1 expel ~
