2023-04-24 00:11:16.7706 INFO 
said Converted words : 
 1 abolish ~
2 invert ~
3 mime ~
9 blink ~
4 fairy ~
4 rectangle ~
9 Santa Claus ~
5 watch out ~
7 cope ~
4 decent ~
!!! pressure ~
9 hideous ~
8 humiliation ~
2 grape ~
9 reptile ~
!!! patience ~
4 consecutive ~
9 addicted ~
5 broom ~
8 affluent ~
3 denote ~
4 confidence ~
7 medieval ~
6 intact ~
1 downright ~
1 mindset ~
9 suntan ~
7 consider ~
!!! wildlife ~
5 conductive ~
6 represent ~
!!! muddy ~
3 germ ~
2 base on ~
5 foolproof ~
4 devote ~
9 skull ~
4 faint ~
7 no sense ~
5 meddle ~
5 defect ~
8 vacant ~
8 faucet ~
7 immutable ~
