2023-03-05 01:12:51.2876 INFO 
3 towel ~

7 odorless  ~

!!! strictly ~

5 cheek ~

2 elbow ~

!!! spiteful ~

6 demonstrate ~

9 reside ~

!!! persuasion ~

8 external ~

8 diffuse ~

2 maintenance ~

2 funeral ~

8 internal ~

6 no longer ~

4 hideout ~

2 reckon ~

2 mug ~

2 manner ~

1 adorable ~

1 reputation ~

1 desperate ~

3 ambiguity ~

4 herbal ~

9 innocent ~

9 Cursor ~

!!! ingredient ~

!!! emphasize ~

!!! reboot ~

!!! confession ~

5 equation ~

2 quarterback ~

5 bleed ~

!!! retrieve ~

7 stunt ~

!!! convention~

2 cemetery ~

6 stench ~

4 swallow ~

9 accidentally ~

2 aptitude ~

8 destructive ~

5 forfeit ~

5 scattered ~

4 wipe  ~
