2023-04-19 03:49:36.7554 INFO 
said Converted words : 
 1 watch out ~
2 represent ~
!!! conductive ~
4 vacant ~
6 patience ~
5 suntan ~
4 faucet ~
7 consider ~
6 muddy ~
9 hideous ~
9 reptile ~
1 foolproof ~
7 cope ~
!!! ignorant ~
!!! lousy ~
8 upon ~
8 cure ~
9 Santa Claus ~
7 dice ~
1 broom ~
1 meddle ~
3 immutable ~
3 no sense ~
5 blink ~
7 acronym ~
9 decent ~
5 addicted ~
8 affluent ~
9 satisfactory ~
6 wildlife ~
4 intact ~
7 showy ~
7 built in ~
8 get rid of ~
9 crumble ~
8 humiliation ~
6 pressure ~
!!! adversity ~
5 skull ~
!!! feature ~
7 medieval ~
1 defect ~
