2023-03-07 02:52:44.4699 INFO 
1 intricate ~

3 elbow ~

!!! persuasion ~

4 maintenance ~

3 desperate ~

6 herbal ~

!!! confession ~

7 equation ~

!!! accidentally ~

!!! destructive ~

4 aptitude ~

6 swallow ~

7 bleed ~

4 quarterback ~

5 ambiguity ~

3 reputation ~

4 mug ~

4 reckon ~

6 hideout ~

8 no longer ~

7 cheek ~

2 bury ~

1 ignorance ~

1 mourn ~

2 bush ~

8 demonstrate ~

!!! external ~

!!! internal ~

4 manner ~

!!! retrieve ~

7 forfeit ~

7 scattered ~

2 bankrupting  ~

6 wipe  ~

8 stench ~

4 cemetery ~

9 stunt ~

!!! Cursor ~

3 adorable ~

4 funeral ~

!!! diffuse ~

!!! reside ~

9 odorless  ~

5 towel ~

1 achievement ~

1 verbal ~
