2023-04-09 00:41:05.3491 INFO 
said Converted words : 
 1 inflate ~
3 reptile ~
4 prevent ~
5 stance ~
!!! quagmire ~
4 lousy ~
9 interpret ~
7 adversity ~
!!! obsolete ~
7 concern ~
6 abort ~
8 relieve ~
8 attend ~
2 revive ~
2 affluent ~
2 pluck ~
!!! invent ~
6 While it is true ~
!!! benchmark ~
!!! crumble ~
5 recommend ~
!!! hence ~
5 various ~
1 showy ~
1 acronym ~
1 upon ~
1 consider ~
9 initial ~
6 thick ~
9 sequel ~
8 culprit ~
7 flash in the pan ~
9 shepherd ~
!!! grocery ~
7 satisfactory ~
7 common sense ~
8 adept ~
8 legitimate ~
8 relevant ~
4 herb ~
7 trundle ~
6 slacker ~
3 incapable ~
3 catchy ~
1 fewer ~
2023-04-09 18:20:32.2788 INFO 
zeynep Converted words : 
 9 promptly ~
!!! hurt ~
2 replacing ~
!!! past ~
2023-04-09 18:23:35.5178 INFO 
zeynep Converted words : 
 7 past ~
3 replacing ~
!!! promptly ~
7 hurt ~
2023-04-09 23:11:47.4166 INFO 
said Converted words : 
 1 medieval ~
8 trundle ~
9 relevant ~
9 legitimate ~
8 satisfactory ~
!!! shepherd ~
9 culprit ~
!!! sequel ~
7 thick ~
!!! initial ~
2 consider ~
2 upon ~
6 various ~
6 recommend ~
3 pluck ~
9 attend ~
5 adversity ~
5 lousy ~
1 feature ~
1 conductive ~
2 inflate ~
4 reptile ~
5 prevent ~
6 stance ~
!!! interpret ~
7 obsolete ~
8 concern ~
7 abort ~
9 relieve ~
3 revive ~
3 affluent ~
7 invent ~
7 While it is true ~
7 benchmark ~
4 crumble ~
2 showy ~
2 acronym ~
8 flash in the pan ~
8 common sense ~
9 adept ~
5 herb ~
7 slacker ~
4 incapable ~
4 catchy ~
2 fewer ~
1 ignorant ~
