2023-06-20 02:50:55.8218 INFO 
said Converted words : 
 2 regard ~
2 informative ~
9 accomplishment ~
8 tedious ~
8 acquire ~
5 thick ~
9 handcuff ~
8 squirt ~
7 rectify ~
9 incident ~
!!! punctual ~
8 diversion ~
9 figment ~
9 vanish ~
6 wrist ~
7 unstable ~
2 summon ~
!!! hence ~
3 exploit ~
3 cope ~
5 vault ~
8 tidy ~
7 disturbance ~
!!! backbone ~
9 genuine ~
6 tough ~
7 coincidence ~
3 bias ~
1 bruise ~
1 revenue ~
8 humble ~
!!! assign ~
5 wipe out ~
9 reckless ~
8 repair ~
!!! rescue ~
5 accumulate ~
9 orphan ~
7 mention ~
!!! contribute ~
9 wrath ~
4 cling ~
6 satisfy ~
!!! rehearsal ~
7 convey ~
8 approve ~
2023-06-20 02:52:13.1617 INFO 
said Converted words : 
 adversity ~
8 approve ~
7 convey ~
!!! rehearsal ~
9 wrath ~
!!! contribute ~
5 accumulate ~
8 repair ~
9 reckless ~
8 humble ~
1 bruise ~
6 tough ~
!!! backbone ~
3 exploit ~
!!! hence ~
9 vanish ~
9 incident ~
7 rectify ~
8 squirt ~
9 handcuff ~
8 acquire ~
2 informative ~
2 regard ~
9 accomplishment ~
8 tedious ~
5 thick ~
!!! punctual ~
8 diversion ~
9 figment ~
6 wrist ~
7 unstable ~
2 summon ~
3 cope ~
5 vault ~
8 tidy ~
7 disturbance ~
9 genuine ~
7 coincidence ~
3 bias ~
1 revenue ~
!!! assign ~
5 wipe out ~
!!! rescue ~
9 orphan ~
7 mention ~
4 cling ~
6 satisfy ~
