2023-03-15 01:25:49.6433 INFO 
1 versatile ~
4 wreck ~
!!! aptitude ~
!!! desperate ~
4 alligator ~
8 mourn ~
9 intricate ~
6 constraint ~
!!! elbow ~
!!! bush ~
7 estimate ~
!!! bury ~
!!! forfeit ~
6 candidate ~
!!! mug ~
8 landlord ~
7 eventually ~
8 erase ~
!!! bankrupting  ~
4 intrusive ~
1 counselor ~
1 hypocrisy ~
2 prevail ~
2 slice ~
7 clue ~
4 misfortune ~
9 ignorance ~
8 subtraction ~
!!! maintenance ~
8 draw up ~
7 punctual ~
!!! reckon ~
9 verbal ~
3 awkward ~
2 chase ~
3 slam ~
3 namely ~
5 unresponsive ~
!!! destructive ~
6 insure ~
!!! adorable ~
9 achievement ~
!!! reputation ~
4 lung ~
!!! manner ~
!!! quarterback ~
6 dull ~
4 chunk ~
2023-03-15 01:26:33.8530 INFO 
4 chunk ~
!!! quarterback ~
!!! desperate ~
!!! manner ~
!!! reputation ~
6 insure ~
8 mourn ~
!!! destructive ~
9 intricate ~
5 unresponsive ~
3 namely ~
!!! elbow ~
7 estimate ~
6 candidate ~
7 punctual ~
8 draw up ~
8 landlord ~
7 eventually ~
8 subtraction ~
8 erase ~
4 misfortune ~
4 intrusive ~
2 prevail ~
1 counselor ~
1 hypocrisy ~
2 slice ~
7 clue ~
9 ignorance ~
!!! bankrupting  ~
!!! maintenance ~
!!! mug ~
!!! forfeit ~
!!! bury ~
!!! reckon ~
9 verbal ~
!!! bush ~
3 awkward ~
2 chase ~
3 slam ~
6 constraint ~
4 alligator ~
!!! adorable ~
9 achievement ~
4 lung ~
!!! aptitude ~
6 dull ~
4 wreck ~
1 versatile ~
2023-03-15 01:27:06.3427 INFO 
4 wreck ~
!!! quarterback ~
!!! aptitude ~
!!! desperate ~
4 lung ~
!!! adorable ~
6 insure ~
6 constraint ~
5 unresponsive ~
3 namely ~
2 chase ~
!!! elbow ~
9 verbal ~
!!! reckon ~
!!! bury ~
8 draw up ~
8 landlord ~
8 erase ~
9 ignorance ~
7 clue ~
4 intrusive ~
2 slice ~
1 hypocrisy ~
1 counselor ~
2 prevail ~
4 misfortune ~
!!! bankrupting  ~
8 subtraction ~
7 eventually ~
!!! maintenance ~
!!! mug ~
7 punctual ~
6 candidate ~
!!! forfeit ~
7 estimate ~
!!! bush ~
3 awkward ~
3 slam ~
9 intricate ~
!!! destructive ~
8 mourn ~
4 alligator ~
9 achievement ~
!!! reputation ~
!!! manner ~
6 dull ~
4 chunk ~
1 versatile ~
2023-03-15 01:28:15.3141 TRACE 
!!! mug ~
2023-03-15 01:28:20.5737 TRACE 
!!! mug ~
2023-03-15 01:30:33.0779 TRACE 

2023-03-15 01:35:05.6917 INFO 
1 versatile ~
4 chunk ~
6 dull ~
!!! quarterback ~
!!! manner ~
4 lung ~
9 achievement ~
8 mourn ~
!!! destructive ~
9 intricate ~
5 unresponsive ~
3 awkward ~
9 verbal ~
!!! forfeit ~
6 candidate ~
7 punctual ~
!!! maintenance ~
7 eventually ~
9 ignorance ~
2 prevail ~
1 counselor ~
1 hypocrisy ~
2 slice ~
4 intrusive ~
7 clue ~
4 misfortune ~
!!! bankrupting  ~
8 erase ~
8 subtraction ~
8 landlord ~
8 draw up ~
!!! bury ~
7 estimate ~
!!! bush ~
2 chase ~
3 slam ~
3 namely ~
6 constraint ~
6 insure ~
4 alligator ~
!!! adorable ~
!!! desperate ~
!!! aptitude ~
4 wreck ~
