2023-03-03 02:06:38.3399 INFO 
1 ambiguity ~

1 towel ~

1 reckon ~

2 wipe  ~

2 hideout ~

2 herbal ~

3 scattered ~

7 innocent ~

!!! Indicate ~

!!! inspiration~

3 forfeit ~

4 no longer ~

7 Cursor ~

!!! ingredient ~

!!! revise ~

5 odorless  ~

9 downtown ~

6 destructive ~

8 emphasize ~

!!! strictly ~

8 reboot ~

3 cheek ~

9 confession ~

3 equation ~

!!! prickly  ~

1 aptitude ~

1 quarterback ~

1 elbow ~

3 bleed ~

!!! spiteful ~

4 demonstrate ~

9 pursue ~

7 reside ~

!!! contractor ~

7 accidentally ~

6 internal ~

2 swallow ~

!!! persuasion ~

6 external ~

!!! retrieve ~

!!! manure ~

8 stench ~

6 diffuse ~

5 stunt ~

!!! convention~

2 cemetery ~
