2023-03-13 02:35:46.9208 TRACE 

2023-03-13 02:35:49.5495 TRACE 
2 ~
2023-03-13 02:36:01.7939 TRACE 
3 ~
2023-03-13 02:36:05.0270 TRACE 
1 ~
2023-03-13 02:36:06.3047 TRACE 
1 ~
2023-03-13 02:36:12.7966 TRACE 
1 ~
2023-03-13 02:36:13.5386 TRACE 
1 ~
2023-03-13 02:36:13.7524 TRACE 
1 ~
2023-03-13 02:36:18.7810 TRACE 
3~
2023-03-13 02:36:24.8148 TRACE 
1 ~
2023-03-13 02:36:27.9425 TRACE 
1 ~
2023-03-13 02:36:55.4059 TRACE 
1 ~
2023-03-13 02:36:56.9526 TRACE 
1 ~
2023-03-13 02:37:02.0529 TRACE 
1 ~
2023-03-13 02:37:02.8481 TRACE 
1 ~
2023-03-13 02:37:03.0341 TRACE 
1 ~
2023-03-13 02:37:04.9246 TRACE 
1 sdada     ~
2023-03-13 03:25:57.6378 INFO 
2 intrusive ~

2 chunk ~

2 wreck ~

4 dull ~

!!! quarterback ~

5 clue ~

2 misfortune ~

7 ignorance ~

8 bankrupting  ~

6 erase ~

!!! aptitude ~

6 subtraction ~

5 eventually ~

!!! maintenance ~

6 landlord ~

9 desperate ~

8 manner ~

6 draw up ~

!!! mug ~

2 lung ~

9 reputation ~

5 punctual ~

4 candidate ~

!!! forfeit ~

7 achievement ~

!!! funeral ~

!!! cemetery ~

8 bury ~

9 adorable ~

!!! reckon ~

2 alligator ~

4 insured ~

5 estimate ~

6 mourn ~

!!! destructive ~

7 intricate ~

4 constraint ~

3 unresponsive ~

!!! wipe  ~

7 verbal ~

8 bush ~

9 elbow ~

1 namely ~

1 awkward ~

1 slam ~
2023-03-13 22:20:41.5537 TRACE 
5 dull ~
1  ~
6 clue ~
3 misfortune ~
8 ignorance ~
9 bankrupting  ~
7 erase ~
7 subtraction ~
7 landlord ~
7 draw up ~
1  ~
!!! reputation ~
5 candidate ~
9 bury ~
3 alligator ~
6 estimate ~
7 mourn ~
8 intricate ~
4 unresponsive ~
1  ~
!!! elbow ~
2 awkward ~
2 slam ~
2 namely ~
9 bush ~
8 verbal ~
5 constraint ~
1  ~
5 insured ~
1  ~
!!! adorable ~
1  ~
1  ~
8 achievement ~
1  ~
6 punctual ~
3 lung ~
9 manner ~
!!! desperate ~
1  ~
6 eventually ~
1  ~
3 wreck ~
3 chunk ~
3 intrusive ~
2023-03-13 22:22:51.5779 TRACE 
1  ~
6 clue ~
8 ignorance ~
6 eventually ~
7 landlord ~
7 draw up ~
1  ~
3 lung ~
!!! reputation ~
1  ~
9 bury ~
1  ~
3 alligator ~
6 estimate ~
1  ~
8 intricate ~
5 constraint ~
1  ~
8 verbal ~
!!! elbow ~
2 awkward ~
2 slam ~
2 namely ~
9 bush ~
4 unresponsive ~
7 mourn ~
5 insured ~
!!! adorable ~
1  ~
8 achievement ~
1  ~
5 candidate ~
6 punctual ~
9 manner ~
!!! desperate ~
1  ~
7 subtraction ~
1  ~
7 erase ~
9 bankrupting  ~
3 misfortune ~
5 dull ~
3 wreck ~
3 chunk ~
3 intrusive ~
2023-03-13 22:24:37.5446 TRACE 
5 dull ~
1  ~
3 misfortune ~
7 erase ~
1  ~
!!! desperate ~
8 achievement ~
!!! cemetery ~
!!! adorable ~
!!! reckon ~
3 alligator ~
5 insured ~
6 estimate ~
8 intricate ~
5 constraint ~
4 unresponsive ~
!!! wipe  ~
9 bush ~
2 namely ~
2 slam ~
2 awkward ~
!!! elbow ~
8 verbal ~
!!! destructive ~
7 mourn ~
9 bury ~
!!! funeral ~
!!! forfeit ~
5 candidate ~
6 punctual ~
!!! reputation ~
3 lung ~
!!! mug ~
7 draw up ~
9 manner ~
7 landlord ~
!!! maintenance ~
6 eventually ~
7 subtraction ~
9 bankrupting  ~
8 ignorance ~
6 clue ~
3 wreck ~
3 chunk ~
3 intrusive ~
2023-03-13 22:27:02.7601 TRACE 
3 chunk ~
5 dull ~
6 clue ~
9 bankrupting  ~
!!! desperate ~
9 manner ~
!!! mug ~
6 punctual ~
9 bury ~
7 mourn ~
8 intricate ~
5 constraint ~
9 bush ~
2 slam ~
2 awkward ~
2 namely ~
!!! elbow ~
8 verbal ~
4 unresponsive ~
!!! destructive ~
6 estimate ~
5 insured ~
3 alligator ~
!!! reckon ~
!!! adorable ~
!!! cemetery ~
8 achievement ~
!!! forfeit ~
5 candidate ~
!!! reputation ~
3 lung ~
7 draw up ~
7 landlord ~
!!! maintenance ~
6 eventually ~
7 subtraction ~
!!! aptitude ~
7 erase ~
8 ignorance ~
3 misfortune ~
!!! quarterback ~
3 wreck ~
3 intrusive ~
2023-03-13 22:29:53.7844 TRACE 
3 chunk ~
5 dull ~
6 clue ~
3 misfortune ~
8 ignorance ~
7 subtraction ~
6 eventually ~
!!! maintenance ~
9 manner ~
7 draw up ~
3 lung ~
!!! reputation ~
6 punctual ~
9 bury ~
!!! adorable ~
3 alligator ~
8 intricate ~
5 constraint ~
!!! wipe  ~
!!! elbow ~
2 namely ~
2 slam ~
2 awkward ~
9 bush ~
8 verbal ~
4 unresponsive ~
!!! destructive ~
7 mourn ~
6 estimate ~
5 insured ~
!!! cemetery ~
!!! funeral ~
8 achievement ~
5 candidate ~
!!! mug ~
!!! desperate ~
7 landlord ~
!!! aptitude ~
7 erase ~
9 bankrupting  ~
!!! quarterback ~
3 wreck ~
3 intrusive ~
2023-03-13 23:44:13.7514 TRACE 
!!! + ~
2023-03-13 23:44:22.8436 TRACE 
!!! asdads + ~
2023-03-13 23:44:24.1513 TRACE 
!!! asdads + ~
2023-03-13 23:45:09.4306 TRACE 
!!! asdads~
2023-03-13 23:45:16.9825 TRACE 
!!! ~
