2023-07-01 23:08:27.9194 INFO 
said Converted words : 
 8 satisfy ~
7 orphan ~
3 revenue ~
7 genuine ~
9 disturbance ~
7 vault ~
7 thick ~
4 regard ~
!!! repair ~
8 contribute ~
2 intruder ~
!!! approve ~
7 accumulate ~
3 bruise ~
5 exploit ~
9 rectify ~
!!! acquire ~
7 accomplishment ~
!!! tedious ~
9 unstable ~
9 coincidence ~
8 rescue ~
1 gullible ~
2 payday ~
7 wipe out ~
5 bias ~
5 cope ~
8 tough ~
9 convey ~
2 adversity ~
8 rehearsal ~
!!! humble ~
!!! squirt ~
4 informative ~
!!! diversion ~
8 wrist ~
4 summon ~
!!! tidy ~
9 mention ~
6 cling ~
1 controversial ~
2023-07-01 23:10:30.8740 INFO 
said Converted words : 
 6 cling ~
!!! tidy ~
!!! diversion ~
4 informative ~
8 rehearsal ~
2 adversity ~
5 bias ~
7 wipe out ~
2 payday ~
1 gullible ~
7 accomplishment ~
3 bruise ~
7 accumulate ~
!!! approve ~
!!! repair ~
4 regard ~
7 thick ~
7 vault ~
9 disturbance ~
3 revenue ~
8 satisfy ~
7 orphan ~
7 genuine ~
8 contribute ~
2 intruder ~
5 exploit ~
9 rectify ~
!!! acquire ~
!!! tedious ~
9 unstable ~
9 coincidence ~
8 rescue ~
puddle ~
5 cope ~
8 tough ~
9 convey ~
!!! humble ~
!!! squirt ~
8 wrist ~
4 summon ~
9 mention ~
1 controversial ~
