2023-07-07 00:06:15.8975 INFO 
said Converted words : 
 !!! in any case ~
2023-07-07 00:07:12.2844 INFO 
said Converted words : 
 2 ads~
2023-07-07 00:08:52.4229 INFO 
zeynep1 Converted words : 
 1 cinema ~
2023-07-07 00:15:15.5207 INFO 
said Converted words : 
 7 convey ~
8 approve ~
8 cling ~
2 fountain ~
9 vault ~
5 revenue ~
4 intruder ~
2 puddle ~
!!! tough ~
6 summon ~
!!! rescue ~
7 exploit ~
9 genuine ~
6 regard ~
9 accomplishment ~
!!! rehearsal ~
6 informative ~
7 bias ~
9 accumulate ~
!!! contribute ~
8 tedious ~
7 mention ~
2 sweep ~
1 recall ~
5 bruise ~
8 diversion ~
3 gullible ~
9 orphan ~
7 rectify ~
1 sidekick ~
2 twig ~
3 controversial ~
8 squirt ~
8 humble ~
7 cope ~
7 coincidence ~
8 acquire ~
!!! satisfy ~
4 adversity ~
9 wipe out ~
4 payday ~
9 thick ~
!!! wrist ~
2023-07-07 00:16:53.6444 INFO 
zeynep Converted words : 
 5 ring  ~
!!! replacing ~
!!! installation ~
2 party ~
2023-07-07 00:17:01.0005 INFO 
zeynep Converted words : 
 3 party ~
7 replacing ~
6 ring  ~
7 installation ~
2023-07-07 00:17:24.8800 INFO 
zeynep1 Converted words : 
 
2023-07-07 00:17:38.4516 INFO 
zeynep1 Converted words : 
 1 gill ~
