2023-05-17 01:22:31.6143 INFO 
said Converted words : 
 1 extinct ~
7 variety  ~
7 identical ~
6 beg ~
!!! conductive ~
9 brisk ~
5 compass ~
9 ruin ~
7 shabby ~
7 pop up ~
7 manufacturer ~
9 retreat ~
6 abuse ~
2 territory ~
2 fade away ~
9 as well as ~
8 thrill ~
!!! permanent ~
7 defect ~
7 forfeit ~
9 invert ~
3 reputable ~
3 resign ~
9 underlying ~
!!! intact ~
8 comma ~
7 devote ~
5 consult ~
1 disturbance ~
2 ambush ~
4 mourn~
9 aesthetic ~
4 advancement ~
!!! foolproof ~
5 repetitive ~
9 prone ~
7 curse ~
4 assign ~
3 vanish ~
8 immutable ~
4 revoke ~
!!! indicate ~
8 denote ~
6 beholder ~
9 violate ~
5 incident ~
8 sustainable ~
9 fluid ~
7 mischief ~
1 stink ~
2023-05-17 01:23:22.4766 INFO 
said Converted words : 
 7 variety  ~
6 beg ~
8 sustainable ~
5 compass ~
9 violate ~
7 shabby ~
!!! indicate ~
4 revoke ~
6 abuse ~
8 immutable ~
2 territory ~
3 vanish ~
4 assign ~
9 as well as ~
8 thrill ~
7 curse ~
!!! permanent ~
9 prone ~
3 resign ~
9 underlying ~
!!! intact ~
9 aesthetic ~
4 mourn~
1 disturbance ~
2 ambush ~
5 consult ~
7 devote ~
8 comma ~
4 advancement ~
3 reputable ~
9 invert ~
7 forfeit ~
!!! foolproof ~
5 repetitive ~
2 fade away ~
9 retreat ~
8 denote ~
7 pop up ~
6 beholder ~
9 ruin ~
5 incident ~
9 brisk ~
!!! conductive ~
9 fluid ~
1 stink ~
1 extinct ~
