2023-02-15 01:02:14.4443 INFO 
1 confession -

1 snowflake -

7 butter -

!!! resilient -

5 imitate -

3 insensitive -

!!! obey -

1 reluctance -

4 butcher -

!!! supply -

1 betrayer -

6 Indicate -

7 oppose -

6 spy -

4 fable -

1 scrape -

!!! approach -

8 retrieve -

7 excessive -

3 leap -

2 consequent -

1 intense -

1 weasel -

1 reside -

1 isolate -

!!! conclude -

5 precious -

!!! interference -

6 insoluble -

1 famine -

3 convention-

!!! chimney -

9 moot  -

!!! agriculture -

7 squish -

6 mandatory-

8 remedy -

!!! confidential -

6 initially -

!!! rummage  -

7 wicked -

!!! imperative  -

5 revise -

!!! wrinkle -

1 enhance -
