2023-02-14 02:27:46.7323 
!!! Greedy -

!!! resilient -

7 wicked -

!!! rummage  -

5 imitate -

3 insensitive -

!!! facilitate -

!!! preserve -

!!! supply -

2 betrayer -

8 remedy -

!!! suppose -

7 squish -

7 oppose -

9 moot  -

!!! chimney -

!!! quantity -

6 spy -

4 fable -

2 famine -

2 scrape -

6 insoluble -

8 retrieve -

!!! conclude -

7 excessive -

3 leap -

2 consequent -

2 intense -

2 reside -

2 isolate -

!!! rigorous  -

5 precious -

!!! interference -

!!! approach -

3 convention-

!!! agriculture -

6 mandatory-

6 Indicate -

!!! confidential -

6 initially -

4 butcher -

2 reluctance -

!!! obey -

!!! imperative  -

7 butter -

5 revise -

!!! wrinkle -
2023-02-15 01:02:14.4443 
1 confession -

1 snowflake -

7 butter -

!!! resilient -

5 imitate -

3 insensitive -

!!! obey -

1 reluctance -

4 butcher -

!!! supply -

1 betrayer -

6 Indicate -

7 oppose -

6 spy -

4 fable -

1 scrape -

!!! approach -

8 retrieve -

7 excessive -

3 leap -

2 consequent -

1 intense -

1 weasel -

1 reside -

1 isolate -

!!! conclude -

5 precious -

!!! interference -

6 insoluble -

1 famine -

3 convention-

!!! chimney -

9 moot  -

!!! agriculture -

7 squish -

6 mandatory-

8 remedy -

!!! confidential -

6 initially -

!!! rummage  -

7 wicked -

!!! imperative  -

5 revise -

!!! wrinkle -

1 enhance -
2023-02-16 01:56:07.6206 
1 adjust  -

1 ingredient -

1 invincible -

1 enhance -

8 wicked -

!!! agriculture -

!!! moot  -

2 famine -

7 insoluble -

!!! interference -

6 precious -

1 weasel -

8 excessive -

5 fable -

8 oppose -

5 butcher -

6 imitate -

8 butter -

1 confession -

1 component -

2 snowflake -

!!! resilient -

4 insensitive -

2 reluctance -

1 betrayer -

7 Indicate -

7 spy -

1 scrape -

!!! approach -

9 retrieve -

4 leap -

3 consequent -

1 intense -

1 reside -

2 isolate -

!!! conclude -

4 convention-

8 squish -

7 mandatory-

9 remedy -

7 confidential -

7 initially -

!!! imperative  -

6 revise -

1 intention  -

1 persuasion -
2023-02-16 15:42:23.7113 
1 adjust  -

1 invincible -

8 wicked -

!!! agriculture -

!!! moot  -

2 famine -

!!! interference -

8 oppose -

6 imitate -

1 component -

!!! resilient -

2 reluctance -

7 Indicate -

1 scrape -

4 leap -

3 consequent -

1 intense -

1 reside -

4 convention-

8 squish -

7 mandatory-

!!! imperative  -

1 persuasion -

1 intention  -

6 revise -

7 initially -

7 confidential -

9 remedy -

!!! conclude -

2 isolate -

9 retrieve -

!!! approach -

7 spy -

1 betrayer -

4 insensitive -

2 snowflake -

1 confession -

8 butter -

5 butcher -

5 fable -

8 excessive -

1 weasel -

6 precious -

7 insoluble -

1 enhance -

1 ingredient -
2023-02-16 15:48:30.2133 
 businesslike -
1 adjust  -
!!! agriculture -
2 famine -
6 imitate -
1 component -
2 reluctance -
3 consequent -
1 intense -
1 persuasion -
1 intention  -
6 revise -
9 remedy -
!!! conclude -
2 isolate -
9 retrieve -
7 spy -
1 betrayer -
4 insensitive -
2 snowflake -
8 butter -
5 butcher -
5 fable -
8 excessive -
1 ingredient -
1 enhance -
7 insoluble -
6 precious -
1 weasel -
1 confession -
!!! approach -
7 confidential -
7 initially -
!!! imperative  -
7 mandatory-
8 squish -
4 convention-
1 reside -
4 leap -
1 scrape -
7 Indicate -
!!! resilient -
8 oppose -
!!! interference -
!!! moot  -
8 wicked -
1 invincible -
2023-02-17 01:02:50.4289 
1 impact  -

7 imitate -

8 insoluble -

9 squish -

5 convention-

!!! interference -

2 invincible -

!!! resilient -

9 excessive -

!!! retrieve -

2 intention  -

1 prickly  -

7 revise -

1 betrayer -

7 precious -

!!! approach -

8 Indicate -

1 reside -

!!! imperative  -

8 confidential -

6 butcher -

9 butter -

8 spy -

!!! remedy -

1 businesslike -

2 adjust  -

1 enhance -

8 initially -

9 oppose -

8 mandatory-

1 weasel -

2 ingredient -

2 persuasion -

4 consequent -

3 reluctance -

3 famine -

1 aspiring -

3 snowflake -

1 confession -

9 wicked -

2 scrape -

5 leap -

6 fable -

5 insensitive -

3 isolate -

2 intense -

2 component -

1 heroism -
2023-02-17 01:06:18.1762 
8 insoluble -

!!! resilient -

9 excessive -

2 intention  -

1 betrayer -

!!! approach -

1 reside -

9 butter -

1 businesslike -

1 enhance -

8 initially -

5 oppose -

2 persuasion -

3 reluctance -

3 famine -

1 aspiring -

5 leap -

3 isolate -

2 component -

1 heroism -

2 intense -

5 insensitive -

6 fable -

2 scrape -

9 wicked -

1 confession -

3 snowflake -

4 consequent -

2 ingredient -

1 weasel -

8 mandatory-

2 adjust  -

!!! remedy -

8 spy -

6 butcher -

8 confidential -

!!! imperative  -

8 Indicate -

7 precious -

7 revise -

1 prickly  -

!!! retrieve -

2 invincible -

!!! interference -

5 convention-

9 squish -

7 imitate -

1 impact  -
2023-02-17 01:09:46.9706 
8 insoluble -

9 excessive -

2 intention  -

1 betrayer -

9 butter -

1 businesslike -

1 enhance -

8 initially -

2 persuasion -

3 famine -

1 aspiring -

3 isolate -

2 component -

1 confession -

1 weasel -

8 mandatory-

8 spy -

8 confidential -

!!! imperative  -

7 revise -

1 prickly  -

!!! retrieve -

2 invincible -

!!! interference -

5 convention-

7 imitate -

1 impact  -

9 squish -

7 precious -

8 Indicate -

6 butcher -

!!! remedy -

2 adjust  -

2 ingredient -

4 consequent -

3 snowflake -

9 wicked -

2 scrape -

6 fable -

5 insensitive -

2 intense -

1 heroism -

5 leap -

3 reluctance -

5 oppose -

1 reside -

!!! approach -

!!! resilient -
2023-02-17 01:11:45.0937 
2 intention  -

1 businesslike -

1 enhance -

3 isolate -

1 confession -

8 mandatory-

8 confidential -

!!! imperative  -

!!! interference -

5 convention-

7 imitate -

9 squish -

7 precious -

8 Indicate -

2 adjust  -

2 ingredient -

9 wicked -

2 scrape -

5 insensitive -

3 reluctance -

5 oppose -

!!! approach -

!!! resilient -

1 reside -

5 leap -

1 heroism -

2 intense -

6 fable -

3 snowflake -

4 consequent -

!!! remedy -

6 butcher -

1 impact  -

2 invincible -

!!! retrieve -

1 prickly  -

7 revise -

8 spy -

1 weasel -

2 component -

1 aspiring -

3 famine -

2 persuasion -

8 initially -

9 butter -

1 betrayer -

9 excessive -

8 insoluble -
2023-02-17 01:16:43.4268 
1 businesslike -

3 isolate -

1 confession -

8 mandatory-

!!! interference -

8 Indicate -

2 adjust  -

2 scrape -

5 insensitive -

5 oppose -

!!! approach -

1 reside -

6 butcher -

1 weasel -

1 aspiring -

3 famine -

8 initially -

9 butter -

9 excessive -

8 insoluble -

1 betrayer -

2 persuasion -

2 component -

8 spy -

7 revise -

1 prickly  -

!!! retrieve -

2 invincible -

1 impact  -

!!! remedy -

4 consequent -

3 snowflake -

6 fable -

2 intense -

1 heroism -

5 leap -

!!! resilient -

3 reluctance -

9 wicked -

2 ingredient -

7 precious -

9 squish -

7 imitate -

5 convention-

!!! imperative  -

8 confidential -

1 enhance -

2 intention  -
2023-02-17 01:33:11.4851 
3 isolate -

!!! interference -

8 Indicate -

5 insensitive -

5 oppose -

!!! approach -

9 butter -

9 excessive -

1 betrayer -

2 persuasion -

2 component -

7 revise -

1 prickly  -

!!! remedy -

6 fable -

5 leap -

!!! resilient -

2 ingredient -

5 convention-

8 confidential -

1 enhance -

2 intention  -

!!! imperative  -

7 imitate -

9 squish -

7 precious -

9 wicked -

3 reluctance -

1 heroism -

2 intense -

3 snowflake -

4 consequent -

1 impact  -

2 invincible -

!!! retrieve -

8 spy -

8 insoluble -

8 initially -

3 famine -

1 aspiring -

1 weasel -

6 butcher -

1 reside -

2 scrape -

2 adjust  -

8 mandatory-

1 confession -

1 businesslike -
2023-02-17 01:33:20.9780 
1 confession -

8 mandatory-

!!! interference -

8 Indicate -

8 initially -

2 component -

8 spy -

2 invincible -

1 impact  -

!!! remedy -

4 consequent -

6 fable -

1 heroism -

5 leap -

3 reluctance -

9 wicked -

2 ingredient -

5 convention-

!!! imperative  -

1 enhance -

2 intention  -

8 confidential -

7 imitate -

9 squish -

7 precious -

!!! resilient -

2 intense -

3 snowflake -

!!! retrieve -

1 prickly  -

7 revise -

2 persuasion -

1 betrayer -

8 insoluble -

9 excessive -

9 butter -

3 famine -

1 aspiring -

1 weasel -

6 butcher -

1 reside -

!!! approach -

5 oppose -

5 insensitive -

2 scrape -

2 adjust  -

2 isolate -

1 businesslike -
2023-02-17 01:35:10.5175 
1 confession -

!!! interference -

2 component -

8 spy -

2 invincible -

1 heroism -

2 ingredient -

!!! imperative  -

9 squish -

2 intense -

!!! retrieve -

1 prickly  -

7 revise -

8 insoluble -

3 famine -

1 weasel -

1 reside -

5 insensitive -

2 scrape -

2 adjust  -

1 businesslike -

2 isolate -

5 oppose -

!!! approach -

6 butcher -

1 aspiring -

9 butter -

9 excessive -

1 betrayer -

2 persuasion -

3 snowflake -

!!! resilient -

7 precious -

7 imitate -

8 confidential -

2 intention  -

1 enhance -

5 convention-

9 wicked -

3 reluctance -

5 leap -

6 fable -

4 consequent -

!!! remedy -

1 impact  -

8 initially -

8 Indicate -

8 mandatory-
2023-02-17 01:36:26.2301 
1 confession -
!!! interference -
2 component -
8 spy -
2 invincible -
2 ingredient -
2 intense -
!!! retrieve -
1 prickly  -
7 revise -
3 famine -
2 adjust  -
1 businesslike -
2 isolate -
5 oppose -
9 butter -
2 persuasion -
3 snowflake -
!!! resilient -
7 precious -
7 imitate -
8 confidential -
9 wicked -
3 reluctance -
!!! remedy -
8 mandatory-
8 Indicate -
8 initially -
1 impact  -
4 consequent -
6 fable -
5 leap -
5 convention-
1 enhance -
2 intention  -
1 betrayer -
9 excessive -
1 aspiring -
6 butcher -
!!! approach -
2 scrape -
5 insensitive -
1 reside -
1 weasel -
8 insoluble -
9 squish -
!!! imperative  -
1 heroism -
2023-02-17 01:42:06.9715 
!!! interference -

2 component -

2 invincible -

2 intense -

!!! retrieve -

1 prickly  -

7 revise -

3 famine -

1 businesslike -

2 isolate -

5 oppose -

3 snowflake -

!!! resilient -

8 confidential -

!!! remedy -

8 initially -

5 convention-

1 enhance -

1 betrayer -

2 scrape -

1 reside -

8 insoluble -

9 squish -

1 heroism -

!!! imperative  -

1 weasel -

5 insensitive -

!!! approach -

6 butcher -

1 aspiring -

9 excessive -

2 intention  -

5 leap -

6 fable -

4 consequent -

1 impact  -

8 Indicate -

8 mandatory-

3 reluctance -

9 wicked -

7 imitate -

7 precious -

2 persuasion -

9 butter -

2 adjust  -

2 ingredient -

8 spy -

1 confession -
2023-02-17 01:46:56.7000 
7 revise -

3 famine -

1 businesslike -

2 isolate -

!!! resilient -

8 confidential -

8 initially -

1 enhance -

8 insoluble -

!!! imperative  -

5 insensitive -

4 consequent -

1 impact  -

8 mandatory-

7 imitate -

2 persuasion -

9 butter -

2 adjust  -

1 confession -

8 spy -

2 ingredient -

7 precious -

9 wicked -

3 reluctance -

8 Indicate -

6 fable -

5 leap -

2 intention  -

9 excessive -

1 aspiring -

6 butcher -

!!! approach -

1 weasel -

1 heroism -

9 squish -

1 reside -

2 scrape -

1 betrayer -

5 convention-

!!! remedy -

3 snowflake -

5 oppose -

1 prickly  -

!!! retrieve -

2 intense -

2 invincible -

2 component -

!!! interference -
2023-02-17 01:55:15.9402 
3 famine -

1 businesslike -

!!! resilient -

8 insoluble -

4 consequent -

8 mandatory-

9 butter -

2 adjust  -

1 confession -

2 ingredient -

7 precious -

8 Indicate -

5 leap -

1 aspiring -

6 butcher -

!!! approach -

1 reside -

1 betrayer -

5 convention-

5 oppose -

1 prickly  -

!!! retrieve -

2 invincible -

2 component -

!!! interference -

2 intense -

3 snowflake -

!!! remedy -

2 scrape -

9 squish -

1 heroism -

1 weasel -

9 excessive -

2 intention  -

6 fable -

3 reluctance -

9 wicked -

8 spy -

2 persuasion -

7 imitate -

1 impact  -

5 insensitive -

!!! imperative  -

1 enhance -

8 initially -

8 confidential -

2 isolate -

7 revise -
2023-02-17 01:55:19.8347 
8 insoluble -

9 butter -

2 adjust  -

5 leap -

1 aspiring -

6 butcher -

1 reside -

1 betrayer -

5 oppose -

1 prickly  -

3 snowflake -

!!! remedy -

9 squish -

1 weasel -

6 fable -

3 reluctance -

9 wicked -

2 persuasion -

1 impact  -

5 insensitive -

!!! imperative  -

8 confidential -

7 revise -

2 isolate -

8 initially -

1 enhance -

7 imitate -

8 spy -

2 intention  -

9 excessive -

1 heroism -

2 scrape -

2 intense -

!!! interference -

2 component -

2 invincible -

!!! retrieve -

5 convention-

!!! approach -

8 Indicate -

7 precious -

2 ingredient -

1 confession -

8 mandatory-

4 consequent -

!!! resilient -

1 businesslike -

3 famine -
2023-02-17 01:55:28.4630 
8 insoluble -

9 butter -

2 adjust  -

6 butcher -

5 oppose -

3 snowflake -

9 squish -

6 fable -

3 reluctance -

9 wicked -

2 persuasion -

1 impact  -

5 insensitive -

7 revise -

8 initially -

1 enhance -

8 spy -

2 intention  -

2 scrape -

2 intense -

2 invincible -

!!! retrieve -

5 convention-

!!! approach -

8 Indicate -

8 mandatory-

3 famine -

1 businesslike -

!!! resilient -

4 consequent -

1 confession -

2 ingredient -

7 precious -

2 component -

!!! interference -

1 heroism -

9 excessive -

7 imitate -

2 isolate -

8 confidential -

!!! imperative  -

1 weasel -

!!! remedy -

1 prickly  -

1 betrayer -

1 reside -

1 aspiring -

5 leap -
2023-02-17 01:58:26.8787 
6 butcher -

3 snowflake -

6 fable -

3 reluctance -

1 impact  -

5 insensitive -

7 revise -

8 initially -

1 enhance -

2 intention  -

!!! approach -

8 Indicate -

7 precious -

1 heroism -

7 imitate -

2 isolate -

8 confidential -

!!! imperative  -

!!! remedy -

1 prickly  -

1 betrayer -

1 aspiring -

5 leap -

1 reside -

1 weasel -

9 excessive -

!!! interference -

2 component -

2 ingredient -

1 confession -

4 consequent -

!!! resilient -

1 businesslike -

3 famine -

8 mandatory-

5 convention-

!!! retrieve -

2 invincible -

2 intense -

2 scrape -

8 spy -

2 persuasion -

9 wicked -

9 squish -

5 oppose -

2 adjust  -

9 butter -

8 insoluble -
2023-02-18 02:15:51.8596 
1 tie up -

1 swamp -

2 heroism -

2 impact  -

8 imitate -

3 intense -

7 fable -

!!! squish -

6 convention-

3 scrape -

2 confession -

4 snowflake -

2 prickly  -

2 aspiring -

4 reluctance -

8 revise -

2 betrayer -

!!! approach -

9 mandatory-

!!! oppose -

9 Indicate -

!!! imperative  -

9 initially -

1 enhance -

7 butcher -

!!! butter -

9 spy -

4 businesslike -

3 adjust  -

!!! remedy -

9 confidential -

2 reside -

1 weasel -

8 precious -

3 ingredient -

3 persuasion -

5 consequent -

4 famine -

3 intention  -

!!! retrieve -

!!! excessive -

3 invincible -

!!! wicked -

6 leap -

9 insoluble -

6 insensitive -

4 isolate -

3 component -

1 chores -
2023-02-19 02:34:48.0868 
1 spiteful -

1 pretend -

1 strictly -

4 scrape -

3 confession -

3 prickly  -

3 aspiring -

5 reluctance -

5 revise -

3 betrayer -

!!! initially -

1 enhance -

4 adjust  -

3 reside -

5 famine -

4 intention  -

!!! retrieve -

!!! insoluble -

5 isolate -

2 chores -

4 component -

7 insensitive -

7 leap -

4 invincible -

!!! excessive -

6 consequent -

4 persuasion -

4 ingredient -

9 precious -

2 weasel -

!!! confidential -

!!! remedy -

5 businesslike -

!!! spy -

8 butcher -

!!! imperative  -

8 Indicate -

!!! mandatory-

5 snowflake -

7 convention-

!!! squish -

8 fable -

4 intense -

9 imitate -

3 impact  -

3 heroism -

2 swamp -

2 tie up -
2023-02-20 02:07:44.1024 
2 spiteful -

2 pretend -

2 strictly -

4 confession -

4 prickly  -

4 aspiring -

4 betrayer -

!!! initially -

5 adjust  -

4 reside -

3 chores -

5 component -

8 insensitive -

8 leap -

5 invincible -

!!! excessive -

5 persuasion -

!!! precious -

!!! spy -

!!! imperative  -

6 snowflake -

9 fable -

5 intense -

!!! imitate -

4 heroism -

3 swamp -

3 tie up -

4 impact  -

8 convention-

9 Indicate -

9 butcher -

6 businesslike -

!!! remedy -

!!! confidential -

3 weasel -

5 ingredient -

7 consequent -

6 isolate -

!!! retrieve -

5 intention  -

6 famine -

2 enhance -

6 revise -

6 reluctance -

5 scrape -

1 inspiration-

1 farewell -

1 pass out -
